[     318ms] [LOG] [Fast Refresh] rebuilding @ http://localhost:3001/_next/static/chunks/node_modules_next_dist_115brz8._.js:2431
[    1100ms] [LOG] [Fast Refresh] done in 870ms @ http://localhost:3001/_next/static/chunks/node_modules_next_dist_115brz8._.js:2431
[    2426ms] [INFO] %cDownload the React DevTools for a better development experience: https://react.dev/link/react-devtools font-weight:bold @ http://localhost:3001/_next/static/chunks/node_modules_next_dist_115brz8._.js:2431
[    2428ms] [INFO] Evaluating a string as JavaScript violates the following Content Security Policy directive because 'unsafe-eval' is not an allowed source of script: "script-src 'self' 'unsafe-inline' https://js.tosspayments.com https://payments.toss.im".
 The policy is report-only, so the violation has been logged but no further action has been taken. @ http://localhost:3001/_next/static/chunks/node_modules_next_dist_compiled_react-server-dom-turbopack_0p3wegg._.js:19
[    2514ms] [LOG] [HMR] connected @ http://localhost:3001/_next/static/chunks/node_modules_next_dist_115brz8._.js:2431
[    2598ms] [INFO] Evaluating a string as JavaScript violates the following Content Security Policy directive because 'unsafe-eval' is not an allowed source of script: "script-src 'self' 'unsafe-inline' https://js.tosspayments.com https://payments.toss.im".
 The policy is report-only, so the violation has been logged but no further action has been taken. @ http://localhost:3001/_next/static/chunks/node_modules_next_dist_compiled_react-server-dom-turbopack_0p3wegg._.js:1603
[    2611ms] [INFO] Evaluating a string as JavaScript violates the following Content Security Policy directive because 'unsafe-eval' is not an allowed source of script: "script-src 'self' 'unsafe-inline' https://js.tosspayments.com https://payments.toss.im".
 The policy is report-only, so the violation has been logged but no further action has been taken. @ http://localhost:3001/_next/static/chunks/node_modules_next_dist_compiled_react-server-dom-turbopack_0p3wegg._.js:1936
[    2644ms] [INFO] Evaluating a string as JavaScript violates the following Content Security Policy directive because 'unsafe-eval' is not an allowed source of script: "script-src 'self' 'unsafe-inline' https://js.tosspayments.com https://payments.toss.im".
 The policy is report-only, so the violation has been logged but no further action has been taken. @ http://localhost:3001/_next/static/chunks/node_modules_next_dist_compiled_react-server-dom-turbopack_0p3wegg._.js:1603
[    2645ms] [INFO] Evaluating a string as JavaScript violates the following Content Security Policy directive because 'unsafe-eval' is not an allowed source of script: "script-src 'self' 'unsafe-inline' https://js.tosspayments.com https://payments.toss.im".
 The policy is report-only, so the violation has been logged but no further action has been taken. @ http://localhost:3001/_next/static/chunks/node_modules_next_dist_compiled_react-server-dom-turbopack_0p3wegg._.js:1936
[    2645ms] [INFO] Evaluating a string as JavaScript violates the following Content Security Policy directive because 'unsafe-eval' is not an allowed source of script: "script-src 'self' 'unsafe-inline' https://js.tosspayments.com https://payments.toss.im".
 The policy is report-only, so the violation has been logged but no further action has been taken. @ http://localhost:3001/_next/static/chunks/node_modules_next_dist_compiled_react-server-dom-turbopack_0p3wegg._.js:1936
[    2661ms] [INFO] Evaluating a string as JavaScript violates the following Content Security Policy directive because 'unsafe-eval' is not an allowed source of script: "script-src 'self' 'unsafe-inline' https://js.tosspayments.com https://payments.toss.im".
 The policy is report-only, so the violation has been logged but no further action has been taken. @ http://localhost:3001/_next/static/chunks/node_modules_next_dist_compiled_react-server-dom-turbopack_0p3wegg._.js:1936
[    2661ms] [INFO] Evaluating a string as JavaScript violates the following Content Security Policy directive because 'unsafe-eval' is not an allowed source of script: "script-src 'self' 'unsafe-inline' https://js.tosspayments.com https://payments.toss.im".
 The policy is report-only, so the violation has been logged but no further action has been taken. @ http://localhost:3001/_next/static/chunks/node_modules_next_dist_compiled_react-server-dom-turbopack_0p3wegg._.js:1936
[    2661ms] [INFO] Evaluating a string as JavaScript violates the following Content Security Policy directive because 'unsafe-eval' is not an allowed source of script: "script-src 'self' 'unsafe-inline' https://js.tosspayments.com https://payments.toss.im".
 The policy is report-only, so the violation has been logged but no further action has been taken. @ http://localhost:3001/_next/static/chunks/node_modules_next_dist_compiled_react-server-dom-turbopack_0p3wegg._.js:1936
[    2662ms] [INFO] Evaluating a string as JavaScript violates the following Content Security Policy directive because 'unsafe-eval' is not an allowed source of script: "script-src 'self' 'unsafe-inline' https://js.tosspayments.com https://payments.toss.im".
 The policy is report-only, so the violation has been logged but no further action has been taken. @ http://localhost:3001/_next/static/chunks/node_modules_next_dist_compiled_react-server-dom-turbopack_0p3wegg._.js:1936
[    2662ms] [INFO] Evaluating a string as JavaScript violates the following Content Security Policy directive because 'unsafe-eval' is not an allowed source of script: "script-src 'self' 'unsafe-inline' https://js.tosspayments.com https://payments.toss.im".
 The policy is report-only, so the violation has been logged but no further action has been taken. @ http://localhost:3001/_next/static/chunks/node_modules_next_dist_compiled_react-server-dom-turbopack_0p3wegg._.js:1936
[    2662ms] [INFO] Evaluating a string as JavaScript violates the following Content Security Policy directive because 'unsafe-eval' is not an allowed source of script: "script-src 'self' 'unsafe-inline' https://js.tosspayments.com https://payments.toss.im".
 The policy is report-only, so the violation has been logged but no further action has been taken. @ http://localhost:3001/_next/static/chunks/node_modules_next_dist_compiled_react-server-dom-turbopack_0p3wegg._.js:1936
[    2662ms] [INFO] Evaluating a string as JavaScript violates the following Content Security Policy directive because 'unsafe-eval' is not an allowed source of script: "script-src 'self' 'unsafe-inline' https://js.tosspayments.com https://payments.toss.im".
 The policy is report-only, so the violation has been logged but no further action has been taken. @ http://localhost:3001/_next/static/chunks/node_modules_next_dist_compiled_react-server-dom-turbopack_0p3wegg._.js:1936
[    2663ms] [INFO] Evaluating a string as JavaScript violates the following Content Security Policy directive because 'unsafe-eval' is not an allowed source of script: "script-src 'self' 'unsafe-inline' https://js.tosspayments.com https://payments.toss.im".
 The policy is report-only, so the violation has been logged but no further action has been taken. @ http://localhost:3001/_next/static/chunks/node_modules_next_dist_compiled_react-server-dom-turbopack_0p3wegg._.js:1936
[    2663ms] [INFO] Evaluating a string as JavaScript violates the following Content Security Policy directive because 'unsafe-eval' is not an allowed source of script: "script-src 'self' 'unsafe-inline' https://js.tosspayments.com https://payments.toss.im".
 The policy is report-only, so the violation has been logged but no further action has been taken. @ http://localhost:3001/_next/static/chunks/node_modules_next_dist_compiled_react-server-dom-turbopack_0p3wegg._.js:1936
[    2663ms] [INFO] Evaluating a string as JavaScript violates the following Content Security Policy directive because 'unsafe-eval' is not an allowed source of script: "script-src 'self' 'unsafe-inline' https://js.tosspayments.com https://payments.toss.im".
 The policy is report-only, so the violation has been logged but no further action has been taken. @ http://localhost:3001/_next/static/chunks/node_modules_next_dist_compiled_react-server-dom-turbopack_0p3wegg._.js:1936
[    2663ms] [INFO] Evaluating a string as JavaScript violates the following Content Security Policy directive because 'unsafe-eval' is not an allowed source of script: "script-src 'self' 'unsafe-inline' https://js.tosspayments.com https://payments.toss.im".
 The policy is report-only, so the violation has been logged but no further action has been taken. @ http://localhost:3001/_next/static/chunks/node_modules_next_dist_compiled_react-server-dom-turbopack_0p3wegg._.js:1936
[    2663ms] [INFO] Evaluating a string as JavaScript violates the following Content Security Policy directive because 'unsafe-eval' is not an allowed source of script: "script-src 'self' 'unsafe-inline' https://js.tosspayments.com https://payments.toss.im".
 The policy is report-only, so the violation has been logged but no further action has been taken. @ http://localhost:3001/_next/static/chunks/node_modules_next_dist_compiled_react-server-dom-turbopack_0p3wegg._.js:1936
[    2663ms] [INFO] Evaluating a string as JavaScript violates the following Content Security Policy directive because 'unsafe-eval' is not an allowed source of script: "script-src 'self' 'unsafe-inline' https://js.tosspayments.com https://payments.toss.im".
 The policy is report-only, so the violation has been logged but no further action has been taken. @ http://localhost:3001/_next/static/chunks/node_modules_next_dist_compiled_react-server-dom-turbopack_0p3wegg._.js:1936
[    2664ms] [INFO] Evaluating a string as JavaScript violates the following Content Security Policy directive because 'unsafe-eval' is not an allowed source of script: "script-src 'self' 'unsafe-inline' https://js.tosspayments.com https://payments.toss.im".
 The policy is report-only, so the violation has been logged but no further action has been taken. @ http://localhost:3001/_next/static/chunks/node_modules_next_dist_compiled_react-server-dom-turbopack_0p3wegg._.js:1936
[    2664ms] [INFO] Evaluating a string as JavaScript violates the following Content Security Policy directive because 'unsafe-eval' is not an allowed source of script: "script-src 'self' 'unsafe-inline' https://js.tosspayments.com https://payments.toss.im".
 The policy is report-only, so the violation has been logged but no further action has been taken. @ http://localhost:3001/_next/static/chunks/node_modules_next_dist_compiled_react-server-dom-turbopack_0p3wegg._.js:1936
[    2664ms] [INFO] Evaluating a string as JavaScript violates the following Content Security Policy directive because 'unsafe-eval' is not an allowed source of script: "script-src 'self' 'unsafe-inline' https://js.tosspayments.com https://payments.toss.im".
 The policy is report-only, so the violation has been logged but no further action has been taken. @ http://localhost:3001/_next/static/chunks/node_modules_next_dist_compiled_react-server-dom-turbopack_0p3wegg._.js:1936
[    2664ms] [INFO] Evaluating a string as JavaScript violates the following Content Security Policy directive because 'unsafe-eval' is not an allowed source of script: "script-src 'self' 'unsafe-inline' https://js.tosspayments.com https://payments.toss.im".
 The policy is report-only, so the violation has been logged but no further action has been taken. @ http://localhost:3001/_next/static/chunks/node_modules_next_dist_compiled_react-server-dom-turbopack_0p3wegg._.js:1936
[    2664ms] [INFO] Evaluating a string as JavaScript violates the following Content Security Policy directive because 'unsafe-eval' is not an allowed source of script: "script-src 'self' 'unsafe-inline' https://js.tosspayments.com https://payments.toss.im".
 The policy is report-only, so the violation has been logged but no further action has been taken. @ http://localhost:3001/_next/static/chunks/node_modules_next_dist_compiled_react-server-dom-turbopack_0p3wegg._.js:1936
[    2664ms] [INFO] Evaluating a string as JavaScript violates the following Content Security Policy directive because 'unsafe-eval' is not an allowed source of script: "script-src 'self' 'unsafe-inline' https://js.tosspayments.com https://payments.toss.im".
 The policy is report-only, so the violation has been logged but no further action has been taken. @ http://localhost:3001/_next/static/chunks/node_modules_next_dist_compiled_react-server-dom-turbopack_0p3wegg._.js:1936
[    2664ms] [INFO] Evaluating a string as JavaScript violates the following Content Security Policy directive because 'unsafe-eval' is not an allowed source of script: "script-src 'self' 'unsafe-inline' https://js.tosspayments.com https://payments.toss.im".
 The policy is report-only, so the violation has been logged but no further action has been taken. @ http://localhost:3001/_next/static/chunks/node_modules_next_dist_compiled_react-server-dom-turbopack_0p3wegg._.js:1936
[    2665ms] [INFO] Evaluating a string as JavaScript violates the following Content Security Policy directive because 'unsafe-eval' is not an allowed source of script: "script-src 'self' 'unsafe-inline' https://js.tosspayments.com https://payments.toss.im".
 The policy is report-only, so the violation has been logged but no further action has been taken. @ http://localhost:3001/_next/static/chunks/node_modules_next_dist_compiled_react-server-dom-turbopack_0p3wegg._.js:1936
[    2665ms] [INFO] Evaluating a string as JavaScript violates the following Content Security Policy directive because 'unsafe-eval' is not an allowed source of script: "script-src 'self' 'unsafe-inline' https://js.tosspayments.com https://payments.toss.im".
 The policy is report-only, so the violation has been logged but no further action has been taken. @ http://localhost:3001/_next/static/chunks/node_modules_next_dist_compiled_react-server-dom-turbopack_0p3wegg._.js:1936
[    2665ms] [INFO] Evaluating a string as JavaScript violates the following Content Security Policy directive because 'unsafe-eval' is not an allowed source of script: "script-src 'self' 'unsafe-inline' https://js.tosspayments.com https://payments.toss.im".
 The policy is report-only, so the violation has been logged but no further action has been taken. @ http://localhost:3001/_next/static/chunks/node_modules_next_dist_compiled_react-server-dom-turbopack_0p3wegg._.js:1936
[    2665ms] [INFO] Evaluating a string as JavaScript violates the following Content Security Policy directive because 'unsafe-eval' is not an allowed source of script: "script-src 'self' 'unsafe-inline' https://js.tosspayments.com https://payments.toss.im".
 The policy is report-only, so the violation has been logged but no further action has been taken. @ http://localhost:3001/_next/static/chunks/node_modules_next_dist_compiled_react-server-dom-turbopack_0p3wegg._.js:1936
[    2665ms] [INFO] Evaluating a string as JavaScript violates the following Content Security Policy directive because 'unsafe-eval' is not an allowed source of script: "script-src 'self' 'unsafe-inline' https://js.tosspayments.com https://payments.toss.im".
 The policy is report-only, so the violation has been logged but no further action has been taken. @ http://localhost:3001/_next/static/chunks/node_modules_next_dist_compiled_react-server-dom-turbopack_0p3wegg._.js:1936
[    2665ms] [INFO] Evaluating a string as JavaScript violates the following Content Security Policy directive because 'unsafe-eval' is not an allowed source of script: "script-src 'self' 'unsafe-inline' https://js.tosspayments.com https://payments.toss.im".
 The policy is report-only, so the violation has been logged but no further action has been taken. @ http://localhost:3001/_next/static/chunks/node_modules_next_dist_compiled_react-server-dom-turbopack_0p3wegg._.js:1936
[    2666ms] [INFO] Evaluating a string as JavaScript violates the following Content Security Policy directive because 'unsafe-eval' is not an allowed source of script: "script-src 'self' 'unsafe-inline' https://js.tosspayments.com https://payments.toss.im".
 The policy is report-only, so the violation has been logged but no further action has been taken. @ http://localhost:3001/_next/static/chunks/node_modules_next_dist_compiled_react-server-dom-turbopack_0p3wegg._.js:1936
[    2666ms] [INFO] Evaluating a string as JavaScript violates the following Content Security Policy directive because 'unsafe-eval' is not an allowed source of script: "script-src 'self' 'unsafe-inline' https://js.tosspayments.com https://payments.toss.im".
 The policy is report-only, so the violation has been logged but no further action has been taken. @ http://localhost:3001/_next/static/chunks/node_modules_next_dist_compiled_react-server-dom-turbopack_0p3wegg._.js:1936
[    2678ms] [INFO] Evaluating a string as JavaScript violates the following Content Security Policy directive because 'unsafe-eval' is not an allowed source of script: "script-src 'self' 'unsafe-inline' https://js.tosspayments.com https://payments.toss.im".
 The policy is report-only, so the violation has been logged but no further action has been taken. @ http://localhost:3001/_next/static/chunks/node_modules_next_dist_compiled_react-server-dom-turbopack_0p3wegg._.js:1936
[    2678ms] [INFO] Evaluating a string as JavaScript violates the following Content Security Policy directive because 'unsafe-eval' is not an allowed source of script: "script-src 'self' 'unsafe-inline' https://js.tosspayments.com https://payments.toss.im".
 The policy is report-only, so the violation has been logged but no further action has been taken. @ http://localhost:3001/_next/static/chunks/node_modules_next_dist_compiled_react-server-dom-turbopack_0p3wegg._.js:1936
[    2685ms] [INFO] Evaluating a string as JavaScript violates the following Content Security Policy directive because 'unsafe-eval' is not an allowed source of script: "script-src 'self' 'unsafe-inline' https://js.tosspayments.com https://payments.toss.im".
 The policy is report-only, so the violation has been logged but no further action has been taken. @ http://localhost:3001/_next/static/chunks/node_modules_next_dist_compiled_react-server-dom-turbopack_0p3wegg._.js:1936
[    2686ms] [INFO] Evaluating a string as JavaScript violates the following Content Security Policy directive because 'unsafe-eval' is not an allowed source of script: "script-src 'self' 'unsafe-inline' https://js.tosspayments.com https://payments.toss.im".
 The policy is report-only, so the violation has been logged but no further action has been taken. @ http://localhost:3001/_next/static/chunks/node_modules_next_dist_compiled_react-server-dom-turbopack_0p3wegg._.js:1936
[    2686ms] [INFO] Evaluating a string as JavaScript violates the following Content Security Policy directive because 'unsafe-eval' is not an allowed source of script: "script-src 'self' 'unsafe-inline' https://js.tosspayments.com https://payments.toss.im".
 The policy is report-only, so the violation has been logged but no further action has been taken. @ http://localhost:3001/_next/static/chunks/node_modules_next_dist_compiled_react-server-dom-turbopack_0p3wegg._.js:1936
[    2686ms] [INFO] Evaluating a string as JavaScript violates the following Content Security Policy directive because 'unsafe-eval' is not an allowed source of script: "script-src 'self' 'unsafe-inline' https://js.tosspayments.com https://payments.toss.im".
 The policy is report-only, so the violation has been logged but no further action has been taken. @ http://localhost:3001/_next/static/chunks/node_modules_next_dist_compiled_react-server-dom-turbopack_0p3wegg._.js:1936
[    2686ms] [INFO] Evaluating a string as JavaScript violates the following Content Security Policy directive because 'unsafe-eval' is not an allowed source of script: "script-src 'self' 'unsafe-inline' https://js.tosspayments.com https://payments.toss.im".
 The policy is report-only, so the violation has been logged but no further action has been taken. @ http://localhost:3001/_next/static/chunks/node_modules_next_dist_compiled_react-server-dom-turbopack_0p3wegg._.js:1936
[    2687ms] [INFO] Evaluating a string as JavaScript violates the following Content Security Policy directive because 'unsafe-eval' is not an allowed source of script: "script-src 'self' 'unsafe-inline' https://js.tosspayments.com https://payments.toss.im".
 The policy is report-only, so the violation has been logged but no further action has been taken. @ http://localhost:3001/_next/static/chunks/node_modules_next_dist_compiled_react-server-dom-turbopack_0p3wegg._.js:1936
[    2687ms] [INFO] Evaluating a string as JavaScript violates the following Content Security Policy directive because 'unsafe-eval' is not an allowed source of script: "script-src 'self' 'unsafe-inline' https://js.tosspayments.com https://payments.toss.im".
 The policy is report-only, so the violation has been logged but no further action has been taken. @ http://localhost:3001/_next/static/chunks/node_modules_next_dist_compiled_react-server-dom-turbopack_0p3wegg._.js:1936
[    2687ms] [INFO] Evaluating a string as JavaScript violates the following Content Security Policy directive because 'unsafe-eval' is not an allowed source of script: "script-src 'self' 'unsafe-inline' https://js.tosspayments.com https://payments.toss.im".
 The policy is report-only, so the violation has been logged but no further action has been taken. @ http://localhost:3001/_next/static/chunks/node_modules_next_dist_compiled_react-server-dom-turbopack_0p3wegg._.js:1936
[    2687ms] [INFO] Evaluating a string as JavaScript violates the following Content Security Policy directive because 'unsafe-eval' is not an allowed source of script: "script-src 'self' 'unsafe-inline' https://js.tosspayments.com https://payments.toss.im".
 The policy is report-only, so the violation has been logged but no further action has been taken. @ http://localhost:3001/_next/static/chunks/node_modules_next_dist_compiled_react-server-dom-turbopack_0p3wegg._.js:1936
[    2687ms] [INFO] Evaluating a string as JavaScript violates the following Content Security Policy directive because 'unsafe-eval' is not an allowed source of script: "script-src 'self' 'unsafe-inline' https://js.tosspayments.com https://payments.toss.im".
 The policy is report-only, so the violation has been logged but no further action has been taken. @ http://localhost:3001/_next/static/chunks/node_modules_next_dist_compiled_react-server-dom-turbopack_0p3wegg._.js:1936
[    2688ms] [INFO] Evaluating a string as JavaScript violates the following Content Security Policy directive because 'unsafe-eval' is not an allowed source of script: "script-src 'self' 'unsafe-inline' https://js.tosspayments.com https://payments.toss.im".
 The policy is report-only, so the violation has been logged but no further action has been taken. @ http://localhost:3001/_next/static/chunks/node_modules_next_dist_compiled_react-server-dom-turbopack_0p3wegg._.js:1936
[    2688ms] [INFO] Evaluating a string as JavaScript violates the following Content Security Policy directive because 'unsafe-eval' is not an allowed source of script: "script-src 'self' 'unsafe-inline' https://js.tosspayments.com https://payments.toss.im".
 The policy is report-only, so the violation has been logged but no further action has been taken. @ http://localhost:3001/_next/static/chunks/node_modules_next_dist_compiled_react-server-dom-turbopack_0p3wegg._.js:1936
[    2695ms] [INFO] Evaluating a string as JavaScript violates the following Content Security Policy directive because 'unsafe-eval' is not an allowed source of script: "script-src 'self' 'unsafe-inline' https://js.tosspayments.com https://payments.toss.im".
 The policy is report-only, so the violation has been logged but no further action has been taken. @ http://localhost:3001/_next/static/chunks/node_modules_next_dist_compiled_react-server-dom-turbopack_0p3wegg._.js:1936
[    3222ms] [INFO] Evaluating a string as JavaScript violates the following Content Security Policy directive because 'unsafe-eval' is not an allowed source of script: "script-src 'self' 'unsafe-inline' https://js.tosspayments.com https://payments.toss.im".
 The policy is report-only, so the violation has been logged but no further action has been taken. @ http://localhost:3001/_next/static/chunks/node_modules_next_dist_compiled_react-server-dom-turbopack_0p3wegg._.js:1936
[    3222ms] [INFO] Evaluating a string as JavaScript violates the following Content Security Policy directive because 'unsafe-eval' is not an allowed source of script: "script-src 'self' 'unsafe-inline' https://js.tosspayments.com https://payments.toss.im".
 The policy is report-only, so the violation has been logged but no further action has been taken. @ http://localhost:3001/_next/static/chunks/node_modules_next_dist_compiled_react-server-dom-turbopack_0p3wegg._.js:1936
[    3228ms] [INFO] Evaluating a string as JavaScript violates the following Content Security Policy directive because 'unsafe-eval' is not an allowed source of script: "script-src 'self' 'unsafe-inline' https://js.tosspayments.com https://payments.toss.im".
 The policy is report-only, so the violation has been logged but no further action has been taken. @ http://localhost:3001/_next/static/chunks/node_modules_next_dist_compiled_react-server-dom-turbopack_0p3wegg._.js:1936
[    3229ms] [INFO] Evaluating a string as JavaScript violates the following Content Security Policy directive because 'unsafe-eval' is not an allowed source of script: "script-src 'self' 'unsafe-inline' https://js.tosspayments.com https://payments.toss.im".
 The policy is report-only, so the violation has been logged but no further action has been taken. @ http://localhost:3001/_next/static/chunks/node_modules_next_dist_compiled_react-server-dom-turbopack_0p3wegg._.js:1936
[    3341ms] [INFO] Evaluating a string as JavaScript violates the following Content Security Policy directive because 'unsafe-eval' is not an allowed source of script: "script-src 'self' 'unsafe-inline' https://js.tosspayments.com https://payments.toss.im".
 The policy is report-only, so the violation has been logged but no further action has been taken. @ http://localhost:3001/_next/static/chunks/node_modules_next_dist_compiled_react-server-dom-turbopack_0p3wegg._.js:1936
[    3342ms] [INFO] Evaluating a string as JavaScript violates the following Content Security Policy directive because 'unsafe-eval' is not an allowed source of script: "script-src 'self' 'unsafe-inline' https://js.tosspayments.com https://payments.toss.im".
 The policy is report-only, so the violation has been logged but no further action has been taken. @ http://localhost:3001/_next/static/chunks/node_modules_next_dist_compiled_react-server-dom-turbopack_0p3wegg._.js:1936
[    3343ms] [INFO] Evaluating a string as JavaScript violates the following Content Security Policy directive because 'unsafe-eval' is not an allowed source of script: "script-src 'self' 'unsafe-inline' https://js.tosspayments.com https://payments.toss.im".
 The policy is report-only, so the violation has been logged but no further action has been taken. @ http://localhost:3001/_next/static/chunks/node_modules_next_dist_compiled_react-server-dom-turbopack_0p3wegg._.js:1936
[    3343ms] [INFO] Evaluating a string as JavaScript violates the following Content Security Policy directive because 'unsafe-eval' is not an allowed source of script: "script-src 'self' 'unsafe-inline' https://js.tosspayments.com https://payments.toss.im".
 The policy is report-only, so the violation has been logged but no further action has been taken. @ http://localhost:3001/_next/static/chunks/node_modules_next_dist_compiled_react-server-dom-turbopack_0p3wegg._.js:1936
[    3343ms] [INFO] Evaluating a string as JavaScript violates the following Content Security Policy directive because 'unsafe-eval' is not an allowed source of script: "script-src 'self' 'unsafe-inline' https://js.tosspayments.com https://payments.toss.im".
 The policy is report-only, so the violation has been logged but no further action has been taken. @ http://localhost:3001/_next/static/chunks/node_modules_next_dist_compiled_react-server-dom-turbopack_0p3wegg._.js:1936
[    3348ms] [INFO] Evaluating a string as JavaScript violates the following Content Security Policy directive because 'unsafe-eval' is not an allowed source of script: "script-src 'self' 'unsafe-inline' https://js.tosspayments.com https://payments.toss.im".
 The policy is report-only, so the violation has been logged but no further action has been taken. @ http://localhost:3001/_next/static/chunks/node_modules_next_dist_compiled_react-server-dom-turbopack_0p3wegg._.js:1936
[    3349ms] [INFO] Evaluating a string as JavaScript violates the following Content Security Policy directive because 'unsafe-eval' is not an allowed source of script: "script-src 'self' 'unsafe-inline' https://js.tosspayments.com https://payments.toss.im".
 The policy is report-only, so the violation has been logged but no further action has been taken. @ http://localhost:3001/_next/static/chunks/node_modules_next_dist_compiled_react-server-dom-turbopack_0p3wegg._.js:1936
[    3349ms] [INFO] Evaluating a string as JavaScript violates the following Content Security Policy directive because 'unsafe-eval' is not an allowed source of script: "script-src 'self' 'unsafe-inline' https://js.tosspayments.com https://payments.toss.im".
 The policy is report-only, so the violation has been logged but no further action has been taken. @ http://localhost:3001/_next/static/chunks/node_modules_next_dist_compiled_react-server-dom-turbopack_0p3wegg._.js:1936
[    3350ms] [INFO] Evaluating a string as JavaScript violates the following Content Security Policy directive because 'unsafe-eval' is not an allowed source of script: "script-src 'self' 'unsafe-inline' https://js.tosspayments.com https://payments.toss.im".
 The policy is report-only, so the violation has been logged but no further action has been taken. @ http://localhost:3001/_next/static/chunks/node_modules_next_dist_compiled_react-server-dom-turbopack_0p3wegg._.js:1936
[    3350ms] [INFO] Evaluating a string as JavaScript violates the following Content Security Policy directive because 'unsafe-eval' is not an allowed source of script: "script-src 'self' 'unsafe-inline' https://js.tosspayments.com https://payments.toss.im".
 The policy is report-only, so the violation has been logged but no further action has been taken. @ http://localhost:3001/_next/static/chunks/node_modules_next_dist_compiled_react-server-dom-turbopack_0p3wegg._.js:1936
[    3351ms] [INFO] Evaluating a string as JavaScript violates the following Content Security Policy directive because 'unsafe-eval' is not an allowed source of script: "script-src 'self' 'unsafe-inline' https://js.tosspayments.com https://payments.toss.im".
 The policy is report-only, so the violation has been logged but no further action has been taken. @ http://localhost:3001/_next/static/chunks/node_modules_next_dist_compiled_react-server-dom-turbopack_0p3wegg._.js:1936
[    3351ms] [INFO] Evaluating a string as JavaScript violates the following Content Security Policy directive because 'unsafe-eval' is not an allowed source of script: "script-src 'self' 'unsafe-inline' https://js.tosspayments.com https://payments.toss.im".
 The policy is report-only, so the violation has been logged but no further action has been taken. @ http://localhost:3001/_next/static/chunks/node_modules_next_dist_compiled_react-server-dom-turbopack_0p3wegg._.js:1936
[    3351ms] [INFO] Evaluating a string as JavaScript violates the following Content Security Policy directive because 'unsafe-eval' is not an allowed source of script: "script-src 'self' 'unsafe-inline' https://js.tosspayments.com https://payments.toss.im".
 The policy is report-only, so the violation has been logged but no further action has been taken. @ http://localhost:3001/_next/static/chunks/node_modules_next_dist_compiled_react-server-dom-turbopack_0p3wegg._.js:1936
[    3352ms] [INFO] Evaluating a string as JavaScript violates the following Content Security Policy directive because 'unsafe-eval' is not an allowed source of script: "script-src 'self' 'unsafe-inline' https://js.tosspayments.com https://payments.toss.im".
 The policy is report-only, so the violation has been logged but no further action has been taken. @ http://localhost:3001/_next/static/chunks/node_modules_next_dist_compiled_react-server-dom-turbopack_0p3wegg._.js:1936
[    3352ms] [INFO] Evaluating a string as JavaScript violates the following Content Security Policy directive because 'unsafe-eval' is not an allowed source of script: "script-src 'self' 'unsafe-inline' https://js.tosspayments.com https://payments.toss.im".
 The policy is report-only, so the violation has been logged but no further action has been taken. @ http://localhost:3001/_next/static/chunks/node_modules_next_dist_compiled_react-server-dom-turbopack_0p3wegg._.js:1936
[    3352ms] [INFO] Evaluating a string as JavaScript violates the following Content Security Policy directive because 'unsafe-eval' is not an allowed source of script: "script-src 'self' 'unsafe-inline' https://js.tosspayments.com https://payments.toss.im".
 The policy is report-only, so the violation has been logged but no further action has been taken. @ http://localhost:3001/_next/static/chunks/node_modules_next_dist_compiled_react-server-dom-turbopack_0p3wegg._.js:1936
[    3353ms] [INFO] Evaluating a string as JavaScript violates the following Content Security Policy directive because 'unsafe-eval' is not an allowed source of script: "script-src 'self' 'unsafe-inline' https://js.tosspayments.com https://payments.toss.im".
 The policy is report-only, so the violation has been logged but no further action has been taken. @ http://localhost:3001/_next/static/chunks/node_modules_next_dist_compiled_react-server-dom-turbopack_0p3wegg._.js:1936
[    3353ms] [INFO] Evaluating a string as JavaScript violates the following Content Security Policy directive because 'unsafe-eval' is not an allowed source of script: "script-src 'self' 'unsafe-inline' https://js.tosspayments.com https://payments.toss.im".
 The policy is report-only, so the violation has been logged but no further action has been taken. @ http://localhost:3001/_next/static/chunks/node_modules_next_dist_compiled_react-server-dom-turbopack_0p3wegg._.js:1936
[    3353ms] [INFO] Evaluating a string as JavaScript violates the following Content Security Policy directive because 'unsafe-eval' is not an allowed source of script: "script-src 'self' 'unsafe-inline' https://js.tosspayments.com https://payments.toss.im".
 The policy is report-only, so the violation has been logged but no further action has been taken. @ http://localhost:3001/_next/static/chunks/node_modules_next_dist_compiled_react-server-dom-turbopack_0p3wegg._.js:1936
[    3353ms] [INFO] Evaluating a string as JavaScript violates the following Content Security Policy directive because 'unsafe-eval' is not an allowed source of script: "script-src 'self' 'unsafe-inline' https://js.tosspayments.com https://payments.toss.im".
 The policy is report-only, so the violation has been logged but no further action has been taken. @ http://localhost:3001/_next/static/chunks/node_modules_next_dist_compiled_react-server-dom-turbopack_0p3wegg._.js:1936
[    3354ms] [INFO] Evaluating a string as JavaScript violates the following Content Security Policy directive because 'unsafe-eval' is not an allowed source of script: "script-src 'self' 'unsafe-inline' https://js.tosspayments.com https://payments.toss.im".
 The policy is report-only, so the violation has been logged but no further action has been taken. @ http://localhost:3001/_next/static/chunks/node_modules_next_dist_compiled_react-server-dom-turbopack_0p3wegg._.js:463
[    3354ms] [INFO] Evaluating a string as JavaScript violates the following Content Security Policy directive because 'unsafe-eval' is not an allowed source of script: "script-src 'self' 'unsafe-inline' https://js.tosspayments.com https://payments.toss.im".
 The policy is report-only, so the violation has been logged but no further action has been taken. @ http://localhost:3001/_next/static/chunks/node_modules_next_dist_compiled_react-server-dom-turbopack_0p3wegg._.js:1936
[    3354ms] [INFO] Evaluating a string as JavaScript violates the following Content Security Policy directive because 'unsafe-eval' is not an allowed source of script: "script-src 'self' 'unsafe-inline' https://js.tosspayments.com https://payments.toss.im".
 The policy is report-only, so the violation has been logged but no further action has been taken. @ http://localhost:3001/_next/static/chunks/node_modules_next_dist_compiled_react-server-dom-turbopack_0p3wegg._.js:1936
[    3355ms] [INFO] Evaluating a string as JavaScript violates the following Content Security Policy directive because 'unsafe-eval' is not an allowed source of script: "script-src 'self' 'unsafe-inline' https://js.tosspayments.com https://payments.toss.im".
 The policy is report-only, so the violation has been logged but no further action has been taken. @ http://localhost:3001/_next/static/chunks/node_modules_next_dist_compiled_react-server-dom-turbopack_0p3wegg._.js:1936
[    3355ms] [INFO] Evaluating a string as JavaScript violates the following Content Security Policy directive because 'unsafe-eval' is not an allowed source of script: "script-src 'self' 'unsafe-inline' https://js.tosspayments.com https://payments.toss.im".
 The policy is report-only, so the violation has been logged but no further action has been taken. @ http://localhost:3001/_next/static/chunks/node_modules_next_dist_compiled_react-server-dom-turbopack_0p3wegg._.js:1936
[    3355ms] [INFO] Evaluating a string as JavaScript violates the following Content Security Policy directive because 'unsafe-eval' is not an allowed source of script: "script-src 'self' 'unsafe-inline' https://js.tosspayments.com https://payments.toss.im".
 The policy is report-only, so the violation has been logged but no further action has been taken. @ http://localhost:3001/_next/static/chunks/node_modules_next_dist_compiled_react-server-dom-turbopack_0p3wegg._.js:1936
[    3355ms] [INFO] Evaluating a string as JavaScript violates the following Content Security Policy directive because 'unsafe-eval' is not an allowed source of script: "script-src 'self' 'unsafe-inline' https://js.tosspayments.com https://payments.toss.im".
 The policy is report-only, so the violation has been logged but no further action has been taken. @ http://localhost:3001/_next/static/chunks/node_modules_next_dist_compiled_react-server-dom-turbopack_0p3wegg._.js:1936
[    3356ms] [INFO] Evaluating a string as JavaScript violates the following Content Security Policy directive because 'unsafe-eval' is not an allowed source of script: "script-src 'self' 'unsafe-inline' https://js.tosspayments.com https://payments.toss.im".
 The policy is report-only, so the violation has been logged but no further action has been taken. @ http://localhost:3001/_next/static/chunks/node_modules_next_dist_compiled_react-server-dom-turbopack_0p3wegg._.js:1936
[    3356ms] [INFO] Evaluating a string as JavaScript violates the following Content Security Policy directive because 'unsafe-eval' is not an allowed source of script: "script-src 'self' 'unsafe-inline' https://js.tosspayments.com https://payments.toss.im".
 The policy is report-only, so the violation has been logged but no further action has been taken. @ http://localhost:3001/_next/static/chunks/node_modules_next_dist_compiled_react-server-dom-turbopack_0p3wegg._.js:1936
[    3357ms] [INFO] Evaluating a string as JavaScript violates the following Content Security Policy directive because 'unsafe-eval' is not an allowed source of script: "script-src 'self' 'unsafe-inline' https://js.tosspayments.com https://payments.toss.im".
 The policy is report-only, so the violation has been logged but no further action has been taken. @ http://localhost:3001/_next/static/chunks/node_modules_next_dist_compiled_react-server-dom-turbopack_0p3wegg._.js:1936
[    3362ms] [INFO] Evaluating a string as JavaScript violates the following Content Security Policy directive because 'unsafe-eval' is not an allowed source of script: "script-src 'self' 'unsafe-inline' https://js.tosspayments.com https://payments.toss.im".
 The policy is report-only, so the violation has been logged but no further action has been taken. @ http://localhost:3001/_next/static/chunks/node_modules_next_dist_compiled_react-server-dom-turbopack_0p3wegg._.js:1936
[    3363ms] [INFO] Evaluating a string as JavaScript violates the following Content Security Policy directive because 'unsafe-eval' is not an allowed source of script: "script-src 'self' 'unsafe-inline' https://js.tosspayments.com https://payments.toss.im".
 The policy is report-only, so the violation has been logged but no further action has been taken. @ http://localhost:3001/_next/static/chunks/node_modules_next_dist_compiled_react-server-dom-turbopack_0p3wegg._.js:1936
[    3363ms] [INFO] Evaluating a string as JavaScript violates the following Content Security Policy directive because 'unsafe-eval' is not an allowed source of script: "script-src 'self' 'unsafe-inline' https://js.tosspayments.com https://payments.toss.im".
 The policy is report-only, so the violation has been logged but no further action has been taken. @ http://localhost:3001/_next/static/chunks/node_modules_next_dist_compiled_react-server-dom-turbopack_0p3wegg._.js:1936
[    3364ms] [INFO] Evaluating a string as JavaScript violates the following Content Security Policy directive because 'unsafe-eval' is not an allowed source of script: "script-src 'self' 'unsafe-inline' https://js.tosspayments.com https://payments.toss.im".
 The policy is report-only, so the violation has been logged but no further action has been taken. @ http://localhost:3001/_next/static/chunks/node_modules_next_dist_compiled_react-server-dom-turbopack_0p3wegg._.js:1936
[    3364ms] [INFO] Evaluating a string as JavaScript violates the following Content Security Policy directive because 'unsafe-eval' is not an allowed source of script: "script-src 'self' 'unsafe-inline' https://js.tosspayments.com https://payments.toss.im".
 The policy is report-only, so the violation has been logged but no further action has been taken. @ http://localhost:3001/_next/static/chunks/node_modules_next_dist_compiled_react-server-dom-turbopack_0p3wegg._.js:1936
[    3364ms] [INFO] Evaluating a string as JavaScript violates the following Content Security Policy directive because 'unsafe-eval' is not an allowed source of script: "script-src 'self' 'unsafe-inline' https://js.tosspayments.com https://payments.toss.im".
 The policy is report-only, so the violation has been logged but no further action has been taken. @ http://localhost:3001/_next/static/chunks/node_modules_next_dist_compiled_react-server-dom-turbopack_0p3wegg._.js:1936
[    3369ms] [INFO] Evaluating a string as JavaScript violates the following Content Security Policy directive because 'unsafe-eval' is not an allowed source of script: "script-src 'self' 'unsafe-inline' https://js.tosspayments.com https://payments.toss.im".
 The policy is report-only, so the violation has been logged but no further action has been taken. @ http://localhost:3001/_next/static/chunks/node_modules_next_dist_compiled_react-server-dom-turbopack_0p3wegg._.js:1936
[    3370ms] [INFO] Evaluating a string as JavaScript violates the following Content Security Policy directive because 'unsafe-eval' is not an allowed source of script: "script-src 'self' 'unsafe-inline' https://js.tosspayments.com https://payments.toss.im".
 The policy is report-only, so the violation has been logged but no further action has been taken. @ http://localhost:3001/_next/static/chunks/node_modules_next_dist_compiled_react-server-dom-turbopack_0p3wegg._.js:1936
[    3370ms] [INFO] Evaluating a string as JavaScript violates the following Content Security Policy directive because 'unsafe-eval' is not an allowed source of script: "script-src 'self' 'unsafe-inline' https://js.tosspayments.com https://payments.toss.im".
 The policy is report-only, so the violation has been logged but no further action has been taken. @ http://localhost:3001/_next/static/chunks/node_modules_next_dist_compiled_react-server-dom-turbopack_0p3wegg._.js:1936
[    3370ms] [INFO] Evaluating a string as JavaScript violates the following Content Security Policy directive because 'unsafe-eval' is not an allowed source of script: "script-src 'self' 'unsafe-inline' https://js.tosspayments.com https://payments.toss.im".
 The policy is report-only, so the violation has been logged but no further action has been taken. @ http://localhost:3001/_next/static/chunks/node_modules_next_dist_compiled_react-server-dom-turbopack_0p3wegg._.js:1936
[    3370ms] [INFO] Evaluating a string as JavaScript violates the following Content Security Policy directive because 'unsafe-eval' is not an allowed source of script: "script-src 'self' 'unsafe-inline' https://js.tosspayments.com https://payments.toss.im".
 The policy is report-only, so the violation has been logged but no further action has been taken. @ http://localhost:3001/_next/static/chunks/node_modules_next_dist_compiled_react-server-dom-turbopack_0p3wegg._.js:1936
[    3555ms] [INFO] Evaluating a string as JavaScript violates the following Content Security Policy directive because 'unsafe-eval' is not an allowed source of script: "script-src 'self' 'unsafe-inline' https://js.tosspayments.com https://payments.toss.im".
 The policy is report-only, so the violation has been logged but no further action has been taken. @ http://localhost:3001/_next/static/chunks/node_modules_next_dist_compiled_react-server-dom-turbopack_0p3wegg._.js:1936
[    3556ms] [INFO] Evaluating a string as JavaScript violates the following Content Security Policy directive because 'unsafe-eval' is not an allowed source of script: "script-src 'self' 'unsafe-inline' https://js.tosspayments.com https://payments.toss.im".
 The policy is report-only, so the violation has been logged but no further action has been taken. @ http://localhost:3001/_next/static/chunks/node_modules_next_dist_compiled_react-server-dom-turbopack_0p3wegg._.js:1936
[    3556ms] [INFO] Evaluating a string as JavaScript violates the following Content Security Policy directive because 'unsafe-eval' is not an allowed source of script: "script-src 'self' 'unsafe-inline' https://js.tosspayments.com https://payments.toss.im".
 The policy is report-only, so the violation has been logged but no further action has been taken. @ http://localhost:3001/_next/static/chunks/node_modules_next_dist_compiled_react-server-dom-turbopack_0p3wegg._.js:1936
[    3556ms] [INFO] Evaluating a string as JavaScript violates the following Content Security Policy directive because 'unsafe-eval' is not an allowed source of script: "script-src 'self' 'unsafe-inline' https://js.tosspayments.com https://payments.toss.im".
 The policy is report-only, so the violation has been logged but no further action has been taken. @ http://localhost:3001/_next/static/chunks/node_modules_next_dist_compiled_react-server-dom-turbopack_0p3wegg._.js:1936
[    3557ms] [INFO] Evaluating a string as JavaScript violates the following Content Security Policy directive because 'unsafe-eval' is not an allowed source of script: "script-src 'self' 'unsafe-inline' https://js.tosspayments.com https://payments.toss.im".
 The policy is report-only, so the violation has been logged but no further action has been taken. @ http://localhost:3001/_next/static/chunks/node_modules_next_dist_compiled_react-server-dom-turbopack_0p3wegg._.js:1936
[    3557ms] [INFO] Evaluating a string as JavaScript violates the following Content Security Policy directive because 'unsafe-eval' is not an allowed source of script: "script-src 'self' 'unsafe-inline' https://js.tosspayments.com https://payments.toss.im".
 The policy is report-only, so the violation has been logged but no further action has been taken. @ http://localhost:3001/_next/static/chunks/node_modules_next_dist_compiled_react-server-dom-turbopack_0p3wegg._.js:1936
[    3557ms] [INFO] Evaluating a string as JavaScript violates the following Content Security Policy directive because 'unsafe-eval' is not an allowed source of script: "script-src 'self' 'unsafe-inline' https://js.tosspayments.com https://payments.toss.im".
 The policy is report-only, so the violation has been logged but no further action has been taken. @ http://localhost:3001/_next/static/chunks/node_modules_next_dist_compiled_react-server-dom-turbopack_0p3wegg._.js:1936
[    3557ms] [INFO] Evaluating a string as JavaScript violates the following Content Security Policy directive because 'unsafe-eval' is not an allowed source of script: "script-src 'self' 'unsafe-inline' https://js.tosspayments.com https://payments.toss.im".
 The policy is report-only, so the violation has been logged but no further action has been taken. @ http://localhost:3001/_next/static/chunks/node_modules_next_dist_compiled_react-server-dom-turbopack_0p3wegg._.js:1936
[    3558ms] [INFO] Evaluating a string as JavaScript violates the following Content Security Policy directive because 'unsafe-eval' is not an allowed source of script: "script-src 'self' 'unsafe-inline' https://js.tosspayments.com https://payments.toss.im".
 The policy is report-only, so the violation has been logged but no further action has been taken. @ http://localhost:3001/_next/static/chunks/node_modules_next_dist_compiled_react-server-dom-turbopack_0p3wegg._.js:1936
[    3567ms] [INFO] Evaluating a string as JavaScript violates the following Content Security Policy directive because 'unsafe-eval' is not an allowed source of script: "script-src 'self' 'unsafe-inline' https://js.tosspayments.com https://payments.toss.im".
 The policy is report-only, so the violation has been logged but no further action has been taken. @ http://localhost:3001/_next/static/chunks/node_modules_next_dist_compiled_react-server-dom-turbopack_0p3wegg._.js:1936
[    3593ms] [INFO] Evaluating a string as JavaScript violates the following Content Security Policy directive because 'unsafe-eval' is not an allowed source of script: "script-src 'self' 'unsafe-inline' https://js.tosspayments.com https://payments.toss.im".
 The policy is report-only, so the violation has been logged but no further action has been taken. @ http://localhost:3001/_next/static/chunks/node_modules_next_dist_compiled_react-server-dom-turbopack_0p3wegg._.js:1936
[    3593ms] [INFO] Evaluating a string as JavaScript violates the following Content Security Policy directive because 'unsafe-eval' is not an allowed source of script: "script-src 'self' 'unsafe-inline' https://js.tosspayments.com https://payments.toss.im".
 The policy is report-only, so the violation has been logged but no further action has been taken. @ http://localhost:3001/_next/static/chunks/node_modules_next_dist_compiled_react-server-dom-turbopack_0p3wegg._.js:1936
[    3594ms] [INFO] Evaluating a string as JavaScript violates the following Content Security Policy directive because 'unsafe-eval' is not an allowed source of script: "script-src 'self' 'unsafe-inline' https://js.tosspayments.com https://payments.toss.im".
 The policy is report-only, so the violation has been logged but no further action has been taken. @ http://localhost:3001/_next/static/chunks/node_modules_next_dist_compiled_react-server-dom-turbopack_0p3wegg._.js:1936
[    3594ms] [INFO] Evaluating a string as JavaScript violates the following Content Security Policy directive because 'unsafe-eval' is not an allowed source of script: "script-src 'self' 'unsafe-inline' https://js.tosspayments.com https://payments.toss.im".
 The policy is report-only, so the violation has been logged but no further action has been taken. @ http://localhost:3001/_next/static/chunks/node_modules_next_dist_compiled_react-server-dom-turbopack_0p3wegg._.js:1936
[    3594ms] [INFO] Evaluating a string as JavaScript violates the following Content Security Policy directive because 'unsafe-eval' is not an allowed source of script: "script-src 'self' 'unsafe-inline' https://js.tosspayments.com https://payments.toss.im".
 The policy is report-only, so the violation has been logged but no further action has been taken. @ http://localhost:3001/_next/static/chunks/node_modules_next_dist_compiled_react-server-dom-turbopack_0p3wegg._.js:1936
[    3595ms] [INFO] Evaluating a string as JavaScript violates the following Content Security Policy directive because 'unsafe-eval' is not an allowed source of script: "script-src 'self' 'unsafe-inline' https://js.tosspayments.com https://payments.toss.im".
 The policy is report-only, so the violation has been logged but no further action has been taken. @ http://localhost:3001/_next/static/chunks/node_modules_next_dist_compiled_react-server-dom-turbopack_0p3wegg._.js:1936
[    3595ms] [INFO] Evaluating a string as JavaScript violates the following Content Security Policy directive because 'unsafe-eval' is not an allowed source of script: "script-src 'self' 'unsafe-inline' https://js.tosspayments.com https://payments.toss.im".
 The policy is report-only, so the violation has been logged but no further action has been taken. @ http://localhost:3001/_next/static/chunks/node_modules_next_dist_compiled_react-server-dom-turbopack_0p3wegg._.js:1936
[    3596ms] [INFO] Evaluating a string as JavaScript violates the following Content Security Policy directive because 'unsafe-eval' is not an allowed source of script: "script-src 'self' 'unsafe-inline' https://js.tosspayments.com https://payments.toss.im".
 The policy is report-only, so the violation has been logged but no further action has been taken. @ http://localhost:3001/_next/static/chunks/node_modules_next_dist_compiled_react-server-dom-turbopack_0p3wegg._.js:1936
[    3596ms] [INFO] Evaluating a string as JavaScript violates the following Content Security Policy directive because 'unsafe-eval' is not an allowed source of script: "script-src 'self' 'unsafe-inline' https://js.tosspayments.com https://payments.toss.im".
 The policy is report-only, so the violation has been logged but no further action has been taken. @ http://localhost:3001/_next/static/chunks/node_modules_next_dist_compiled_react-server-dom-turbopack_0p3wegg._.js:1936
[    3596ms] [INFO] Evaluating a string as JavaScript violates the following Content Security Policy directive because 'unsafe-eval' is not an allowed source of script: "script-src 'self' 'unsafe-inline' https://js.tosspayments.com https://payments.toss.im".
 The policy is report-only, so the violation has been logged but no further action has been taken. @ http://localhost:3001/_next/static/chunks/node_modules_next_dist_compiled_react-server-dom-turbopack_0p3wegg._.js:1936
[    3596ms] [INFO] Evaluating a string as JavaScript violates the following Content Security Policy directive because 'unsafe-eval' is not an allowed source of script: "script-src 'self' 'unsafe-inline' https://js.tosspayments.com https://payments.toss.im".
 The policy is report-only, so the violation has been logged but no further action has been taken. @ http://localhost:3001/_next/static/chunks/node_modules_next_dist_compiled_react-server-dom-turbopack_0p3wegg._.js:1936
[    3597ms] [INFO] Evaluating a string as JavaScript violates the following Content Security Policy directive because 'unsafe-eval' is not an allowed source of script: "script-src 'self' 'unsafe-inline' https://js.tosspayments.com https://payments.toss.im".
 The policy is report-only, so the violation has been logged but no further action has been taken. @ http://localhost:3001/_next/static/chunks/node_modules_next_dist_compiled_react-server-dom-turbopack_0p3wegg._.js:1936
[    3597ms] [INFO] Evaluating a string as JavaScript violates the following Content Security Policy directive because 'unsafe-eval' is not an allowed source of script: "script-src 'self' 'unsafe-inline' https://js.tosspayments.com https://payments.toss.im".
 The policy is report-only, so the violation has been logged but no further action has been taken. @ http://localhost:3001/_next/static/chunks/node_modules_next_dist_compiled_react-server-dom-turbopack_0p3wegg._.js:1936
[    3597ms] [INFO] Evaluating a string as JavaScript violates the following Content Security Policy directive because 'unsafe-eval' is not an allowed source of script: "script-src 'self' 'unsafe-inline' https://js.tosspayments.com https://payments.toss.im".
 The policy is report-only, so the violation has been logged but no further action has been taken. @ http://localhost:3001/_next/static/chunks/node_modules_next_dist_compiled_react-server-dom-turbopack_0p3wegg._.js:1936
[    3600ms] [INFO] Evaluating a string as JavaScript violates the following Content Security Policy directive because 'unsafe-eval' is not an allowed source of script: "script-src 'self' 'unsafe-inline' https://js.tosspayments.com https://payments.toss.im".
 The policy is report-only, so the violation has been logged but no further action has been taken. @ http://localhost:3001/_next/static/chunks/node_modules_next_dist_compiled_react-server-dom-turbopack_0p3wegg._.js:1936
[    3601ms] [INFO] Evaluating a string as JavaScript violates the following Content Security Policy directive because 'unsafe-eval' is not an allowed source of script: "script-src 'self' 'unsafe-inline' https://js.tosspayments.com https://payments.toss.im".
 The policy is report-only, so the violation has been logged but no further action has been taken. @ http://localhost:3001/_next/static/chunks/node_modules_next_dist_compiled_react-server-dom-turbopack_0p3wegg._.js:1936
[    3602ms] [INFO] Evaluating a string as JavaScript violates the following Content Security Policy directive because 'unsafe-eval' is not an allowed source of script: "script-src 'self' 'unsafe-inline' https://js.tosspayments.com https://payments.toss.im".
 The policy is report-only, so the violation has been logged but no further action has been taken. @ http://localhost:3001/_next/static/chunks/node_modules_next_dist_compiled_react-server-dom-turbopack_0p3wegg._.js:1936
[    3602ms] [INFO] Evaluating a string as JavaScript violates the following Content Security Policy directive because 'unsafe-eval' is not an allowed source of script: "script-src 'self' 'unsafe-inline' https://js.tosspayments.com https://payments.toss.im".
 The policy is report-only, so the violation has been logged but no further action has been taken. @ http://localhost:3001/_next/static/chunks/node_modules_next_dist_compiled_react-server-dom-turbopack_0p3wegg._.js:1936
[    3603ms] [INFO] Evaluating a string as JavaScript violates the following Content Security Policy directive because 'unsafe-eval' is not an allowed source of script: "script-src 'self' 'unsafe-inline' https://js.tosspayments.com https://payments.toss.im".
 The policy is report-only, so the violation has been logged but no further action has been taken. @ http://localhost:3001/_next/static/chunks/node_modules_next_dist_compiled_react-server-dom-turbopack_0p3wegg._.js:1936
[    3603ms] [INFO] Evaluating a string as JavaScript violates the following Content Security Policy directive because 'unsafe-eval' is not an allowed source of script: "script-src 'self' 'unsafe-inline' https://js.tosspayments.com https://payments.toss.im".
 The policy is report-only, so the violation has been logged but no further action has been taken. @ http://localhost:3001/_next/static/chunks/node_modules_next_dist_compiled_react-server-dom-turbopack_0p3wegg._.js:1936
[    3604ms] [INFO] Evaluating a string as JavaScript violates the following Content Security Policy directive because 'unsafe-eval' is not an allowed source of script: "script-src 'self' 'unsafe-inline' https://js.tosspayments.com https://payments.toss.im".
 The policy is report-only, so the violation has been logged but no further action has been taken. @ http://localhost:3001/_next/static/chunks/node_modules_next_dist_compiled_react-server-dom-turbopack_0p3wegg._.js:1936
[    3604ms] [INFO] Evaluating a string as JavaScript violates the following Content Security Policy directive because 'unsafe-eval' is not an allowed source of script: "script-src 'self' 'unsafe-inline' https://js.tosspayments.com https://payments.toss.im".
 The policy is report-only, so the violation has been logged but no further action has been taken. @ http://localhost:3001/_next/static/chunks/node_modules_next_dist_compiled_react-server-dom-turbopack_0p3wegg._.js:1936
[    3604ms] [INFO] Evaluating a string as JavaScript violates the following Content Security Policy directive because 'unsafe-eval' is not an allowed source of script: "script-src 'self' 'unsafe-inline' https://js.tosspayments.com https://payments.toss.im".
 The policy is report-only, so the violation has been logged but no further action has been taken. @ http://localhost:3001/_next/static/chunks/node_modules_next_dist_compiled_react-server-dom-turbopack_0p3wegg._.js:1936
[    3760ms] [INFO] Evaluating a string as JavaScript violates the following Content Security Policy directive because 'unsafe-eval' is not an allowed source of script: "script-src 'self' 'unsafe-inline' https://js.tosspayments.com https://payments.toss.im".
 The policy is report-only, so the violation has been logged but no further action has been taken. @ http://localhost:3001/_next/static/chunks/node_modules_next_dist_compiled_react-server-dom-turbopack_0p3wegg._.js:1936
[    3761ms] [INFO] Evaluating a string as JavaScript violates the following Content Security Policy directive because 'unsafe-eval' is not an allowed source of script: "script-src 'self' 'unsafe-inline' https://js.tosspayments.com https://payments.toss.im".
 The policy is report-only, so the violation has been logged but no further action has been taken. @ http://localhost:3001/_next/static/chunks/node_modules_next_dist_compiled_react-server-dom-turbopack_0p3wegg._.js:1936
[    3761ms] [INFO] Evaluating a string as JavaScript violates the following Content Security Policy directive because 'unsafe-eval' is not an allowed source of script: "script-src 'self' 'unsafe-inline' https://js.tosspayments.com https://payments.toss.im".
 The policy is report-only, so the violation has been logged but no further action has been taken. @ http://localhost:3001/_next/static/chunks/node_modules_next_dist_compiled_react-server-dom-turbopack_0p3wegg._.js:1936
[    3761ms] [INFO] Evaluating a string as JavaScript violates the following Content Security Policy directive because 'unsafe-eval' is not an allowed source of script: "script-src 'self' 'unsafe-inline' https://js.tosspayments.com https://payments.toss.im".
 The policy is report-only, so the violation has been logged but no further action has been taken. @ http://localhost:3001/_next/static/chunks/node_modules_next_dist_compiled_react-server-dom-turbopack_0p3wegg._.js:1936
[    3762ms] [INFO] Evaluating a string as JavaScript violates the following Content Security Policy directive because 'unsafe-eval' is not an allowed source of script: "script-src 'self' 'unsafe-inline' https://js.tosspayments.com https://payments.toss.im".
 The policy is report-only, so the violation has been logged but no further action has been taken. @ http://localhost:3001/_next/static/chunks/node_modules_next_dist_compiled_react-server-dom-turbopack_0p3wegg._.js:1936
[    3778ms] [ERROR] A tree hydrated but some attributes of the server rendered HTML didn't match the client properties. This won't be patched up. This can happen if a SSR-ed Client Component used:

- A server/client branch `if (typeof window !== 'undefined')`.
- Variable input such as `Date.now()` or `Math.random()` which changes each time it's called.
- Date formatting in a user's locale which doesn't match the server.
- External changing data without sending a snapshot of it along with the HTML.
- Invalid HTML tag nesting.

It can also happen if the client has a browser extension installed which messes with the HTML before React loaded.

%s%s https://react.dev/link/hydration-mismatch 

  ...
    <HotReload globalError={[...]} webSocket={WebSocket} staticIndicatorState={{pathname:null, ...}}>
      <AppDevOverlayErrorBoundary globalError={[...]}>
        <ReplaySsrOnlyErrors>
        <DevRootHTTPAccessFallbackBoundary>
          <HTTPAccessFallbackBoundary notFound={<NotAllowedRootHTTPFallbackError>}>
            <HTTPAccessFallbackErrorBoundary pathname="/donor/set..." notFound={<NotAllowedRootHTTPFallbackError>} ...>
              <RedirectBoundary>
                <RedirectErrorBoundary router={{...}}>
                  <Head>
                  <__next_root_layout_boundary__>
                    <SegmentViewNode type="layout" pagePath="layout.tsx">
                      <SegmentTrieNode>
                      <link>
                      <script>
                      <script>
                      <RootLayout>
                        <html
                          lang="ko"
-                         data-theme="light"
                        >
                  ...
 @ http://localhost:3001/_next/static/chunks/node_modules_next_dist_115brz8._.js:3272
[    4192ms] [LOG] [Fast Refresh] rebuilding @ http://localhost:3001/_next/static/chunks/node_modules_next_dist_115brz8._.js:2431
[    4269ms] [LOG] [Fast Refresh] done in 186ms @ http://localhost:3001/_next/static/chunks/node_modules_next_dist_115brz8._.js:2431
