[    3143ms] [INFO] %cDownload the React DevTools for a better development experience: https://react.dev/link/react-devtools font-weight:bold @ http://localhost:3001/_next/static/chunks/node_modules_next_dist_115brz8._.js:2431
[    3179ms] [INFO] Evaluating a string as JavaScript violates the following Content Security Policy directive because 'unsafe-eval' is not an allowed source of script: "script-src 'self' 'unsafe-inline' https://js.tosspayments.com https://payments.toss.im".
 The policy is report-only, so the violation has been logged but no further action has been taken. @ http://localhost:3001/_next/static/chunks/node_modules_next_dist_compiled_react-server-dom-turbopack_0p3wegg._.js:19
[    3399ms] [LOG] [HMR] connected @ http://localhost:3001/_next/static/chunks/node_modules_next_dist_115brz8._.js:2431
[    3594ms] [INFO] Evaluating a string as JavaScript violates the following Content Security Policy directive because 'unsafe-eval' is not an allowed source of script: "script-src 'self' 'unsafe-inline' https://js.tosspayments.com https://payments.toss.im".
 The policy is report-only, so the violation has been logged but no further action has been taken. @ http://localhost:3001/_next/static/chunks/node_modules_next_dist_compiled_react-server-dom-turbopack_0p3wegg._.js:463
[    3849ms] [INFO] Evaluating a string as JavaScript violates the following Content Security Policy directive because 'unsafe-eval' is not an allowed source of script: "script-src 'self' 'unsafe-inline' https://js.tosspayments.com https://payments.toss.im".
 The policy is report-only, so the violation has been logged but no further action has been taken. @ http://localhost:3001/_next/static/chunks/node_modules_next_dist_compiled_react-server-dom-turbopack_0p3wegg._.js:1603
[    3932ms] [INFO] Evaluating a string as JavaScript violates the following Content Security Policy directive because 'unsafe-eval' is not an allowed source of script: "script-src 'self' 'unsafe-inline' https://js.tosspayments.com https://payments.toss.im".
 The policy is report-only, so the violation has been logged but no further action has been taken. @ http://localhost:3001/_next/static/chunks/node_modules_next_dist_compiled_react-server-dom-turbopack_0p3wegg._.js:1936
[    3993ms] [INFO] Evaluating a string as JavaScript violates the following Content Security Policy directive because 'unsafe-eval' is not an allowed source of script: "script-src 'self' 'unsafe-inline' https://js.tosspayments.com https://payments.toss.im".
 The policy is report-only, so the violation has been logged but no further action has been taken. @ http://localhost:3001/_next/static/chunks/node_modules_next_dist_compiled_react-server-dom-turbopack_0p3wegg._.js:1603
[    4012ms] [INFO] Evaluating a string as JavaScript violates the following Content Security Policy directive because 'unsafe-eval' is not an allowed source of script: "script-src 'self' 'unsafe-inline' https://js.tosspayments.com https://payments.toss.im".
 The policy is report-only, so the violation has been logged but no further action has been taken. @ http://localhost:3001/_next/static/chunks/node_modules_next_dist_compiled_react-server-dom-turbopack_0p3wegg._.js:1936
[    4012ms] [INFO] Evaluating a string as JavaScript violates the following Content Security Policy directive because 'unsafe-eval' is not an allowed source of script: "script-src 'self' 'unsafe-inline' https://js.tosspayments.com https://payments.toss.im".
 The policy is report-only, so the violation has been logged but no further action has been taken. @ http://localhost:3001/_next/static/chunks/node_modules_next_dist_compiled_react-server-dom-turbopack_0p3wegg._.js:1936
[    4022ms] [INFO] Evaluating a string as JavaScript violates the following Content Security Policy directive because 'unsafe-eval' is not an allowed source of script: "script-src 'self' 'unsafe-inline' https://js.tosspayments.com https://payments.toss.im".
 The policy is report-only, so the violation has been logged but no further action has been taken. @ http://localhost:3001/_next/static/chunks/node_modules_next_dist_compiled_react-server-dom-turbopack_0p3wegg._.js:1936
[    4022ms] [INFO] Evaluating a string as JavaScript violates the following Content Security Policy directive because 'unsafe-eval' is not an allowed source of script: "script-src 'self' 'unsafe-inline' https://js.tosspayments.com https://payments.toss.im".
 The policy is report-only, so the violation has been logged but no further action has been taken. @ http://localhost:3001/_next/static/chunks/node_modules_next_dist_compiled_react-server-dom-turbopack_0p3wegg._.js:1936
[    4022ms] [INFO] Evaluating a string as JavaScript violates the following Content Security Policy directive because 'unsafe-eval' is not an allowed source of script: "script-src 'self' 'unsafe-inline' https://js.tosspayments.com https://payments.toss.im".
 The policy is report-only, so the violation has been logged but no further action has been taken. @ http://localhost:3001/_next/static/chunks/node_modules_next_dist_compiled_react-server-dom-turbopack_0p3wegg._.js:1936
[    4023ms] [INFO] Evaluating a string as JavaScript violates the following Content Security Policy directive because 'unsafe-eval' is not an allowed source of script: "script-src 'self' 'unsafe-inline' https://js.tosspayments.com https://payments.toss.im".
 The policy is report-only, so the violation has been logged but no further action has been taken. @ http://localhost:3001/_next/static/chunks/node_modules_next_dist_compiled_react-server-dom-turbopack_0p3wegg._.js:1936
[    4023ms] [INFO] Evaluating a string as JavaScript violates the following Content Security Policy directive because 'unsafe-eval' is not an allowed source of script: "script-src 'self' 'unsafe-inline' https://js.tosspayments.com https://payments.toss.im".
 The policy is report-only, so the violation has been logged but no further action has been taken. @ http://localhost:3001/_next/static/chunks/node_modules_next_dist_compiled_react-server-dom-turbopack_0p3wegg._.js:1936
[    4023ms] [INFO] Evaluating a string as JavaScript violates the following Content Security Policy directive because 'unsafe-eval' is not an allowed source of script: "script-src 'self' 'unsafe-inline' https://js.tosspayments.com https://payments.toss.im".
 The policy is report-only, so the violation has been logged but no further action has been taken. @ http://localhost:3001/_next/static/chunks/node_modules_next_dist_compiled_react-server-dom-turbopack_0p3wegg._.js:1936
[    4023ms] [INFO] Evaluating a string as JavaScript violates the following Content Security Policy directive because 'unsafe-eval' is not an allowed source of script: "script-src 'self' 'unsafe-inline' https://js.tosspayments.com https://payments.toss.im".
 The policy is report-only, so the violation has been logged but no further action has been taken. @ http://localhost:3001/_next/static/chunks/node_modules_next_dist_compiled_react-server-dom-turbopack_0p3wegg._.js:1936
[    4023ms] [INFO] Evaluating a string as JavaScript violates the following Content Security Policy directive because 'unsafe-eval' is not an allowed source of script: "script-src 'self' 'unsafe-inline' https://js.tosspayments.com https://payments.toss.im".
 The policy is report-only, so the violation has been logged but no further action has been taken. @ http://localhost:3001/_next/static/chunks/node_modules_next_dist_compiled_react-server-dom-turbopack_0p3wegg._.js:1936
[    4023ms] [INFO] Evaluating a string as JavaScript violates the following Content Security Policy directive because 'unsafe-eval' is not an allowed source of script: "script-src 'self' 'unsafe-inline' https://js.tosspayments.com https://payments.toss.im".
 The policy is report-only, so the violation has been logged but no further action has been taken. @ http://localhost:3001/_next/static/chunks/node_modules_next_dist_compiled_react-server-dom-turbopack_0p3wegg._.js:1936
[    4024ms] [INFO] Evaluating a string as JavaScript violates the following Content Security Policy directive because 'unsafe-eval' is not an allowed source of script: "script-src 'self' 'unsafe-inline' https://js.tosspayments.com https://payments.toss.im".
 The policy is report-only, so the violation has been logged but no further action has been taken. @ http://localhost:3001/_next/static/chunks/node_modules_next_dist_compiled_react-server-dom-turbopack_0p3wegg._.js:1936
[    4024ms] [INFO] Evaluating a string as JavaScript violates the following Content Security Policy directive because 'unsafe-eval' is not an allowed source of script: "script-src 'self' 'unsafe-inline' https://js.tosspayments.com https://payments.toss.im".
 The policy is report-only, so the violation has been logged but no further action has been taken. @ http://localhost:3001/_next/static/chunks/node_modules_next_dist_compiled_react-server-dom-turbopack_0p3wegg._.js:1936
[    4025ms] [INFO] Evaluating a string as JavaScript violates the following Content Security Policy directive because 'unsafe-eval' is not an allowed source of script: "script-src 'self' 'unsafe-inline' https://js.tosspayments.com https://payments.toss.im".
 The policy is report-only, so the violation has been logged but no further action has been taken. @ http://localhost:3001/_next/static/chunks/node_modules_next_dist_compiled_react-server-dom-turbopack_0p3wegg._.js:1936
[    4025ms] [INFO] Evaluating a string as JavaScript violates the following Content Security Policy directive because 'unsafe-eval' is not an allowed source of script: "script-src 'self' 'unsafe-inline' https://js.tosspayments.com https://payments.toss.im".
 The policy is report-only, so the violation has been logged but no further action has been taken. @ http://localhost:3001/_next/static/chunks/node_modules_next_dist_compiled_react-server-dom-turbopack_0p3wegg._.js:1936
[    4025ms] [INFO] Evaluating a string as JavaScript violates the following Content Security Policy directive because 'unsafe-eval' is not an allowed source of script: "script-src 'self' 'unsafe-inline' https://js.tosspayments.com https://payments.toss.im".
 The policy is report-only, so the violation has been logged but no further action has been taken. @ http://localhost:3001/_next/static/chunks/node_modules_next_dist_compiled_react-server-dom-turbopack_0p3wegg._.js:1936
[    4025ms] [INFO] Evaluating a string as JavaScript violates the following Content Security Policy directive because 'unsafe-eval' is not an allowed source of script: "script-src 'self' 'unsafe-inline' https://js.tosspayments.com https://payments.toss.im".
 The policy is report-only, so the violation has been logged but no further action has been taken. @ http://localhost:3001/_next/static/chunks/node_modules_next_dist_compiled_react-server-dom-turbopack_0p3wegg._.js:1936
[    4025ms] [INFO] Evaluating a string as JavaScript violates the following Content Security Policy directive because 'unsafe-eval' is not an allowed source of script: "script-src 'self' 'unsafe-inline' https://js.tosspayments.com https://payments.toss.im".
 The policy is report-only, so the violation has been logged but no further action has been taken. @ http://localhost:3001/_next/static/chunks/node_modules_next_dist_compiled_react-server-dom-turbopack_0p3wegg._.js:1936
[    4025ms] [INFO] Evaluating a string as JavaScript violates the following Content Security Policy directive because 'unsafe-eval' is not an allowed source of script: "script-src 'self' 'unsafe-inline' https://js.tosspayments.com https://payments.toss.im".
 The policy is report-only, so the violation has been logged but no further action has been taken. @ http://localhost:3001/_next/static/chunks/node_modules_next_dist_compiled_react-server-dom-turbopack_0p3wegg._.js:1936
[    4026ms] [INFO] Evaluating a string as JavaScript violates the following Content Security Policy directive because 'unsafe-eval' is not an allowed source of script: "script-src 'self' 'unsafe-inline' https://js.tosspayments.com https://payments.toss.im".
 The policy is report-only, so the violation has been logged but no further action has been taken. @ http://localhost:3001/_next/static/chunks/node_modules_next_dist_compiled_react-server-dom-turbopack_0p3wegg._.js:1936
[    4026ms] [INFO] Evaluating a string as JavaScript violates the following Content Security Policy directive because 'unsafe-eval' is not an allowed source of script: "script-src 'self' 'unsafe-inline' https://js.tosspayments.com https://payments.toss.im".
 The policy is report-only, so the violation has been logged but no further action has been taken. @ http://localhost:3001/_next/static/chunks/node_modules_next_dist_compiled_react-server-dom-turbopack_0p3wegg._.js:1936
[    4026ms] [INFO] Evaluating a string as JavaScript violates the following Content Security Policy directive because 'unsafe-eval' is not an allowed source of script: "script-src 'self' 'unsafe-inline' https://js.tosspayments.com https://payments.toss.im".
 The policy is report-only, so the violation has been logged but no further action has been taken. @ http://localhost:3001/_next/static/chunks/node_modules_next_dist_compiled_react-server-dom-turbopack_0p3wegg._.js:1936
[    4027ms] [INFO] Evaluating a string as JavaScript violates the following Content Security Policy directive because 'unsafe-eval' is not an allowed source of script: "script-src 'self' 'unsafe-inline' https://js.tosspayments.com https://payments.toss.im".
 The policy is report-only, so the violation has been logged but no further action has been taken. @ http://localhost:3001/_next/static/chunks/node_modules_next_dist_compiled_react-server-dom-turbopack_0p3wegg._.js:1936
[    4027ms] [INFO] Evaluating a string as JavaScript violates the following Content Security Policy directive because 'unsafe-eval' is not an allowed source of script: "script-src 'self' 'unsafe-inline' https://js.tosspayments.com https://payments.toss.im".
 The policy is report-only, so the violation has been logged but no further action has been taken. @ http://localhost:3001/_next/static/chunks/node_modules_next_dist_compiled_react-server-dom-turbopack_0p3wegg._.js:1936
[    4037ms] [INFO] Evaluating a string as JavaScript violates the following Content Security Policy directive because 'unsafe-eval' is not an allowed source of script: "script-src 'self' 'unsafe-inline' https://js.tosspayments.com https://payments.toss.im".
 The policy is report-only, so the violation has been logged but no further action has been taken. @ http://localhost:3001/_next/static/chunks/node_modules_next_dist_compiled_react-server-dom-turbopack_0p3wegg._.js:1936
[    4037ms] [INFO] Evaluating a string as JavaScript violates the following Content Security Policy directive because 'unsafe-eval' is not an allowed source of script: "script-src 'self' 'unsafe-inline' https://js.tosspayments.com https://payments.toss.im".
 The policy is report-only, so the violation has been logged but no further action has been taken. @ http://localhost:3001/_next/static/chunks/node_modules_next_dist_compiled_react-server-dom-turbopack_0p3wegg._.js:1936
[    4037ms] [INFO] Evaluating a string as JavaScript violates the following Content Security Policy directive because 'unsafe-eval' is not an allowed source of script: "script-src 'self' 'unsafe-inline' https://js.tosspayments.com https://payments.toss.im".
 The policy is report-only, so the violation has been logged but no further action has been taken. @ http://localhost:3001/_next/static/chunks/node_modules_next_dist_compiled_react-server-dom-turbopack_0p3wegg._.js:1936
[    4037ms] [INFO] Evaluating a string as JavaScript violates the following Content Security Policy directive because 'unsafe-eval' is not an allowed source of script: "script-src 'self' 'unsafe-inline' https://js.tosspayments.com https://payments.toss.im".
 The policy is report-only, so the violation has been logged but no further action has been taken. @ http://localhost:3001/_next/static/chunks/node_modules_next_dist_compiled_react-server-dom-turbopack_0p3wegg._.js:1936
[    4037ms] [INFO] Evaluating a string as JavaScript violates the following Content Security Policy directive because 'unsafe-eval' is not an allowed source of script: "script-src 'self' 'unsafe-inline' https://js.tosspayments.com https://payments.toss.im".
 The policy is report-only, so the violation has been logged but no further action has been taken. @ http://localhost:3001/_next/static/chunks/node_modules_next_dist_compiled_react-server-dom-turbopack_0p3wegg._.js:1936
[    4038ms] [INFO] Evaluating a string as JavaScript violates the following Content Security Policy directive because 'unsafe-eval' is not an allowed source of script: "script-src 'self' 'unsafe-inline' https://js.tosspayments.com https://payments.toss.im".
 The policy is report-only, so the violation has been logged but no further action has been taken. @ http://localhost:3001/_next/static/chunks/node_modules_next_dist_compiled_react-server-dom-turbopack_0p3wegg._.js:1936
[    4038ms] [INFO] Evaluating a string as JavaScript violates the following Content Security Policy directive because 'unsafe-eval' is not an allowed source of script: "script-src 'self' 'unsafe-inline' https://js.tosspayments.com https://payments.toss.im".
 The policy is report-only, so the violation has been logged but no further action has been taken. @ http://localhost:3001/_next/static/chunks/node_modules_next_dist_compiled_react-server-dom-turbopack_0p3wegg._.js:1936
[    4038ms] [INFO] Evaluating a string as JavaScript violates the following Content Security Policy directive because 'unsafe-eval' is not an allowed source of script: "script-src 'self' 'unsafe-inline' https://js.tosspayments.com https://payments.toss.im".
 The policy is report-only, so the violation has been logged but no further action has been taken. @ http://localhost:3001/_next/static/chunks/node_modules_next_dist_compiled_react-server-dom-turbopack_0p3wegg._.js:1936
[    4053ms] [INFO] Evaluating a string as JavaScript violates the following Content Security Policy directive because 'unsafe-eval' is not an allowed source of script: "script-src 'self' 'unsafe-inline' https://js.tosspayments.com https://payments.toss.im".
 The policy is report-only, so the violation has been logged but no further action has been taken. @ http://localhost:3001/_next/static/chunks/node_modules_next_dist_compiled_react-server-dom-turbopack_0p3wegg._.js:1936
[    4054ms] [INFO] Evaluating a string as JavaScript violates the following Content Security Policy directive because 'unsafe-eval' is not an allowed source of script: "script-src 'self' 'unsafe-inline' https://js.tosspayments.com https://payments.toss.im".
 The policy is report-only, so the violation has been logged but no further action has been taken. @ http://localhost:3001/_next/static/chunks/node_modules_next_dist_compiled_react-server-dom-turbopack_0p3wegg._.js:1936
[    4057ms] [INFO] Evaluating a string as JavaScript violates the following Content Security Policy directive because 'unsafe-eval' is not an allowed source of script: "script-src 'self' 'unsafe-inline' https://js.tosspayments.com https://payments.toss.im".
 The policy is report-only, so the violation has been logged but no further action has been taken. @ http://localhost:3001/_next/static/chunks/node_modules_next_dist_compiled_react-server-dom-turbopack_0p3wegg._.js:1936
[    4057ms] [INFO] Evaluating a string as JavaScript violates the following Content Security Policy directive because 'unsafe-eval' is not an allowed source of script: "script-src 'self' 'unsafe-inline' https://js.tosspayments.com https://payments.toss.im".
 The policy is report-only, so the violation has been logged but no further action has been taken. @ http://localhost:3001/_next/static/chunks/node_modules_next_dist_compiled_react-server-dom-turbopack_0p3wegg._.js:1936
[    4058ms] [INFO] Evaluating a string as JavaScript violates the following Content Security Policy directive because 'unsafe-eval' is not an allowed source of script: "script-src 'self' 'unsafe-inline' https://js.tosspayments.com https://payments.toss.im".
 The policy is report-only, so the violation has been logged but no further action has been taken. @ http://localhost:3001/_next/static/chunks/node_modules_next_dist_compiled_react-server-dom-turbopack_0p3wegg._.js:1936
[    4058ms] [INFO] Evaluating a string as JavaScript violates the following Content Security Policy directive because 'unsafe-eval' is not an allowed source of script: "script-src 'self' 'unsafe-inline' https://js.tosspayments.com https://payments.toss.im".
 The policy is report-only, so the violation has been logged but no further action has been taken. @ http://localhost:3001/_next/static/chunks/node_modules_next_dist_compiled_react-server-dom-turbopack_0p3wegg._.js:1936
[    4058ms] [INFO] Evaluating a string as JavaScript violates the following Content Security Policy directive because 'unsafe-eval' is not an allowed source of script: "script-src 'self' 'unsafe-inline' https://js.tosspayments.com https://payments.toss.im".
 The policy is report-only, so the violation has been logged but no further action has been taken. @ http://localhost:3001/_next/static/chunks/node_modules_next_dist_compiled_react-server-dom-turbopack_0p3wegg._.js:1936
[    4058ms] [INFO] Evaluating a string as JavaScript violates the following Content Security Policy directive because 'unsafe-eval' is not an allowed source of script: "script-src 'self' 'unsafe-inline' https://js.tosspayments.com https://payments.toss.im".
 The policy is report-only, so the violation has been logged but no further action has been taken. @ http://localhost:3001/_next/static/chunks/node_modules_next_dist_compiled_react-server-dom-turbopack_0p3wegg._.js:1936
[    4058ms] [INFO] Evaluating a string as JavaScript violates the following Content Security Policy directive because 'unsafe-eval' is not an allowed source of script: "script-src 'self' 'unsafe-inline' https://js.tosspayments.com https://payments.toss.im".
 The policy is report-only, so the violation has been logged but no further action has been taken. @ http://localhost:3001/_next/static/chunks/node_modules_next_dist_compiled_react-server-dom-turbopack_0p3wegg._.js:1936
[    4058ms] [INFO] Evaluating a string as JavaScript violates the following Content Security Policy directive because 'unsafe-eval' is not an allowed source of script: "script-src 'self' 'unsafe-inline' https://js.tosspayments.com https://payments.toss.im".
 The policy is report-only, so the violation has been logged but no further action has been taken. @ http://localhost:3001/_next/static/chunks/node_modules_next_dist_compiled_react-server-dom-turbopack_0p3wegg._.js:1936
[    4059ms] [INFO] Evaluating a string as JavaScript violates the following Content Security Policy directive because 'unsafe-eval' is not an allowed source of script: "script-src 'self' 'unsafe-inline' https://js.tosspayments.com https://payments.toss.im".
 The policy is report-only, so the violation has been logged but no further action has been taken. @ http://localhost:3001/_next/static/chunks/node_modules_next_dist_compiled_react-server-dom-turbopack_0p3wegg._.js:1936
[    4059ms] [INFO] Evaluating a string as JavaScript violates the following Content Security Policy directive because 'unsafe-eval' is not an allowed source of script: "script-src 'self' 'unsafe-inline' https://js.tosspayments.com https://payments.toss.im".
 The policy is report-only, so the violation has been logged but no further action has been taken. @ http://localhost:3001/_next/static/chunks/node_modules_next_dist_compiled_react-server-dom-turbopack_0p3wegg._.js:1936
[    4059ms] [INFO] Evaluating a string as JavaScript violates the following Content Security Policy directive because 'unsafe-eval' is not an allowed source of script: "script-src 'self' 'unsafe-inline' https://js.tosspayments.com https://payments.toss.im".
 The policy is report-only, so the violation has been logged but no further action has been taken. @ http://localhost:3001/_next/static/chunks/node_modules_next_dist_compiled_react-server-dom-turbopack_0p3wegg._.js:1936
[    4059ms] [INFO] Evaluating a string as JavaScript violates the following Content Security Policy directive because 'unsafe-eval' is not an allowed source of script: "script-src 'self' 'unsafe-inline' https://js.tosspayments.com https://payments.toss.im".
 The policy is report-only, so the violation has been logged but no further action has been taken. @ http://localhost:3001/_next/static/chunks/node_modules_next_dist_compiled_react-server-dom-turbopack_0p3wegg._.js:1936
[    4059ms] [INFO] Evaluating a string as JavaScript violates the following Content Security Policy directive because 'unsafe-eval' is not an allowed source of script: "script-src 'self' 'unsafe-inline' https://js.tosspayments.com https://payments.toss.im".
 The policy is report-only, so the violation has been logged but no further action has been taken. @ http://localhost:3001/_next/static/chunks/node_modules_next_dist_compiled_react-server-dom-turbopack_0p3wegg._.js:1936
[    4062ms] [INFO] Evaluating a string as JavaScript violates the following Content Security Policy directive because 'unsafe-eval' is not an allowed source of script: "script-src 'self' 'unsafe-inline' https://js.tosspayments.com https://payments.toss.im".
 The policy is report-only, so the violation has been logged but no further action has been taken. @ http://localhost:3001/_next/static/chunks/node_modules_next_dist_compiled_react-server-dom-turbopack_0p3wegg._.js:1936
[    4062ms] [INFO] Evaluating a string as JavaScript violates the following Content Security Policy directive because 'unsafe-eval' is not an allowed source of script: "script-src 'self' 'unsafe-inline' https://js.tosspayments.com https://payments.toss.im".
 The policy is report-only, so the violation has been logged but no further action has been taken. @ http://localhost:3001/_next/static/chunks/node_modules_next_dist_compiled_react-server-dom-turbopack_0p3wegg._.js:1936
[    4062ms] [INFO] Evaluating a string as JavaScript violates the following Content Security Policy directive because 'unsafe-eval' is not an allowed source of script: "script-src 'self' 'unsafe-inline' https://js.tosspayments.com https://payments.toss.im".
 The policy is report-only, so the violation has been logged but no further action has been taken. @ http://localhost:3001/_next/static/chunks/node_modules_next_dist_compiled_react-server-dom-turbopack_0p3wegg._.js:1936
[    4066ms] [INFO] Evaluating a string as JavaScript violates the following Content Security Policy directive because 'unsafe-eval' is not an allowed source of script: "script-src 'self' 'unsafe-inline' https://js.tosspayments.com https://payments.toss.im".
 The policy is report-only, so the violation has been logged but no further action has been taken. @ http://localhost:3001/_next/static/chunks/node_modules_next_dist_compiled_react-server-dom-turbopack_0p3wegg._.js:1936
[    4300ms] [INFO] Evaluating a string as JavaScript violates the following Content Security Policy directive because 'unsafe-eval' is not an allowed source of script: "script-src 'self' 'unsafe-inline' https://js.tosspayments.com https://payments.toss.im".
 The policy is report-only, so the violation has been logged but no further action has been taken. @ http://localhost:3001/_next/static/chunks/node_modules_next_dist_compiled_react-server-dom-turbopack_0p3wegg._.js:1936
[    4302ms] [INFO] Evaluating a string as JavaScript violates the following Content Security Policy directive because 'unsafe-eval' is not an allowed source of script: "script-src 'self' 'unsafe-inline' https://js.tosspayments.com https://payments.toss.im".
 The policy is report-only, so the violation has been logged but no further action has been taken. @ http://localhost:3001/_next/static/chunks/node_modules_next_dist_compiled_react-server-dom-turbopack_0p3wegg._.js:1936
[    4302ms] [INFO] Evaluating a string as JavaScript violates the following Content Security Policy directive because 'unsafe-eval' is not an allowed source of script: "script-src 'self' 'unsafe-inline' https://js.tosspayments.com https://payments.toss.im".
 The policy is report-only, so the violation has been logged but no further action has been taken. @ http://localhost:3001/_next/static/chunks/node_modules_next_dist_compiled_react-server-dom-turbopack_0p3wegg._.js:1936
[    4302ms] [INFO] Evaluating a string as JavaScript violates the following Content Security Policy directive because 'unsafe-eval' is not an allowed source of script: "script-src 'self' 'unsafe-inline' https://js.tosspayments.com https://payments.toss.im".
 The policy is report-only, so the violation has been logged but no further action has been taken. @ http://localhost:3001/_next/static/chunks/node_modules_next_dist_compiled_react-server-dom-turbopack_0p3wegg._.js:1936
[    4308ms] [INFO] Evaluating a string as JavaScript violates the following Content Security Policy directive because 'unsafe-eval' is not an allowed source of script: "script-src 'self' 'unsafe-inline' https://js.tosspayments.com https://payments.toss.im".
 The policy is report-only, so the violation has been logged but no further action has been taken. @ http://localhost:3001/_next/static/chunks/node_modules_next_dist_compiled_react-server-dom-turbopack_0p3wegg._.js:1936
[    4308ms] [INFO] Evaluating a string as JavaScript violates the following Content Security Policy directive because 'unsafe-eval' is not an allowed source of script: "script-src 'self' 'unsafe-inline' https://js.tosspayments.com https://payments.toss.im".
 The policy is report-only, so the violation has been logged but no further action has been taken. @ http://localhost:3001/_next/static/chunks/node_modules_next_dist_compiled_react-server-dom-turbopack_0p3wegg._.js:1936
[    4309ms] [INFO] Evaluating a string as JavaScript violates the following Content Security Policy directive because 'unsafe-eval' is not an allowed source of script: "script-src 'self' 'unsafe-inline' https://js.tosspayments.com https://payments.toss.im".
 The policy is report-only, so the violation has been logged but no further action has been taken. @ http://localhost:3001/_next/static/chunks/node_modules_next_dist_compiled_react-server-dom-turbopack_0p3wegg._.js:1936
[    4309ms] [INFO] Evaluating a string as JavaScript violates the following Content Security Policy directive because 'unsafe-eval' is not an allowed source of script: "script-src 'self' 'unsafe-inline' https://js.tosspayments.com https://payments.toss.im".
 The policy is report-only, so the violation has been logged but no further action has been taken. @ http://localhost:3001/_next/static/chunks/node_modules_next_dist_compiled_react-server-dom-turbopack_0p3wegg._.js:1936
[    4309ms] [INFO] Evaluating a string as JavaScript violates the following Content Security Policy directive because 'unsafe-eval' is not an allowed source of script: "script-src 'self' 'unsafe-inline' https://js.tosspayments.com https://payments.toss.im".
 The policy is report-only, so the violation has been logged but no further action has been taken. @ http://localhost:3001/_next/static/chunks/node_modules_next_dist_compiled_react-server-dom-turbopack_0p3wegg._.js:1936
[    4309ms] [INFO] Evaluating a string as JavaScript violates the following Content Security Policy directive because 'unsafe-eval' is not an allowed source of script: "script-src 'self' 'unsafe-inline' https://js.tosspayments.com https://payments.toss.im".
 The policy is report-only, so the violation has been logged but no further action has been taken. @ http://localhost:3001/_next/static/chunks/node_modules_next_dist_compiled_react-server-dom-turbopack_0p3wegg._.js:1936
[    4309ms] [INFO] Evaluating a string as JavaScript violates the following Content Security Policy directive because 'unsafe-eval' is not an allowed source of script: "script-src 'self' 'unsafe-inline' https://js.tosspayments.com https://payments.toss.im".
 The policy is report-only, so the violation has been logged but no further action has been taken. @ http://localhost:3001/_next/static/chunks/node_modules_next_dist_compiled_react-server-dom-turbopack_0p3wegg._.js:1936
[    4309ms] [INFO] Evaluating a string as JavaScript violates the following Content Security Policy directive because 'unsafe-eval' is not an allowed source of script: "script-src 'self' 'unsafe-inline' https://js.tosspayments.com https://payments.toss.im".
 The policy is report-only, so the violation has been logged but no further action has been taken. @ http://localhost:3001/_next/static/chunks/node_modules_next_dist_compiled_react-server-dom-turbopack_0p3wegg._.js:1936
[    4309ms] [INFO] Evaluating a string as JavaScript violates the following Content Security Policy directive because 'unsafe-eval' is not an allowed source of script: "script-src 'self' 'unsafe-inline' https://js.tosspayments.com https://payments.toss.im".
 The policy is report-only, so the violation has been logged but no further action has been taken. @ http://localhost:3001/_next/static/chunks/node_modules_next_dist_compiled_react-server-dom-turbopack_0p3wegg._.js:1936
[    4309ms] [INFO] Evaluating a string as JavaScript violates the following Content Security Policy directive because 'unsafe-eval' is not an allowed source of script: "script-src 'self' 'unsafe-inline' https://js.tosspayments.com https://payments.toss.im".
 The policy is report-only, so the violation has been logged but no further action has been taken. @ http://localhost:3001/_next/static/chunks/node_modules_next_dist_compiled_react-server-dom-turbopack_0p3wegg._.js:1936
[    4309ms] [INFO] Evaluating a string as JavaScript violates the following Content Security Policy directive because 'unsafe-eval' is not an allowed source of script: "script-src 'self' 'unsafe-inline' https://js.tosspayments.com https://payments.toss.im".
 The policy is report-only, so the violation has been logged but no further action has been taken. @ http://localhost:3001/_next/static/chunks/node_modules_next_dist_compiled_react-server-dom-turbopack_0p3wegg._.js:1936
[    4310ms] [INFO] Evaluating a string as JavaScript violates the following Content Security Policy directive because 'unsafe-eval' is not an allowed source of script: "script-src 'self' 'unsafe-inline' https://js.tosspayments.com https://payments.toss.im".
 The policy is report-only, so the violation has been logged but no further action has been taken. @ http://localhost:3001/_next/static/chunks/node_modules_next_dist_compiled_react-server-dom-turbopack_0p3wegg._.js:1936
[    4310ms] [INFO] Evaluating a string as JavaScript violates the following Content Security Policy directive because 'unsafe-eval' is not an allowed source of script: "script-src 'self' 'unsafe-inline' https://js.tosspayments.com https://payments.toss.im".
 The policy is report-only, so the violation has been logged but no further action has been taken. @ http://localhost:3001/_next/static/chunks/node_modules_next_dist_compiled_react-server-dom-turbopack_0p3wegg._.js:1936
[    4310ms] [INFO] Evaluating a string as JavaScript violates the following Content Security Policy directive because 'unsafe-eval' is not an allowed source of script: "script-src 'self' 'unsafe-inline' https://js.tosspayments.com https://payments.toss.im".
 The policy is report-only, so the violation has been logged but no further action has been taken. @ http://localhost:3001/_next/static/chunks/node_modules_next_dist_compiled_react-server-dom-turbopack_0p3wegg._.js:1936
[    4310ms] [INFO] Evaluating a string as JavaScript violates the following Content Security Policy directive because 'unsafe-eval' is not an allowed source of script: "script-src 'self' 'unsafe-inline' https://js.tosspayments.com https://payments.toss.im".
 The policy is report-only, so the violation has been logged but no further action has been taken. @ http://localhost:3001/_next/static/chunks/node_modules_next_dist_compiled_react-server-dom-turbopack_0p3wegg._.js:1936
[    4310ms] [INFO] Evaluating a string as JavaScript violates the following Content Security Policy directive because 'unsafe-eval' is not an allowed source of script: "script-src 'self' 'unsafe-inline' https://js.tosspayments.com https://payments.toss.im".
 The policy is report-only, so the violation has been logged but no further action has been taken. @ http://localhost:3001/_next/static/chunks/node_modules_next_dist_compiled_react-server-dom-turbopack_0p3wegg._.js:1936
[    4310ms] [INFO] Evaluating a string as JavaScript violates the following Content Security Policy directive because 'unsafe-eval' is not an allowed source of script: "script-src 'self' 'unsafe-inline' https://js.tosspayments.com https://payments.toss.im".
 The policy is report-only, so the violation has been logged but no further action has been taken. @ http://localhost:3001/_next/static/chunks/node_modules_next_dist_compiled_react-server-dom-turbopack_0p3wegg._.js:1936
[    4310ms] [INFO] Evaluating a string as JavaScript violates the following Content Security Policy directive because 'unsafe-eval' is not an allowed source of script: "script-src 'self' 'unsafe-inline' https://js.tosspayments.com https://payments.toss.im".
 The policy is report-only, so the violation has been logged but no further action has been taken. @ http://localhost:3001/_next/static/chunks/node_modules_next_dist_compiled_react-server-dom-turbopack_0p3wegg._.js:1936
[    4310ms] [INFO] Evaluating a string as JavaScript violates the following Content Security Policy directive because 'unsafe-eval' is not an allowed source of script: "script-src 'self' 'unsafe-inline' https://js.tosspayments.com https://payments.toss.im".
 The policy is report-only, so the violation has been logged but no further action has been taken. @ http://localhost:3001/_next/static/chunks/node_modules_next_dist_compiled_react-server-dom-turbopack_0p3wegg._.js:1936
[    4310ms] [INFO] Evaluating a string as JavaScript violates the following Content Security Policy directive because 'unsafe-eval' is not an allowed source of script: "script-src 'self' 'unsafe-inline' https://js.tosspayments.com https://payments.toss.im".
 The policy is report-only, so the violation has been logged but no further action has been taken. @ http://localhost:3001/_next/static/chunks/node_modules_next_dist_compiled_react-server-dom-turbopack_0p3wegg._.js:1936
[    4311ms] [INFO] Evaluating a string as JavaScript violates the following Content Security Policy directive because 'unsafe-eval' is not an allowed source of script: "script-src 'self' 'unsafe-inline' https://js.tosspayments.com https://payments.toss.im".
 The policy is report-only, so the violation has been logged but no further action has been taken. @ http://localhost:3001/_next/static/chunks/node_modules_next_dist_compiled_react-server-dom-turbopack_0p3wegg._.js:1936
[    4311ms] [INFO] Evaluating a string as JavaScript violates the following Content Security Policy directive because 'unsafe-eval' is not an allowed source of script: "script-src 'self' 'unsafe-inline' https://js.tosspayments.com https://payments.toss.im".
 The policy is report-only, so the violation has been logged but no further action has been taken. @ http://localhost:3001/_next/static/chunks/node_modules_next_dist_compiled_react-server-dom-turbopack_0p3wegg._.js:1936
[    4311ms] [INFO] Evaluating a string as JavaScript violates the following Content Security Policy directive because 'unsafe-eval' is not an allowed source of script: "script-src 'self' 'unsafe-inline' https://js.tosspayments.com https://payments.toss.im".
 The policy is report-only, so the violation has been logged but no further action has been taken. @ http://localhost:3001/_next/static/chunks/node_modules_next_dist_compiled_react-server-dom-turbopack_0p3wegg._.js:1936
[    4311ms] [INFO] Evaluating a string as JavaScript violates the following Content Security Policy directive because 'unsafe-eval' is not an allowed source of script: "script-src 'self' 'unsafe-inline' https://js.tosspayments.com https://payments.toss.im".
 The policy is report-only, so the violation has been logged but no further action has been taken. @ http://localhost:3001/_next/static/chunks/node_modules_next_dist_compiled_react-server-dom-turbopack_0p3wegg._.js:1936
[    4311ms] [INFO] Evaluating a string as JavaScript violates the following Content Security Policy directive because 'unsafe-eval' is not an allowed source of script: "script-src 'self' 'unsafe-inline' https://js.tosspayments.com https://payments.toss.im".
 The policy is report-only, so the violation has been logged but no further action has been taken. @ http://localhost:3001/_next/static/chunks/node_modules_next_dist_compiled_react-server-dom-turbopack_0p3wegg._.js:1936
[    4311ms] [INFO] Evaluating a string as JavaScript violates the following Content Security Policy directive because 'unsafe-eval' is not an allowed source of script: "script-src 'self' 'unsafe-inline' https://js.tosspayments.com https://payments.toss.im".
 The policy is report-only, so the violation has been logged but no further action has been taken. @ http://localhost:3001/_next/static/chunks/node_modules_next_dist_compiled_react-server-dom-turbopack_0p3wegg._.js:1936
[    4311ms] [INFO] Evaluating a string as JavaScript violates the following Content Security Policy directive because 'unsafe-eval' is not an allowed source of script: "script-src 'self' 'unsafe-inline' https://js.tosspayments.com https://payments.toss.im".
 The policy is report-only, so the violation has been logged but no further action has been taken. @ http://localhost:3001/_next/static/chunks/node_modules_next_dist_compiled_react-server-dom-turbopack_0p3wegg._.js:1936
[    4311ms] [INFO] Evaluating a string as JavaScript violates the following Content Security Policy directive because 'unsafe-eval' is not an allowed source of script: "script-src 'self' 'unsafe-inline' https://js.tosspayments.com https://payments.toss.im".
 The policy is report-only, so the violation has been logged but no further action has been taken. @ http://localhost:3001/_next/static/chunks/node_modules_next_dist_compiled_react-server-dom-turbopack_0p3wegg._.js:1936
[    4311ms] [INFO] Evaluating a string as JavaScript violates the following Content Security Policy directive because 'unsafe-eval' is not an allowed source of script: "script-src 'self' 'unsafe-inline' https://js.tosspayments.com https://payments.toss.im".
 The policy is report-only, so the violation has been logged but no further action has been taken. @ http://localhost:3001/_next/static/chunks/node_modules_next_dist_compiled_react-server-dom-turbopack_0p3wegg._.js:1936
[    4312ms] [INFO] Evaluating a string as JavaScript violates the following Content Security Policy directive because 'unsafe-eval' is not an allowed source of script: "script-src 'self' 'unsafe-inline' https://js.tosspayments.com https://payments.toss.im".
 The policy is report-only, so the violation has been logged but no further action has been taken. @ http://localhost:3001/_next/static/chunks/node_modules_next_dist_compiled_react-server-dom-turbopack_0p3wegg._.js:1936
[    4312ms] [INFO] Evaluating a string as JavaScript violates the following Content Security Policy directive because 'unsafe-eval' is not an allowed source of script: "script-src 'self' 'unsafe-inline' https://js.tosspayments.com https://payments.toss.im".
 The policy is report-only, so the violation has been logged but no further action has been taken. @ http://localhost:3001/_next/static/chunks/node_modules_next_dist_compiled_react-server-dom-turbopack_0p3wegg._.js:1936
[    4312ms] [INFO] Evaluating a string as JavaScript violates the following Content Security Policy directive because 'unsafe-eval' is not an allowed source of script: "script-src 'self' 'unsafe-inline' https://js.tosspayments.com https://payments.toss.im".
 The policy is report-only, so the violation has been logged but no further action has been taken. @ http://localhost:3001/_next/static/chunks/node_modules_next_dist_compiled_react-server-dom-turbopack_0p3wegg._.js:1936
[    4312ms] [INFO] Evaluating a string as JavaScript violates the following Content Security Policy directive because 'unsafe-eval' is not an allowed source of script: "script-src 'self' 'unsafe-inline' https://js.tosspayments.com https://payments.toss.im".
 The policy is report-only, so the violation has been logged but no further action has been taken. @ http://localhost:3001/_next/static/chunks/node_modules_next_dist_compiled_react-server-dom-turbopack_0p3wegg._.js:1936
[    4312ms] [INFO] Evaluating a string as JavaScript violates the following Content Security Policy directive because 'unsafe-eval' is not an allowed source of script: "script-src 'self' 'unsafe-inline' https://js.tosspayments.com https://payments.toss.im".
 The policy is report-only, so the violation has been logged but no further action has been taken. @ http://localhost:3001/_next/static/chunks/node_modules_next_dist_compiled_react-server-dom-turbopack_0p3wegg._.js:1936
[    4312ms] [INFO] Evaluating a string as JavaScript violates the following Content Security Policy directive because 'unsafe-eval' is not an allowed source of script: "script-src 'self' 'unsafe-inline' https://js.tosspayments.com https://payments.toss.im".
 The policy is report-only, so the violation has been logged but no further action has been taken. @ http://localhost:3001/_next/static/chunks/node_modules_next_dist_compiled_react-server-dom-turbopack_0p3wegg._.js:1936
[    4312ms] [INFO] Evaluating a string as JavaScript violates the following Content Security Policy directive because 'unsafe-eval' is not an allowed source of script: "script-src 'self' 'unsafe-inline' https://js.tosspayments.com https://payments.toss.im".
 The policy is report-only, so the violation has been logged but no further action has been taken. @ http://localhost:3001/_next/static/chunks/node_modules_next_dist_compiled_react-server-dom-turbopack_0p3wegg._.js:1936
[    4313ms] [INFO] Evaluating a string as JavaScript violates the following Content Security Policy directive because 'unsafe-eval' is not an allowed source of script: "script-src 'self' 'unsafe-inline' https://js.tosspayments.com https://payments.toss.im".
 The policy is report-only, so the violation has been logged but no further action has been taken. @ http://localhost:3001/_next/static/chunks/node_modules_next_dist_compiled_react-server-dom-turbopack_0p3wegg._.js:1936
[    4313ms] [INFO] Evaluating a string as JavaScript violates the following Content Security Policy directive because 'unsafe-eval' is not an allowed source of script: "script-src 'self' 'unsafe-inline' https://js.tosspayments.com https://payments.toss.im".
 The policy is report-only, so the violation has been logged but no further action has been taken. @ http://localhost:3001/_next/static/chunks/node_modules_next_dist_compiled_react-server-dom-turbopack_0p3wegg._.js:1936
[    4313ms] [INFO] Evaluating a string as JavaScript violates the following Content Security Policy directive because 'unsafe-eval' is not an allowed source of script: "script-src 'self' 'unsafe-inline' https://js.tosspayments.com https://payments.toss.im".
 The policy is report-only, so the violation has been logged but no further action has been taken. @ http://localhost:3001/_next/static/chunks/node_modules_next_dist_compiled_react-server-dom-turbopack_0p3wegg._.js:1936
[    4313ms] [INFO] Evaluating a string as JavaScript violates the following Content Security Policy directive because 'unsafe-eval' is not an allowed source of script: "script-src 'self' 'unsafe-inline' https://js.tosspayments.com https://payments.toss.im".
 The policy is report-only, so the violation has been logged but no further action has been taken. @ http://localhost:3001/_next/static/chunks/node_modules_next_dist_compiled_react-server-dom-turbopack_0p3wegg._.js:1936
[    4313ms] [INFO] Evaluating a string as JavaScript violates the following Content Security Policy directive because 'unsafe-eval' is not an allowed source of script: "script-src 'self' 'unsafe-inline' https://js.tosspayments.com https://payments.toss.im".
 The policy is report-only, so the violation has been logged but no further action has been taken. @ http://localhost:3001/_next/static/chunks/node_modules_next_dist_compiled_react-server-dom-turbopack_0p3wegg._.js:1936
[    4313ms] [INFO] Evaluating a string as JavaScript violates the following Content Security Policy directive because 'unsafe-eval' is not an allowed source of script: "script-src 'self' 'unsafe-inline' https://js.tosspayments.com https://payments.toss.im".
 The policy is report-only, so the violation has been logged but no further action has been taken. @ http://localhost:3001/_next/static/chunks/node_modules_next_dist_compiled_react-server-dom-turbopack_0p3wegg._.js:1936
[    4313ms] [INFO] Evaluating a string as JavaScript violates the following Content Security Policy directive because 'unsafe-eval' is not an allowed source of script: "script-src 'self' 'unsafe-inline' https://js.tosspayments.com https://payments.toss.im".
 The policy is report-only, so the violation has been logged but no further action has been taken. @ http://localhost:3001/_next/static/chunks/node_modules_next_dist_compiled_react-server-dom-turbopack_0p3wegg._.js:1936
[    4313ms] [INFO] Evaluating a string as JavaScript violates the following Content Security Policy directive because 'unsafe-eval' is not an allowed source of script: "script-src 'self' 'unsafe-inline' https://js.tosspayments.com https://payments.toss.im".
 The policy is report-only, so the violation has been logged but no further action has been taken. @ http://localhost:3001/_next/static/chunks/node_modules_next_dist_compiled_react-server-dom-turbopack_0p3wegg._.js:1936
[    4314ms] [INFO] Evaluating a string as JavaScript violates the following Content Security Policy directive because 'unsafe-eval' is not an allowed source of script: "script-src 'self' 'unsafe-inline' https://js.tosspayments.com https://payments.toss.im".
 The policy is report-only, so the violation has been logged but no further action has been taken. @ http://localhost:3001/_next/static/chunks/node_modules_next_dist_compiled_react-server-dom-turbopack_0p3wegg._.js:1936
[    4314ms] [INFO] Evaluating a string as JavaScript violates the following Content Security Policy directive because 'unsafe-eval' is not an allowed source of script: "script-src 'self' 'unsafe-inline' https://js.tosspayments.com https://payments.toss.im".
 The policy is report-only, so the violation has been logged but no further action has been taken. @ http://localhost:3001/_next/static/chunks/node_modules_next_dist_compiled_react-server-dom-turbopack_0p3wegg._.js:1936
[    4314ms] [INFO] Evaluating a string as JavaScript violates the following Content Security Policy directive because 'unsafe-eval' is not an allowed source of script: "script-src 'self' 'unsafe-inline' https://js.tosspayments.com https://payments.toss.im".
 The policy is report-only, so the violation has been logged but no further action has been taken. @ http://localhost:3001/_next/static/chunks/node_modules_next_dist_compiled_react-server-dom-turbopack_0p3wegg._.js:1936
[    4314ms] [INFO] Evaluating a string as JavaScript violates the following Content Security Policy directive because 'unsafe-eval' is not an allowed source of script: "script-src 'self' 'unsafe-inline' https://js.tosspayments.com https://payments.toss.im".
 The policy is report-only, so the violation has been logged but no further action has been taken. @ http://localhost:3001/_next/static/chunks/node_modules_next_dist_compiled_react-server-dom-turbopack_0p3wegg._.js:1936
[    4314ms] [INFO] Evaluating a string as JavaScript violates the following Content Security Policy directive because 'unsafe-eval' is not an allowed source of script: "script-src 'self' 'unsafe-inline' https://js.tosspayments.com https://payments.toss.im".
 The policy is report-only, so the violation has been logged but no further action has been taken. @ http://localhost:3001/_next/static/chunks/node_modules_next_dist_compiled_react-server-dom-turbopack_0p3wegg._.js:1936
[    4314ms] [INFO] Evaluating a string as JavaScript violates the following Content Security Policy directive because 'unsafe-eval' is not an allowed source of script: "script-src 'self' 'unsafe-inline' https://js.tosspayments.com https://payments.toss.im".
 The policy is report-only, so the violation has been logged but no further action has been taken. @ http://localhost:3001/_next/static/chunks/node_modules_next_dist_compiled_react-server-dom-turbopack_0p3wegg._.js:1936
[    4314ms] [INFO] Evaluating a string as JavaScript violates the following Content Security Policy directive because 'unsafe-eval' is not an allowed source of script: "script-src 'self' 'unsafe-inline' https://js.tosspayments.com https://payments.toss.im".
 The policy is report-only, so the violation has been logged but no further action has been taken. @ http://localhost:3001/_next/static/chunks/node_modules_next_dist_compiled_react-server-dom-turbopack_0p3wegg._.js:1936
[    4314ms] [INFO] Evaluating a string as JavaScript violates the following Content Security Policy directive because 'unsafe-eval' is not an allowed source of script: "script-src 'self' 'unsafe-inline' https://js.tosspayments.com https://payments.toss.im".
 The policy is report-only, so the violation has been logged but no further action has been taken. @ http://localhost:3001/_next/static/chunks/node_modules_next_dist_compiled_react-server-dom-turbopack_0p3wegg._.js:1936
[    4324ms] [INFO] Evaluating a string as JavaScript violates the following Content Security Policy directive because 'unsafe-eval' is not an allowed source of script: "script-src 'self' 'unsafe-inline' https://js.tosspayments.com https://payments.toss.im".
 The policy is report-only, so the violation has been logged but no further action has been taken. @ http://localhost:3001/_next/static/chunks/node_modules_next_dist_compiled_react-server-dom-turbopack_0p3wegg._.js:1936
[    4326ms] [INFO] Evaluating a string as JavaScript violates the following Content Security Policy directive because 'unsafe-eval' is not an allowed source of script: "script-src 'self' 'unsafe-inline' https://js.tosspayments.com https://payments.toss.im".
 The policy is report-only, so the violation has been logged but no further action has been taken. @ http://localhost:3001/_next/static/chunks/node_modules_next_dist_compiled_react-server-dom-turbopack_0p3wegg._.js:1936
[    4327ms] [INFO] Evaluating a string as JavaScript violates the following Content Security Policy directive because 'unsafe-eval' is not an allowed source of script: "script-src 'self' 'unsafe-inline' https://js.tosspayments.com https://payments.toss.im".
 The policy is report-only, so the violation has been logged but no further action has been taken. @ http://localhost:3001/_next/static/chunks/node_modules_next_dist_compiled_react-server-dom-turbopack_0p3wegg._.js:1936
[    4327ms] [INFO] Evaluating a string as JavaScript violates the following Content Security Policy directive because 'unsafe-eval' is not an allowed source of script: "script-src 'self' 'unsafe-inline' https://js.tosspayments.com https://payments.toss.im".
 The policy is report-only, so the violation has been logged but no further action has been taken. @ http://localhost:3001/_next/static/chunks/node_modules_next_dist_compiled_react-server-dom-turbopack_0p3wegg._.js:1936
[    4327ms] [INFO] Evaluating a string as JavaScript violates the following Content Security Policy directive because 'unsafe-eval' is not an allowed source of script: "script-src 'self' 'unsafe-inline' https://js.tosspayments.com https://payments.toss.im".
 The policy is report-only, so the violation has been logged but no further action has been taken. @ http://localhost:3001/_next/static/chunks/node_modules_next_dist_compiled_react-server-dom-turbopack_0p3wegg._.js:1936
[    4327ms] [INFO] Evaluating a string as JavaScript violates the following Content Security Policy directive because 'unsafe-eval' is not an allowed source of script: "script-src 'self' 'unsafe-inline' https://js.tosspayments.com https://payments.toss.im".
 The policy is report-only, so the violation has been logged but no further action has been taken. @ http://localhost:3001/_next/static/chunks/node_modules_next_dist_compiled_react-server-dom-turbopack_0p3wegg._.js:1936
[    4327ms] [INFO] Evaluating a string as JavaScript violates the following Content Security Policy directive because 'unsafe-eval' is not an allowed source of script: "script-src 'self' 'unsafe-inline' https://js.tosspayments.com https://payments.toss.im".
 The policy is report-only, so the violation has been logged but no further action has been taken. @ http://localhost:3001/_next/static/chunks/node_modules_next_dist_compiled_react-server-dom-turbopack_0p3wegg._.js:1936
[    4327ms] [INFO] Evaluating a string as JavaScript violates the following Content Security Policy directive because 'unsafe-eval' is not an allowed source of script: "script-src 'self' 'unsafe-inline' https://js.tosspayments.com https://payments.toss.im".
 The policy is report-only, so the violation has been logged but no further action has been taken. @ http://localhost:3001/_next/static/chunks/node_modules_next_dist_compiled_react-server-dom-turbopack_0p3wegg._.js:1936
[    4327ms] [INFO] Evaluating a string as JavaScript violates the following Content Security Policy directive because 'unsafe-eval' is not an allowed source of script: "script-src 'self' 'unsafe-inline' https://js.tosspayments.com https://payments.toss.im".
 The policy is report-only, so the violation has been logged but no further action has been taken. @ http://localhost:3001/_next/static/chunks/node_modules_next_dist_compiled_react-server-dom-turbopack_0p3wegg._.js:1936
[    4327ms] [INFO] Evaluating a string as JavaScript violates the following Content Security Policy directive because 'unsafe-eval' is not an allowed source of script: "script-src 'self' 'unsafe-inline' https://js.tosspayments.com https://payments.toss.im".
 The policy is report-only, so the violation has been logged but no further action has been taken. @ http://localhost:3001/_next/static/chunks/node_modules_next_dist_compiled_react-server-dom-turbopack_0p3wegg._.js:1936
[    4327ms] [INFO] Evaluating a string as JavaScript violates the following Content Security Policy directive because 'unsafe-eval' is not an allowed source of script: "script-src 'self' 'unsafe-inline' https://js.tosspayments.com https://payments.toss.im".
 The policy is report-only, so the violation has been logged but no further action has been taken. @ http://localhost:3001/_next/static/chunks/node_modules_next_dist_compiled_react-server-dom-turbopack_0p3wegg._.js:1936
[    4328ms] [INFO] Evaluating a string as JavaScript violates the following Content Security Policy directive because 'unsafe-eval' is not an allowed source of script: "script-src 'self' 'unsafe-inline' https://js.tosspayments.com https://payments.toss.im".
 The policy is report-only, so the violation has been logged but no further action has been taken. @ http://localhost:3001/_next/static/chunks/node_modules_next_dist_compiled_react-server-dom-turbopack_0p3wegg._.js:1936
[    4328ms] [INFO] Evaluating a string as JavaScript violates the following Content Security Policy directive because 'unsafe-eval' is not an allowed source of script: "script-src 'self' 'unsafe-inline' https://js.tosspayments.com https://payments.toss.im".
 The policy is report-only, so the violation has been logged but no further action has been taken. @ http://localhost:3001/_next/static/chunks/node_modules_next_dist_compiled_react-server-dom-turbopack_0p3wegg._.js:1936
[    4337ms] [INFO] Evaluating a string as JavaScript violates the following Content Security Policy directive because 'unsafe-eval' is not an allowed source of script: "script-src 'self' 'unsafe-inline' https://js.tosspayments.com https://payments.toss.im".
 The policy is report-only, so the violation has been logged but no further action has been taken. @ http://localhost:3001/_next/static/chunks/node_modules_next_dist_compiled_react-server-dom-turbopack_0p3wegg._.js:1936
[    4337ms] [INFO] Evaluating a string as JavaScript violates the following Content Security Policy directive because 'unsafe-eval' is not an allowed source of script: "script-src 'self' 'unsafe-inline' https://js.tosspayments.com https://payments.toss.im".
 The policy is report-only, so the violation has been logged but no further action has been taken. @ http://localhost:3001/_next/static/chunks/node_modules_next_dist_compiled_react-server-dom-turbopack_0p3wegg._.js:1936
[    4337ms] [INFO] Evaluating a string as JavaScript violates the following Content Security Policy directive because 'unsafe-eval' is not an allowed source of script: "script-src 'self' 'unsafe-inline' https://js.tosspayments.com https://payments.toss.im".
 The policy is report-only, so the violation has been logged but no further action has been taken. @ http://localhost:3001/_next/static/chunks/node_modules_next_dist_compiled_react-server-dom-turbopack_0p3wegg._.js:1936
[    4338ms] [INFO] Evaluating a string as JavaScript violates the following Content Security Policy directive because 'unsafe-eval' is not an allowed source of script: "script-src 'self' 'unsafe-inline' https://js.tosspayments.com https://payments.toss.im".
 The policy is report-only, so the violation has been logged but no further action has been taken. @ http://localhost:3001/_next/static/chunks/node_modules_next_dist_compiled_react-server-dom-turbopack_0p3wegg._.js:1936
[    4338ms] [INFO] Evaluating a string as JavaScript violates the following Content Security Policy directive because 'unsafe-eval' is not an allowed source of script: "script-src 'self' 'unsafe-inline' https://js.tosspayments.com https://payments.toss.im".
 The policy is report-only, so the violation has been logged but no further action has been taken. @ http://localhost:3001/_next/static/chunks/node_modules_next_dist_compiled_react-server-dom-turbopack_0p3wegg._.js:1936
[    4338ms] [INFO] Evaluating a string as JavaScript violates the following Content Security Policy directive because 'unsafe-eval' is not an allowed source of script: "script-src 'self' 'unsafe-inline' https://js.tosspayments.com https://payments.toss.im".
 The policy is report-only, so the violation has been logged but no further action has been taken. @ http://localhost:3001/_next/static/chunks/node_modules_next_dist_compiled_react-server-dom-turbopack_0p3wegg._.js:1936
[    4338ms] [INFO] Evaluating a string as JavaScript violates the following Content Security Policy directive because 'unsafe-eval' is not an allowed source of script: "script-src 'self' 'unsafe-inline' https://js.tosspayments.com https://payments.toss.im".
 The policy is report-only, so the violation has been logged but no further action has been taken. @ http://localhost:3001/_next/static/chunks/node_modules_next_dist_compiled_react-server-dom-turbopack_0p3wegg._.js:1936
[    4338ms] [INFO] Evaluating a string as JavaScript violates the following Content Security Policy directive because 'unsafe-eval' is not an allowed source of script: "script-src 'self' 'unsafe-inline' https://js.tosspayments.com https://payments.toss.im".
 The policy is report-only, so the violation has been logged but no further action has been taken. @ http://localhost:3001/_next/static/chunks/node_modules_next_dist_compiled_react-server-dom-turbopack_0p3wegg._.js:1936
[    4338ms] [INFO] Evaluating a string as JavaScript violates the following Content Security Policy directive because 'unsafe-eval' is not an allowed source of script: "script-src 'self' 'unsafe-inline' https://js.tosspayments.com https://payments.toss.im".
 The policy is report-only, so the violation has been logged but no further action has been taken. @ http://localhost:3001/_next/static/chunks/node_modules_next_dist_compiled_react-server-dom-turbopack_0p3wegg._.js:1936
[    4338ms] [INFO] Evaluating a string as JavaScript violates the following Content Security Policy directive because 'unsafe-eval' is not an allowed source of script: "script-src 'self' 'unsafe-inline' https://js.tosspayments.com https://payments.toss.im".
 The policy is report-only, so the violation has been logged but no further action has been taken. @ http://localhost:3001/_next/static/chunks/node_modules_next_dist_compiled_react-server-dom-turbopack_0p3wegg._.js:1936
[    4413ms] [INFO] Evaluating a string as JavaScript violates the following Content Security Policy directive because 'unsafe-eval' is not an allowed source of script: "script-src 'self' 'unsafe-inline' https://js.tosspayments.com https://payments.toss.im".
 The policy is report-only, so the violation has been logged but no further action has been taken. @ http://localhost:3001/_next/static/chunks/node_modules_next_dist_compiled_react-server-dom-turbopack_0p3wegg._.js:1936
[    4428ms] [INFO] Evaluating a string as JavaScript violates the following Content Security Policy directive because 'unsafe-eval' is not an allowed source of script: "script-src 'self' 'unsafe-inline' https://js.tosspayments.com https://payments.toss.im".
 The policy is report-only, so the violation has been logged but no further action has been taken. @ http://localhost:3001/_next/static/chunks/node_modules_next_dist_compiled_react-server-dom-turbopack_0p3wegg._.js:1936
[    4428ms] [INFO] Evaluating a string as JavaScript violates the following Content Security Policy directive because 'unsafe-eval' is not an allowed source of script: "script-src 'self' 'unsafe-inline' https://js.tosspayments.com https://payments.toss.im".
 The policy is report-only, so the violation has been logged but no further action has been taken. @ http://localhost:3001/_next/static/chunks/node_modules_next_dist_compiled_react-server-dom-turbopack_0p3wegg._.js:1936
[   10556ms] [ERROR] A tree hydrated but some attributes of the server rendered HTML didn't match the client properties. This won't be patched up. This can happen if a SSR-ed Client Component used:

- A server/client branch `if (typeof window !== 'undefined')`.
- Variable input such as `Date.now()` or `Math.random()` which changes each time it's called.
- Date formatting in a user's locale which doesn't match the server.
- External changing data without sending a snapshot of it along with the HTML.
- Invalid HTML tag nesting.

It can also happen if the client has a browser extension installed which messes with the HTML before React loaded.

%s%s https://react.dev/link/hydration-mismatch 

  ...
    <HotReload globalError={[...]} webSocket={WebSocket} staticIndicatorState={{pathname:null, ...}}>
      <AppDevOverlayErrorBoundary globalError={[...]}>
        <ReplaySsrOnlyErrors>
        <DevRootHTTPAccessFallbackBoundary>
          <HTTPAccessFallbackBoundary notFound={<NotAllowedRootHTTPFallbackError>}>
            <HTTPAccessFallbackErrorBoundary pathname="/donor/pay..." notFound={<NotAllowedRootHTTPFallbackError>} ...>
              <RedirectBoundary>
                <RedirectErrorBoundary router={{...}}>
                  <Head>
                  <__next_root_layout_boundary__>
                    <SegmentViewNode type="layout" pagePath="layout.tsx">
                      <SegmentTrieNode>
                      <link>
                      <script>
                      <script>
                      <RootLayout>
                        <html
                          lang="ko"
-                         data-theme="light"
                        >
                  ...
 @ http://localhost:3001/_next/static/chunks/node_modules_next_dist_115brz8._.js:3272
