[    3089ms] [INFO] %cDownload the React DevTools for a better development experience: https://react.dev/link/react-devtools font-weight:bold @ http://localhost:3001/_next/static/chunks/node_modules_next_dist_115brz8._.js:2431
[    3635ms] [INFO] Evaluating a string as JavaScript violates the following Content Security Policy directive because 'unsafe-eval' is not an allowed source of script: "script-src 'self' 'unsafe-inline' https://js.tosspayments.com https://payments.toss.im".
 The policy is report-only, so the violation has been logged but no further action has been taken. @ http://localhost:3001/_next/static/chunks/node_modules_next_dist_compiled_react-server-dom-turbopack_0p3wegg._.js:19
[    5529ms] [LOG] [HMR] connected @ http://localhost:3001/_next/static/chunks/node_modules_next_dist_115brz8._.js:2431
[    6713ms] [INFO] Evaluating a string as JavaScript violates the following Content Security Policy directive because 'unsafe-eval' is not an allowed source of script: "script-src 'self' 'unsafe-inline' https://js.tosspayments.com https://payments.toss.im".
 The policy is report-only, so the violation has been logged but no further action has been taken. @ http://localhost:3001/_next/static/chunks/node_modules_next_dist_compiled_react-server-dom-turbopack_0p3wegg._.js:1603
[    6809ms] [INFO] Evaluating a string as JavaScript violates the following Content Security Policy directive because 'unsafe-eval' is not an allowed source of script: "script-src 'self' 'unsafe-inline' https://js.tosspayments.com https://payments.toss.im".
 The policy is report-only, so the violation has been logged but no further action has been taken. @ http://localhost:3001/_next/static/chunks/node_modules_next_dist_compiled_react-server-dom-turbopack_0p3wegg._.js:1936
[    6911ms] [INFO] Evaluating a string as JavaScript violates the following Content Security Policy directive because 'unsafe-eval' is not an allowed source of script: "script-src 'self' 'unsafe-inline' https://js.tosspayments.com https://payments.toss.im".
 The policy is report-only, so the violation has been logged but no further action has been taken. @ http://localhost:3001/_next/static/chunks/node_modules_next_dist_compiled_react-server-dom-turbopack_0p3wegg._.js:1603
[    6937ms] [INFO] Evaluating a string as JavaScript violates the following Content Security Policy directive because 'unsafe-eval' is not an allowed source of script: "script-src 'self' 'unsafe-inline' https://js.tosspayments.com https://payments.toss.im".
 The policy is report-only, so the violation has been logged but no further action has been taken. @ http://localhost:3001/_next/static/chunks/node_modules_next_dist_compiled_react-server-dom-turbopack_0p3wegg._.js:1936
[    6943ms] [INFO] Evaluating a string as JavaScript violates the following Content Security Policy directive because 'unsafe-eval' is not an allowed source of script: "script-src 'self' 'unsafe-inline' https://js.tosspayments.com https://payments.toss.im".
 The policy is report-only, so the violation has been logged but no further action has been taken. @ http://localhost:3001/_next/static/chunks/node_modules_next_dist_compiled_react-server-dom-turbopack_0p3wegg._.js:1936
[    6951ms] [INFO] Evaluating a string as JavaScript violates the following Content Security Policy directive because 'unsafe-eval' is not an allowed source of script: "script-src 'self' 'unsafe-inline' https://js.tosspayments.com https://payments.toss.im".
 The policy is report-only, so the violation has been logged but no further action has been taken. @ http://localhost:3001/_next/static/chunks/node_modules_next_dist_compiled_react-server-dom-turbopack_0p3wegg._.js:1936
[    6962ms] [INFO] Evaluating a string as JavaScript violates the following Content Security Policy directive because 'unsafe-eval' is not an allowed source of script: "script-src 'self' 'unsafe-inline' https://js.tosspayments.com https://payments.toss.im".
 The policy is report-only, so the violation has been logged but no further action has been taken. @ http://localhost:3001/_next/static/chunks/node_modules_next_dist_compiled_react-server-dom-turbopack_0p3wegg._.js:1936
[    6962ms] [INFO] Evaluating a string as JavaScript violates the following Content Security Policy directive because 'unsafe-eval' is not an allowed source of script: "script-src 'self' 'unsafe-inline' https://js.tosspayments.com https://payments.toss.im".
 The policy is report-only, so the violation has been logged but no further action has been taken. @ http://localhost:3001/_next/static/chunks/node_modules_next_dist_compiled_react-server-dom-turbopack_0p3wegg._.js:1936
[    6968ms] [INFO] Evaluating a string as JavaScript violates the following Content Security Policy directive because 'unsafe-eval' is not an allowed source of script: "script-src 'self' 'unsafe-inline' https://js.tosspayments.com https://payments.toss.im".
 The policy is report-only, so the violation has been logged but no further action has been taken. @ http://localhost:3001/_next/static/chunks/node_modules_next_dist_compiled_react-server-dom-turbopack_0p3wegg._.js:1936
[    6969ms] [INFO] Evaluating a string as JavaScript violates the following Content Security Policy directive because 'unsafe-eval' is not an allowed source of script: "script-src 'self' 'unsafe-inline' https://js.tosspayments.com https://payments.toss.im".
 The policy is report-only, so the violation has been logged but no further action has been taken. @ http://localhost:3001/_next/static/chunks/node_modules_next_dist_compiled_react-server-dom-turbopack_0p3wegg._.js:1936
[    6972ms] [INFO] Evaluating a string as JavaScript violates the following Content Security Policy directive because 'unsafe-eval' is not an allowed source of script: "script-src 'self' 'unsafe-inline' https://js.tosspayments.com https://payments.toss.im".
 The policy is report-only, so the violation has been logged but no further action has been taken. @ http://localhost:3001/_next/static/chunks/node_modules_next_dist_compiled_react-server-dom-turbopack_0p3wegg._.js:1936
[    7057ms] [INFO] Evaluating a string as JavaScript violates the following Content Security Policy directive because 'unsafe-eval' is not an allowed source of script: "script-src 'self' 'unsafe-inline' https://js.tosspayments.com https://payments.toss.im".
 The policy is report-only, so the violation has been logged but no further action has been taken. @ http://localhost:3001/_next/static/chunks/node_modules_next_dist_compiled_react-server-dom-turbopack_0p3wegg._.js:1936
[    7092ms] [INFO] Evaluating a string as JavaScript violates the following Content Security Policy directive because 'unsafe-eval' is not an allowed source of script: "script-src 'self' 'unsafe-inline' https://js.tosspayments.com https://payments.toss.im".
 The policy is report-only, so the violation has been logged but no further action has been taken. @ http://localhost:3001/_next/static/chunks/node_modules_next_dist_compiled_react-server-dom-turbopack_0p3wegg._.js:1936
[    7107ms] [INFO] Evaluating a string as JavaScript violates the following Content Security Policy directive because 'unsafe-eval' is not an allowed source of script: "script-src 'self' 'unsafe-inline' https://js.tosspayments.com https://payments.toss.im".
 The policy is report-only, so the violation has been logged but no further action has been taken. @ http://localhost:3001/_next/static/chunks/node_modules_next_dist_compiled_react-server-dom-turbopack_0p3wegg._.js:1936
[    7108ms] [INFO] Evaluating a string as JavaScript violates the following Content Security Policy directive because 'unsafe-eval' is not an allowed source of script: "script-src 'self' 'unsafe-inline' https://js.tosspayments.com https://payments.toss.im".
 The policy is report-only, so the violation has been logged but no further action has been taken. @ http://localhost:3001/_next/static/chunks/node_modules_next_dist_compiled_react-server-dom-turbopack_0p3wegg._.js:1936
[    7110ms] [INFO] Evaluating a string as JavaScript violates the following Content Security Policy directive because 'unsafe-eval' is not an allowed source of script: "script-src 'self' 'unsafe-inline' https://js.tosspayments.com https://payments.toss.im".
 The policy is report-only, so the violation has been logged but no further action has been taken. @ http://localhost:3001/_next/static/chunks/node_modules_next_dist_compiled_react-server-dom-turbopack_0p3wegg._.js:1936
[    7110ms] [INFO] Evaluating a string as JavaScript violates the following Content Security Policy directive because 'unsafe-eval' is not an allowed source of script: "script-src 'self' 'unsafe-inline' https://js.tosspayments.com https://payments.toss.im".
 The policy is report-only, so the violation has been logged but no further action has been taken. @ http://localhost:3001/_next/static/chunks/node_modules_next_dist_compiled_react-server-dom-turbopack_0p3wegg._.js:1936
[    7114ms] [INFO] Evaluating a string as JavaScript violates the following Content Security Policy directive because 'unsafe-eval' is not an allowed source of script: "script-src 'self' 'unsafe-inline' https://js.tosspayments.com https://payments.toss.im".
 The policy is report-only, so the violation has been logged but no further action has been taken. @ http://localhost:3001/_next/static/chunks/node_modules_next_dist_compiled_react-server-dom-turbopack_0p3wegg._.js:1936
[    7115ms] [INFO] Evaluating a string as JavaScript violates the following Content Security Policy directive because 'unsafe-eval' is not an allowed source of script: "script-src 'self' 'unsafe-inline' https://js.tosspayments.com https://payments.toss.im".
 The policy is report-only, so the violation has been logged but no further action has been taken. @ http://localhost:3001/_next/static/chunks/node_modules_next_dist_compiled_react-server-dom-turbopack_0p3wegg._.js:1936
[    7115ms] [INFO] Evaluating a string as JavaScript violates the following Content Security Policy directive because 'unsafe-eval' is not an allowed source of script: "script-src 'self' 'unsafe-inline' https://js.tosspayments.com https://payments.toss.im".
 The policy is report-only, so the violation has been logged but no further action has been taken. @ http://localhost:3001/_next/static/chunks/node_modules_next_dist_compiled_react-server-dom-turbopack_0p3wegg._.js:1936
[    7115ms] [INFO] Evaluating a string as JavaScript violates the following Content Security Policy directive because 'unsafe-eval' is not an allowed source of script: "script-src 'self' 'unsafe-inline' https://js.tosspayments.com https://payments.toss.im".
 The policy is report-only, so the violation has been logged but no further action has been taken. @ http://localhost:3001/_next/static/chunks/node_modules_next_dist_compiled_react-server-dom-turbopack_0p3wegg._.js:1936
[    7136ms] [INFO] Evaluating a string as JavaScript violates the following Content Security Policy directive because 'unsafe-eval' is not an allowed source of script: "script-src 'self' 'unsafe-inline' https://js.tosspayments.com https://payments.toss.im".
 The policy is report-only, so the violation has been logged but no further action has been taken. @ http://localhost:3001/_next/static/chunks/node_modules_next_dist_compiled_react-server-dom-turbopack_0p3wegg._.js:1936
[    7137ms] [INFO] Evaluating a string as JavaScript violates the following Content Security Policy directive because 'unsafe-eval' is not an allowed source of script: "script-src 'self' 'unsafe-inline' https://js.tosspayments.com https://payments.toss.im".
 The policy is report-only, so the violation has been logged but no further action has been taken. @ http://localhost:3001/_next/static/chunks/node_modules_next_dist_compiled_react-server-dom-turbopack_0p3wegg._.js:1936
[    7137ms] [INFO] Evaluating a string as JavaScript violates the following Content Security Policy directive because 'unsafe-eval' is not an allowed source of script: "script-src 'self' 'unsafe-inline' https://js.tosspayments.com https://payments.toss.im".
 The policy is report-only, so the violation has been logged but no further action has been taken. @ http://localhost:3001/_next/static/chunks/node_modules_next_dist_compiled_react-server-dom-turbopack_0p3wegg._.js:1936
[    7138ms] [INFO] Evaluating a string as JavaScript violates the following Content Security Policy directive because 'unsafe-eval' is not an allowed source of script: "script-src 'self' 'unsafe-inline' https://js.tosspayments.com https://payments.toss.im".
 The policy is report-only, so the violation has been logged but no further action has been taken. @ http://localhost:3001/_next/static/chunks/node_modules_next_dist_compiled_react-server-dom-turbopack_0p3wegg._.js:1936
[    7145ms] [INFO] Evaluating a string as JavaScript violates the following Content Security Policy directive because 'unsafe-eval' is not an allowed source of script: "script-src 'self' 'unsafe-inline' https://js.tosspayments.com https://payments.toss.im".
 The policy is report-only, so the violation has been logged but no further action has been taken. @ http://localhost:3001/_next/static/chunks/node_modules_next_dist_compiled_react-server-dom-turbopack_0p3wegg._.js:1936
[    7149ms] [INFO] Evaluating a string as JavaScript violates the following Content Security Policy directive because 'unsafe-eval' is not an allowed source of script: "script-src 'self' 'unsafe-inline' https://js.tosspayments.com https://payments.toss.im".
 The policy is report-only, so the violation has been logged but no further action has been taken. @ http://localhost:3001/_next/static/chunks/node_modules_next_dist_compiled_react-server-dom-turbopack_0p3wegg._.js:1936
[    7166ms] [INFO] Evaluating a string as JavaScript violates the following Content Security Policy directive because 'unsafe-eval' is not an allowed source of script: "script-src 'self' 'unsafe-inline' https://js.tosspayments.com https://payments.toss.im".
 The policy is report-only, so the violation has been logged but no further action has been taken. @ http://localhost:3001/_next/static/chunks/node_modules_next_dist_compiled_react-server-dom-turbopack_0p3wegg._.js:1936
[    7174ms] [INFO] Evaluating a string as JavaScript violates the following Content Security Policy directive because 'unsafe-eval' is not an allowed source of script: "script-src 'self' 'unsafe-inline' https://js.tosspayments.com https://payments.toss.im".
 The policy is report-only, so the violation has been logged but no further action has been taken. @ http://localhost:3001/_next/static/chunks/node_modules_next_dist_compiled_react-server-dom-turbopack_0p3wegg._.js:1936
[    7176ms] [INFO] Evaluating a string as JavaScript violates the following Content Security Policy directive because 'unsafe-eval' is not an allowed source of script: "script-src 'self' 'unsafe-inline' https://js.tosspayments.com https://payments.toss.im".
 The policy is report-only, so the violation has been logged but no further action has been taken. @ http://localhost:3001/_next/static/chunks/node_modules_next_dist_compiled_react-server-dom-turbopack_0p3wegg._.js:1936
[    7179ms] [INFO] Evaluating a string as JavaScript violates the following Content Security Policy directive because 'unsafe-eval' is not an allowed source of script: "script-src 'self' 'unsafe-inline' https://js.tosspayments.com https://payments.toss.im".
 The policy is report-only, so the violation has been logged but no further action has been taken. @ http://localhost:3001/_next/static/chunks/node_modules_next_dist_compiled_react-server-dom-turbopack_0p3wegg._.js:1936
[    7180ms] [INFO] Evaluating a string as JavaScript violates the following Content Security Policy directive because 'unsafe-eval' is not an allowed source of script: "script-src 'self' 'unsafe-inline' https://js.tosspayments.com https://payments.toss.im".
 The policy is report-only, so the violation has been logged but no further action has been taken. @ http://localhost:3001/_next/static/chunks/node_modules_next_dist_compiled_react-server-dom-turbopack_0p3wegg._.js:1936
[    7195ms] [INFO] Evaluating a string as JavaScript violates the following Content Security Policy directive because 'unsafe-eval' is not an allowed source of script: "script-src 'self' 'unsafe-inline' https://js.tosspayments.com https://payments.toss.im".
 The policy is report-only, so the violation has been logged but no further action has been taken. @ http://localhost:3001/_next/static/chunks/node_modules_next_dist_compiled_react-server-dom-turbopack_0p3wegg._.js:1936
[   12351ms] [INFO] Evaluating a string as JavaScript violates the following Content Security Policy directive because 'unsafe-eval' is not an allowed source of script: "script-src 'self' 'unsafe-inline' https://js.tosspayments.com https://payments.toss.im".
 The policy is report-only, so the violation has been logged but no further action has been taken. @ http://localhost:3001/_next/static/chunks/node_modules_next_dist_compiled_react-server-dom-turbopack_0p3wegg._.js:1936
[   12357ms] [INFO] Evaluating a string as JavaScript violates the following Content Security Policy directive because 'unsafe-eval' is not an allowed source of script: "script-src 'self' 'unsafe-inline' https://js.tosspayments.com https://payments.toss.im".
 The policy is report-only, so the violation has been logged but no further action has been taken. @ http://localhost:3001/_next/static/chunks/node_modules_next_dist_compiled_react-server-dom-turbopack_0p3wegg._.js:1936
[   12371ms] [INFO] Evaluating a string as JavaScript violates the following Content Security Policy directive because 'unsafe-eval' is not an allowed source of script: "script-src 'self' 'unsafe-inline' https://js.tosspayments.com https://payments.toss.im".
 The policy is report-only, so the violation has been logged but no further action has been taken. @ http://localhost:3001/_next/static/chunks/node_modules_next_dist_compiled_react-server-dom-turbopack_0p3wegg._.js:1936
[   12371ms] [INFO] Evaluating a string as JavaScript violates the following Content Security Policy directive because 'unsafe-eval' is not an allowed source of script: "script-src 'self' 'unsafe-inline' https://js.tosspayments.com https://payments.toss.im".
 The policy is report-only, so the violation has been logged but no further action has been taken. @ http://localhost:3001/_next/static/chunks/node_modules_next_dist_compiled_react-server-dom-turbopack_0p3wegg._.js:1936
[   12855ms] [INFO] Evaluating a string as JavaScript violates the following Content Security Policy directive because 'unsafe-eval' is not an allowed source of script: "script-src 'self' 'unsafe-inline' https://js.tosspayments.com https://payments.toss.im".
 The policy is report-only, so the violation has been logged but no further action has been taken. @ http://localhost:3001/_next/static/chunks/node_modules_next_dist_compiled_react-server-dom-turbopack_0p3wegg._.js:1936
[   12856ms] [INFO] Evaluating a string as JavaScript violates the following Content Security Policy directive because 'unsafe-eval' is not an allowed source of script: "script-src 'self' 'unsafe-inline' https://js.tosspayments.com https://payments.toss.im".
 The policy is report-only, so the violation has been logged but no further action has been taken. @ http://localhost:3001/_next/static/chunks/node_modules_next_dist_compiled_react-server-dom-turbopack_0p3wegg._.js:1936
[   12860ms] [INFO] Evaluating a string as JavaScript violates the following Content Security Policy directive because 'unsafe-eval' is not an allowed source of script: "script-src 'self' 'unsafe-inline' https://js.tosspayments.com https://payments.toss.im".
 The policy is report-only, so the violation has been logged but no further action has been taken. @ http://localhost:3001/_next/static/chunks/node_modules_next_dist_compiled_react-server-dom-turbopack_0p3wegg._.js:1936
[   12861ms] [INFO] Evaluating a string as JavaScript violates the following Content Security Policy directive because 'unsafe-eval' is not an allowed source of script: "script-src 'self' 'unsafe-inline' https://js.tosspayments.com https://payments.toss.im".
 The policy is report-only, so the violation has been logged but no further action has been taken. @ http://localhost:3001/_next/static/chunks/node_modules_next_dist_compiled_react-server-dom-turbopack_0p3wegg._.js:1936
[   12861ms] [INFO] Evaluating a string as JavaScript violates the following Content Security Policy directive because 'unsafe-eval' is not an allowed source of script: "script-src 'self' 'unsafe-inline' https://js.tosspayments.com https://payments.toss.im".
 The policy is report-only, so the violation has been logged but no further action has been taken. @ http://localhost:3001/_next/static/chunks/node_modules_next_dist_compiled_react-server-dom-turbopack_0p3wegg._.js:1936
[   12861ms] [INFO] Evaluating a string as JavaScript violates the following Content Security Policy directive because 'unsafe-eval' is not an allowed source of script: "script-src 'self' 'unsafe-inline' https://js.tosspayments.com https://payments.toss.im".
 The policy is report-only, so the violation has been logged but no further action has been taken. @ http://localhost:3001/_next/static/chunks/node_modules_next_dist_compiled_react-server-dom-turbopack_0p3wegg._.js:1936
[   12862ms] [INFO] Evaluating a string as JavaScript violates the following Content Security Policy directive because 'unsafe-eval' is not an allowed source of script: "script-src 'self' 'unsafe-inline' https://js.tosspayments.com https://payments.toss.im".
 The policy is report-only, so the violation has been logged but no further action has been taken. @ http://localhost:3001/_next/static/chunks/node_modules_next_dist_compiled_react-server-dom-turbopack_0p3wegg._.js:1936
[   12862ms] [INFO] Evaluating a string as JavaScript violates the following Content Security Policy directive because 'unsafe-eval' is not an allowed source of script: "script-src 'self' 'unsafe-inline' https://js.tosspayments.com https://payments.toss.im".
 The policy is report-only, so the violation has been logged but no further action has been taken. @ http://localhost:3001/_next/static/chunks/node_modules_next_dist_compiled_react-server-dom-turbopack_0p3wegg._.js:1936
[   12862ms] [INFO] Evaluating a string as JavaScript violates the following Content Security Policy directive because 'unsafe-eval' is not an allowed source of script: "script-src 'self' 'unsafe-inline' https://js.tosspayments.com https://payments.toss.im".
 The policy is report-only, so the violation has been logged but no further action has been taken. @ http://localhost:3001/_next/static/chunks/node_modules_next_dist_compiled_react-server-dom-turbopack_0p3wegg._.js:1936
[   12863ms] [INFO] Evaluating a string as JavaScript violates the following Content Security Policy directive because 'unsafe-eval' is not an allowed source of script: "script-src 'self' 'unsafe-inline' https://js.tosspayments.com https://payments.toss.im".
 The policy is report-only, so the violation has been logged but no further action has been taken. @ http://localhost:3001/_next/static/chunks/node_modules_next_dist_compiled_react-server-dom-turbopack_0p3wegg._.js:1936
[   12863ms] [INFO] Evaluating a string as JavaScript violates the following Content Security Policy directive because 'unsafe-eval' is not an allowed source of script: "script-src 'self' 'unsafe-inline' https://js.tosspayments.com https://payments.toss.im".
 The policy is report-only, so the violation has been logged but no further action has been taken. @ http://localhost:3001/_next/static/chunks/node_modules_next_dist_compiled_react-server-dom-turbopack_0p3wegg._.js:1936
[   12866ms] [INFO] Evaluating a string as JavaScript violates the following Content Security Policy directive because 'unsafe-eval' is not an allowed source of script: "script-src 'self' 'unsafe-inline' https://js.tosspayments.com https://payments.toss.im".
 The policy is report-only, so the violation has been logged but no further action has been taken. @ http://localhost:3001/_next/static/chunks/node_modules_next_dist_compiled_react-server-dom-turbopack_0p3wegg._.js:1936
[   12866ms] [INFO] Evaluating a string as JavaScript violates the following Content Security Policy directive because 'unsafe-eval' is not an allowed source of script: "script-src 'self' 'unsafe-inline' https://js.tosspayments.com https://payments.toss.im".
 The policy is report-only, so the violation has been logged but no further action has been taken. @ http://localhost:3001/_next/static/chunks/node_modules_next_dist_compiled_react-server-dom-turbopack_0p3wegg._.js:1936
[   12867ms] [INFO] Evaluating a string as JavaScript violates the following Content Security Policy directive because 'unsafe-eval' is not an allowed source of script: "script-src 'self' 'unsafe-inline' https://js.tosspayments.com https://payments.toss.im".
 The policy is report-only, so the violation has been logged but no further action has been taken. @ http://localhost:3001/_next/static/chunks/node_modules_next_dist_compiled_react-server-dom-turbopack_0p3wegg._.js:1936
[   12867ms] [INFO] Evaluating a string as JavaScript violates the following Content Security Policy directive because 'unsafe-eval' is not an allowed source of script: "script-src 'self' 'unsafe-inline' https://js.tosspayments.com https://payments.toss.im".
 The policy is report-only, so the violation has been logged but no further action has been taken. @ http://localhost:3001/_next/static/chunks/node_modules_next_dist_compiled_react-server-dom-turbopack_0p3wegg._.js:1936
[   12867ms] [INFO] Evaluating a string as JavaScript violates the following Content Security Policy directive because 'unsafe-eval' is not an allowed source of script: "script-src 'self' 'unsafe-inline' https://js.tosspayments.com https://payments.toss.im".
 The policy is report-only, so the violation has been logged but no further action has been taken. @ http://localhost:3001/_next/static/chunks/node_modules_next_dist_compiled_react-server-dom-turbopack_0p3wegg._.js:1936
[   12867ms] [INFO] Evaluating a string as JavaScript violates the following Content Security Policy directive because 'unsafe-eval' is not an allowed source of script: "script-src 'self' 'unsafe-inline' https://js.tosspayments.com https://payments.toss.im".
 The policy is report-only, so the violation has been logged but no further action has been taken. @ http://localhost:3001/_next/static/chunks/node_modules_next_dist_compiled_react-server-dom-turbopack_0p3wegg._.js:1936
[   12868ms] [INFO] Evaluating a string as JavaScript violates the following Content Security Policy directive because 'unsafe-eval' is not an allowed source of script: "script-src 'self' 'unsafe-inline' https://js.tosspayments.com https://payments.toss.im".
 The policy is report-only, so the violation has been logged but no further action has been taken. @ http://localhost:3001/_next/static/chunks/node_modules_next_dist_compiled_react-server-dom-turbopack_0p3wegg._.js:1936
[   12868ms] [INFO] Evaluating a string as JavaScript violates the following Content Security Policy directive because 'unsafe-eval' is not an allowed source of script: "script-src 'self' 'unsafe-inline' https://js.tosspayments.com https://payments.toss.im".
 The policy is report-only, so the violation has been logged but no further action has been taken. @ http://localhost:3001/_next/static/chunks/node_modules_next_dist_compiled_react-server-dom-turbopack_0p3wegg._.js:1936
[   12889ms] [INFO] Evaluating a string as JavaScript violates the following Content Security Policy directive because 'unsafe-eval' is not an allowed source of script: "script-src 'self' 'unsafe-inline' https://js.tosspayments.com https://payments.toss.im".
 The policy is report-only, so the violation has been logged but no further action has been taken. @ http://localhost:3001/_next/static/chunks/node_modules_next_dist_compiled_react-server-dom-turbopack_0p3wegg._.js:1936
[   12889ms] [INFO] Evaluating a string as JavaScript violates the following Content Security Policy directive because 'unsafe-eval' is not an allowed source of script: "script-src 'self' 'unsafe-inline' https://js.tosspayments.com https://payments.toss.im".
 The policy is report-only, so the violation has been logged but no further action has been taken. @ http://localhost:3001/_next/static/chunks/node_modules_next_dist_compiled_react-server-dom-turbopack_0p3wegg._.js:1936
[   12890ms] [INFO] Evaluating a string as JavaScript violates the following Content Security Policy directive because 'unsafe-eval' is not an allowed source of script: "script-src 'self' 'unsafe-inline' https://js.tosspayments.com https://payments.toss.im".
 The policy is report-only, so the violation has been logged but no further action has been taken. @ http://localhost:3001/_next/static/chunks/node_modules_next_dist_compiled_react-server-dom-turbopack_0p3wegg._.js:1936
[   12890ms] [INFO] Evaluating a string as JavaScript violates the following Content Security Policy directive because 'unsafe-eval' is not an allowed source of script: "script-src 'self' 'unsafe-inline' https://js.tosspayments.com https://payments.toss.im".
 The policy is report-only, so the violation has been logged but no further action has been taken. @ http://localhost:3001/_next/static/chunks/node_modules_next_dist_compiled_react-server-dom-turbopack_0p3wegg._.js:1936
[   12891ms] [INFO] Evaluating a string as JavaScript violates the following Content Security Policy directive because 'unsafe-eval' is not an allowed source of script: "script-src 'self' 'unsafe-inline' https://js.tosspayments.com https://payments.toss.im".
 The policy is report-only, so the violation has been logged but no further action has been taken. @ http://localhost:3001/_next/static/chunks/node_modules_next_dist_compiled_react-server-dom-turbopack_0p3wegg._.js:1936
[   12891ms] [INFO] Evaluating a string as JavaScript violates the following Content Security Policy directive because 'unsafe-eval' is not an allowed source of script: "script-src 'self' 'unsafe-inline' https://js.tosspayments.com https://payments.toss.im".
 The policy is report-only, so the violation has been logged but no further action has been taken. @ http://localhost:3001/_next/static/chunks/node_modules_next_dist_compiled_react-server-dom-turbopack_0p3wegg._.js:1936
[   12891ms] [INFO] Evaluating a string as JavaScript violates the following Content Security Policy directive because 'unsafe-eval' is not an allowed source of script: "script-src 'self' 'unsafe-inline' https://js.tosspayments.com https://payments.toss.im".
 The policy is report-only, so the violation has been logged but no further action has been taken. @ http://localhost:3001/_next/static/chunks/node_modules_next_dist_compiled_react-server-dom-turbopack_0p3wegg._.js:1936
[   12892ms] [INFO] Evaluating a string as JavaScript violates the following Content Security Policy directive because 'unsafe-eval' is not an allowed source of script: "script-src 'self' 'unsafe-inline' https://js.tosspayments.com https://payments.toss.im".
 The policy is report-only, so the violation has been logged but no further action has been taken. @ http://localhost:3001/_next/static/chunks/node_modules_next_dist_compiled_react-server-dom-turbopack_0p3wegg._.js:1936
[   12892ms] [INFO] Evaluating a string as JavaScript violates the following Content Security Policy directive because 'unsafe-eval' is not an allowed source of script: "script-src 'self' 'unsafe-inline' https://js.tosspayments.com https://payments.toss.im".
 The policy is report-only, so the violation has been logged but no further action has been taken. @ http://localhost:3001/_next/static/chunks/node_modules_next_dist_compiled_react-server-dom-turbopack_0p3wegg._.js:1936
[   12892ms] [INFO] Evaluating a string as JavaScript violates the following Content Security Policy directive because 'unsafe-eval' is not an allowed source of script: "script-src 'self' 'unsafe-inline' https://js.tosspayments.com https://payments.toss.im".
 The policy is report-only, so the violation has been logged but no further action has been taken. @ http://localhost:3001/_next/static/chunks/node_modules_next_dist_compiled_react-server-dom-turbopack_0p3wegg._.js:1936
[   12892ms] [INFO] Evaluating a string as JavaScript violates the following Content Security Policy directive because 'unsafe-eval' is not an allowed source of script: "script-src 'self' 'unsafe-inline' https://js.tosspayments.com https://payments.toss.im".
 The policy is report-only, so the violation has been logged but no further action has been taken. @ http://localhost:3001/_next/static/chunks/node_modules_next_dist_compiled_react-server-dom-turbopack_0p3wegg._.js:1936
[   12893ms] [INFO] Evaluating a string as JavaScript violates the following Content Security Policy directive because 'unsafe-eval' is not an allowed source of script: "script-src 'self' 'unsafe-inline' https://js.tosspayments.com https://payments.toss.im".
 The policy is report-only, so the violation has been logged but no further action has been taken. @ http://localhost:3001/_next/static/chunks/node_modules_next_dist_compiled_react-server-dom-turbopack_0p3wegg._.js:1936
[   12895ms] [INFO] Evaluating a string as JavaScript violates the following Content Security Policy directive because 'unsafe-eval' is not an allowed source of script: "script-src 'self' 'unsafe-inline' https://js.tosspayments.com https://payments.toss.im".
 The policy is report-only, so the violation has been logged but no further action has been taken. @ http://localhost:3001/_next/static/chunks/node_modules_next_dist_compiled_react-server-dom-turbopack_0p3wegg._.js:1936
[   13873ms] [INFO] Evaluating a string as JavaScript violates the following Content Security Policy directive because 'unsafe-eval' is not an allowed source of script: "script-src 'self' 'unsafe-inline' https://js.tosspayments.com https://payments.toss.im".
 The policy is report-only, so the violation has been logged but no further action has been taken. @ http://localhost:3001/_next/static/chunks/node_modules_next_dist_compiled_react-server-dom-turbopack_0p3wegg._.js:1936
[   14595ms] [ERROR] A tree hydrated but some attributes of the server rendered HTML didn't match the client properties. This won't be patched up. This can happen if a SSR-ed Client Component used:

- A server/client branch `if (typeof window !== 'undefined')`.
- Variable input such as `Date.now()` or `Math.random()` which changes each time it's called.
- Date formatting in a user's locale which doesn't match the server.
- External changing data without sending a snapshot of it along with the HTML.
- Invalid HTML tag nesting.

It can also happen if the client has a browser extension installed which messes with the HTML before React loaded.

%s%s https://react.dev/link/hydration-mismatch 

  ...
    <HotReload globalError={[...]} webSocket={WebSocket} staticIndicatorState={{pathname:null, ...}}>
      <AppDevOverlayErrorBoundary globalError={[...]}>
        <ReplaySsrOnlyErrors>
        <DevRootHTTPAccessFallbackBoundary>
          <HTTPAccessFallbackBoundary notFound={<NotAllowedRootHTTPFallbackError>}>
            <HTTPAccessFallbackErrorBoundary pathname="/donor/login" notFound={<NotAllowedRootHTTPFallbackError>} ...>
              <RedirectBoundary>
                <RedirectErrorBoundary router={{...}}>
                  <Head>
                  <__next_root_layout_boundary__>
                    <SegmentViewNode type="layout" pagePath="layout.tsx">
                      <SegmentTrieNode>
                      <link>
                      <script>
                      <script>
                      <RootLayout>
                        <html
                          lang="ko"
-                         data-theme="light"
                        >
                          <head>
                          ...
                            <BypassLoginForm>
                              <div className="space-y-3">
                                <div>
                                <input
                                  type="text"
                                  placeholder="이메일 또는 전화번호"
                                  value=""
                                  onChange={function onChange}
                                  autoFocus={true}
                                  className="w-full rounded-lg border px-3 py-2 text-sm outline-none"
                                  style={{
+                                   background: "var(--surface-2)"
+                                   borderColor: "var(--border)"
+                                   color: "var(--text)"
-                                   color: "var(--text)"
-                                   background-image: ""
-                                   background-position-x: ""
-                                   background-position-y: ""
-                                   background-size: ""
-                                   background-repeat: ""
-                                   background-attachment: ""
-                                   background-origin: ""
-                                   background-clip: ""
-                                   background-color: ""
-                                   border-top-color: ""
-                                   border-right-color: ""
-                                   border-bottom-color: ""
-                                   border-left-color: ""
                                  }}
                                >
                                ...
                  ...
 @ http://localhost:3001/_next/static/chunks/node_modules_next_dist_115brz8._.js:3272
[   65840ms] [LOG] [Fast Refresh] rebuilding @ http://localhost:3001/_next/static/chunks/node_modules_next_dist_115brz8._.js:2431
[   65841ms] [LOG] [Fast Refresh] done in 212ms @ http://localhost:3001/_next/static/chunks/node_modules_next_dist_115brz8._.js:2431
