[    1387ms] [INFO] %cDownload the React DevTools for a better development experience: https://react.dev/link/react-devtools font-weight:bold @ http://localhost:3001/_next/static/chunks/node_modules_next_dist_115brz8._.js:2431
[    1389ms] [INFO] Evaluating a string as JavaScript violates the following Content Security Policy directive because 'unsafe-eval' is not an allowed source of script: "script-src 'self' 'unsafe-inline' https://js.tosspayments.com https://payments.toss.im".
 The policy is report-only, so the violation has been logged but no further action has been taken. @ http://localhost:3001/_next/static/chunks/node_modules_next_dist_compiled_react-server-dom-turbopack_0p3wegg._.js:19
[    1428ms] [LOG] [HMR] connected @ http://localhost:3001/_next/static/chunks/node_modules_next_dist_115brz8._.js:2431
[    1462ms] [INFO] Evaluating a string as JavaScript violates the following Content Security Policy directive because 'unsafe-eval' is not an allowed source of script: "script-src 'self' 'unsafe-inline' https://js.tosspayments.com https://payments.toss.im".
 The policy is report-only, so the violation has been logged but no further action has been taken. @ http://localhost:3001/_next/static/chunks/node_modules_next_dist_compiled_react-server-dom-turbopack_0p3wegg._.js:1603
[    1468ms] [INFO] Evaluating a string as JavaScript violates the following Content Security Policy directive because 'unsafe-eval' is not an allowed source of script: "script-src 'self' 'unsafe-inline' https://js.tosspayments.com https://payments.toss.im".
 The policy is report-only, so the violation has been logged but no further action has been taken. @ http://localhost:3001/_next/static/chunks/node_modules_next_dist_compiled_react-server-dom-turbopack_0p3wegg._.js:1936
[    1498ms] [INFO] Evaluating a string as JavaScript violates the following Content Security Policy directive because 'unsafe-eval' is not an allowed source of script: "script-src 'self' 'unsafe-inline' https://js.tosspayments.com https://payments.toss.im".
 The policy is report-only, so the violation has been logged but no further action has been taken. @ http://localhost:3001/_next/static/chunks/node_modules_next_dist_compiled_react-server-dom-turbopack_0p3wegg._.js:1603
[    1499ms] [INFO] Evaluating a string as JavaScript violates the following Content Security Policy directive because 'unsafe-eval' is not an allowed source of script: "script-src 'self' 'unsafe-inline' https://js.tosspayments.com https://payments.toss.im".
 The policy is report-only, so the violation has been logged but no further action has been taken. @ http://localhost:3001/_next/static/chunks/node_modules_next_dist_compiled_react-server-dom-turbopack_0p3wegg._.js:1936
[    1499ms] [INFO] Evaluating a string as JavaScript violates the following Content Security Policy directive because 'unsafe-eval' is not an allowed source of script: "script-src 'self' 'unsafe-inline' https://js.tosspayments.com https://payments.toss.im".
 The policy is report-only, so the violation has been logged but no further action has been taken. @ http://localhost:3001/_next/static/chunks/node_modules_next_dist_compiled_react-server-dom-turbopack_0p3wegg._.js:1936
[    1499ms] [INFO] Evaluating a string as JavaScript violates the following Content Security Policy directive because 'unsafe-eval' is not an allowed source of script: "script-src 'self' 'unsafe-inline' https://js.tosspayments.com https://payments.toss.im".
 The policy is report-only, so the violation has been logged but no further action has been taken. @ http://localhost:3001/_next/static/chunks/node_modules_next_dist_compiled_react-server-dom-turbopack_0p3wegg._.js:1936
[    1500ms] [INFO] Evaluating a string as JavaScript violates the following Content Security Policy directive because 'unsafe-eval' is not an allowed source of script: "script-src 'self' 'unsafe-inline' https://js.tosspayments.com https://payments.toss.im".
 The policy is report-only, so the violation has been logged but no further action has been taken. @ http://localhost:3001/_next/static/chunks/node_modules_next_dist_compiled_react-server-dom-turbopack_0p3wegg._.js:1936
[    1500ms] [INFO] Evaluating a string as JavaScript violates the following Content Security Policy directive because 'unsafe-eval' is not an allowed source of script: "script-src 'self' 'unsafe-inline' https://js.tosspayments.com https://payments.toss.im".
 The policy is report-only, so the violation has been logged but no further action has been taken. @ http://localhost:3001/_next/static/chunks/node_modules_next_dist_compiled_react-server-dom-turbopack_0p3wegg._.js:1936
[    1500ms] [INFO] Evaluating a string as JavaScript violates the following Content Security Policy directive because 'unsafe-eval' is not an allowed source of script: "script-src 'self' 'unsafe-inline' https://js.tosspayments.com https://payments.toss.im".
 The policy is report-only, so the violation has been logged but no further action has been taken. @ http://localhost:3001/_next/static/chunks/node_modules_next_dist_compiled_react-server-dom-turbopack_0p3wegg._.js:1936
[    1500ms] [INFO] Evaluating a string as JavaScript violates the following Content Security Policy directive because 'unsafe-eval' is not an allowed source of script: "script-src 'self' 'unsafe-inline' https://js.tosspayments.com https://payments.toss.im".
 The policy is report-only, so the violation has been logged but no further action has been taken. @ http://localhost:3001/_next/static/chunks/node_modules_next_dist_compiled_react-server-dom-turbopack_0p3wegg._.js:1936
[    1500ms] [INFO] Evaluating a string as JavaScript violates the following Content Security Policy directive because 'unsafe-eval' is not an allowed source of script: "script-src 'self' 'unsafe-inline' https://js.tosspayments.com https://payments.toss.im".
 The policy is report-only, so the violation has been logged but no further action has been taken. @ http://localhost:3001/_next/static/chunks/node_modules_next_dist_compiled_react-server-dom-turbopack_0p3wegg._.js:1936
[    1510ms] [INFO] Evaluating a string as JavaScript violates the following Content Security Policy directive because 'unsafe-eval' is not an allowed source of script: "script-src 'self' 'unsafe-inline' https://js.tosspayments.com https://payments.toss.im".
 The policy is report-only, so the violation has been logged but no further action has been taken. @ http://localhost:3001/_next/static/chunks/node_modules_next_dist_compiled_react-server-dom-turbopack_0p3wegg._.js:1936
[    1510ms] [INFO] Evaluating a string as JavaScript violates the following Content Security Policy directive because 'unsafe-eval' is not an allowed source of script: "script-src 'self' 'unsafe-inline' https://js.tosspayments.com https://payments.toss.im".
 The policy is report-only, so the violation has been logged but no further action has been taken. @ http://localhost:3001/_next/static/chunks/node_modules_next_dist_compiled_react-server-dom-turbopack_0p3wegg._.js:1936
[    1510ms] [INFO] Evaluating a string as JavaScript violates the following Content Security Policy directive because 'unsafe-eval' is not an allowed source of script: "script-src 'self' 'unsafe-inline' https://js.tosspayments.com https://payments.toss.im".
 The policy is report-only, so the violation has been logged but no further action has been taken. @ http://localhost:3001/_next/static/chunks/node_modules_next_dist_compiled_react-server-dom-turbopack_0p3wegg._.js:1936
[    1510ms] [INFO] Evaluating a string as JavaScript violates the following Content Security Policy directive because 'unsafe-eval' is not an allowed source of script: "script-src 'self' 'unsafe-inline' https://js.tosspayments.com https://payments.toss.im".
 The policy is report-only, so the violation has been logged but no further action has been taken. @ http://localhost:3001/_next/static/chunks/node_modules_next_dist_compiled_react-server-dom-turbopack_0p3wegg._.js:1936
[    1510ms] [INFO] Evaluating a string as JavaScript violates the following Content Security Policy directive because 'unsafe-eval' is not an allowed source of script: "script-src 'self' 'unsafe-inline' https://js.tosspayments.com https://payments.toss.im".
 The policy is report-only, so the violation has been logged but no further action has been taken. @ http://localhost:3001/_next/static/chunks/node_modules_next_dist_compiled_react-server-dom-turbopack_0p3wegg._.js:1936
[    1511ms] [INFO] Evaluating a string as JavaScript violates the following Content Security Policy directive because 'unsafe-eval' is not an allowed source of script: "script-src 'self' 'unsafe-inline' https://js.tosspayments.com https://payments.toss.im".
 The policy is report-only, so the violation has been logged but no further action has been taken. @ http://localhost:3001/_next/static/chunks/node_modules_next_dist_compiled_react-server-dom-turbopack_0p3wegg._.js:1936
[    1511ms] [INFO] Evaluating a string as JavaScript violates the following Content Security Policy directive because 'unsafe-eval' is not an allowed source of script: "script-src 'self' 'unsafe-inline' https://js.tosspayments.com https://payments.toss.im".
 The policy is report-only, so the violation has been logged but no further action has been taken. @ http://localhost:3001/_next/static/chunks/node_modules_next_dist_compiled_react-server-dom-turbopack_0p3wegg._.js:1936
[    1511ms] [INFO] Evaluating a string as JavaScript violates the following Content Security Policy directive because 'unsafe-eval' is not an allowed source of script: "script-src 'self' 'unsafe-inline' https://js.tosspayments.com https://payments.toss.im".
 The policy is report-only, so the violation has been logged but no further action has been taken. @ http://localhost:3001/_next/static/chunks/node_modules_next_dist_compiled_react-server-dom-turbopack_0p3wegg._.js:1936
[    1511ms] [INFO] Evaluating a string as JavaScript violates the following Content Security Policy directive because 'unsafe-eval' is not an allowed source of script: "script-src 'self' 'unsafe-inline' https://js.tosspayments.com https://payments.toss.im".
 The policy is report-only, so the violation has been logged but no further action has been taken. @ http://localhost:3001/_next/static/chunks/node_modules_next_dist_compiled_react-server-dom-turbopack_0p3wegg._.js:1936
[    1511ms] [INFO] Evaluating a string as JavaScript violates the following Content Security Policy directive because 'unsafe-eval' is not an allowed source of script: "script-src 'self' 'unsafe-inline' https://js.tosspayments.com https://payments.toss.im".
 The policy is report-only, so the violation has been logged but no further action has been taken. @ http://localhost:3001/_next/static/chunks/node_modules_next_dist_compiled_react-server-dom-turbopack_0p3wegg._.js:1936
[    1511ms] [INFO] Evaluating a string as JavaScript violates the following Content Security Policy directive because 'unsafe-eval' is not an allowed source of script: "script-src 'self' 'unsafe-inline' https://js.tosspayments.com https://payments.toss.im".
 The policy is report-only, so the violation has been logged but no further action has been taken. @ http://localhost:3001/_next/static/chunks/node_modules_next_dist_compiled_react-server-dom-turbopack_0p3wegg._.js:1936
[    1511ms] [INFO] Evaluating a string as JavaScript violates the following Content Security Policy directive because 'unsafe-eval' is not an allowed source of script: "script-src 'self' 'unsafe-inline' https://js.tosspayments.com https://payments.toss.im".
 The policy is report-only, so the violation has been logged but no further action has been taken. @ http://localhost:3001/_next/static/chunks/node_modules_next_dist_compiled_react-server-dom-turbopack_0p3wegg._.js:1936
[    1512ms] [INFO] Evaluating a string as JavaScript violates the following Content Security Policy directive because 'unsafe-eval' is not an allowed source of script: "script-src 'self' 'unsafe-inline' https://js.tosspayments.com https://payments.toss.im".
 The policy is report-only, so the violation has been logged but no further action has been taken. @ http://localhost:3001/_next/static/chunks/node_modules_next_dist_compiled_react-server-dom-turbopack_0p3wegg._.js:1936
[    1512ms] [INFO] Evaluating a string as JavaScript violates the following Content Security Policy directive because 'unsafe-eval' is not an allowed source of script: "script-src 'self' 'unsafe-inline' https://js.tosspayments.com https://payments.toss.im".
 The policy is report-only, so the violation has been logged but no further action has been taken. @ http://localhost:3001/_next/static/chunks/node_modules_next_dist_compiled_react-server-dom-turbopack_0p3wegg._.js:1936
[    1512ms] [INFO] Evaluating a string as JavaScript violates the following Content Security Policy directive because 'unsafe-eval' is not an allowed source of script: "script-src 'self' 'unsafe-inline' https://js.tosspayments.com https://payments.toss.im".
 The policy is report-only, so the violation has been logged but no further action has been taken. @ http://localhost:3001/_next/static/chunks/node_modules_next_dist_compiled_react-server-dom-turbopack_0p3wegg._.js:1936
[    1512ms] [INFO] Evaluating a string as JavaScript violates the following Content Security Policy directive because 'unsafe-eval' is not an allowed source of script: "script-src 'self' 'unsafe-inline' https://js.tosspayments.com https://payments.toss.im".
 The policy is report-only, so the violation has been logged but no further action has been taken. @ http://localhost:3001/_next/static/chunks/node_modules_next_dist_compiled_react-server-dom-turbopack_0p3wegg._.js:1936
[    1517ms] [INFO] Evaluating a string as JavaScript violates the following Content Security Policy directive because 'unsafe-eval' is not an allowed source of script: "script-src 'self' 'unsafe-inline' https://js.tosspayments.com https://payments.toss.im".
 The policy is report-only, so the violation has been logged but no further action has been taken. @ http://localhost:3001/_next/static/chunks/node_modules_next_dist_compiled_react-server-dom-turbopack_0p3wegg._.js:1936
[    1517ms] [INFO] Evaluating a string as JavaScript violates the following Content Security Policy directive because 'unsafe-eval' is not an allowed source of script: "script-src 'self' 'unsafe-inline' https://js.tosspayments.com https://payments.toss.im".
 The policy is report-only, so the violation has been logged but no further action has been taken. @ http://localhost:3001/_next/static/chunks/node_modules_next_dist_compiled_react-server-dom-turbopack_0p3wegg._.js:1936
[    1517ms] [INFO] Evaluating a string as JavaScript violates the following Content Security Policy directive because 'unsafe-eval' is not an allowed source of script: "script-src 'self' 'unsafe-inline' https://js.tosspayments.com https://payments.toss.im".
 The policy is report-only, so the violation has been logged but no further action has been taken. @ http://localhost:3001/_next/static/chunks/node_modules_next_dist_compiled_react-server-dom-turbopack_0p3wegg._.js:1936
[    1517ms] [INFO] Evaluating a string as JavaScript violates the following Content Security Policy directive because 'unsafe-eval' is not an allowed source of script: "script-src 'self' 'unsafe-inline' https://js.tosspayments.com https://payments.toss.im".
 The policy is report-only, so the violation has been logged but no further action has been taken. @ http://localhost:3001/_next/static/chunks/node_modules_next_dist_compiled_react-server-dom-turbopack_0p3wegg._.js:1936
[    1517ms] [INFO] Evaluating a string as JavaScript violates the following Content Security Policy directive because 'unsafe-eval' is not an allowed source of script: "script-src 'self' 'unsafe-inline' https://js.tosspayments.com https://payments.toss.im".
 The policy is report-only, so the violation has been logged but no further action has been taken. @ http://localhost:3001/_next/static/chunks/node_modules_next_dist_compiled_react-server-dom-turbopack_0p3wegg._.js:1936
[    1518ms] [INFO] Evaluating a string as JavaScript violates the following Content Security Policy directive because 'unsafe-eval' is not an allowed source of script: "script-src 'self' 'unsafe-inline' https://js.tosspayments.com https://payments.toss.im".
 The policy is report-only, so the violation has been logged but no further action has been taken. @ http://localhost:3001/_next/static/chunks/node_modules_next_dist_compiled_react-server-dom-turbopack_0p3wegg._.js:1936
[    1520ms] [INFO] Evaluating a string as JavaScript violates the following Content Security Policy directive because 'unsafe-eval' is not an allowed source of script: "script-src 'self' 'unsafe-inline' https://js.tosspayments.com https://payments.toss.im".
 The policy is report-only, so the violation has been logged but no further action has been taken. @ http://localhost:3001/_next/static/chunks/node_modules_next_dist_compiled_react-server-dom-turbopack_0p3wegg._.js:1936
[    1520ms] [INFO] Evaluating a string as JavaScript violates the following Content Security Policy directive because 'unsafe-eval' is not an allowed source of script: "script-src 'self' 'unsafe-inline' https://js.tosspayments.com https://payments.toss.im".
 The policy is report-only, so the violation has been logged but no further action has been taken. @ http://localhost:3001/_next/static/chunks/node_modules_next_dist_compiled_react-server-dom-turbopack_0p3wegg._.js:1936
[    1548ms] [INFO] Evaluating a string as JavaScript violates the following Content Security Policy directive because 'unsafe-eval' is not an allowed source of script: "script-src 'self' 'unsafe-inline' https://js.tosspayments.com https://payments.toss.im".
 The policy is report-only, so the violation has been logged but no further action has been taken. @ http://localhost:3001/_next/static/chunks/node_modules_next_dist_compiled_react-server-dom-turbopack_0p3wegg._.js:1936
[    1549ms] [INFO] Evaluating a string as JavaScript violates the following Content Security Policy directive because 'unsafe-eval' is not an allowed source of script: "script-src 'self' 'unsafe-inline' https://js.tosspayments.com https://payments.toss.im".
 The policy is report-only, so the violation has been logged but no further action has been taken. @ http://localhost:3001/_next/static/chunks/node_modules_next_dist_compiled_react-server-dom-turbopack_0p3wegg._.js:1936
[    1549ms] [INFO] Evaluating a string as JavaScript violates the following Content Security Policy directive because 'unsafe-eval' is not an allowed source of script: "script-src 'self' 'unsafe-inline' https://js.tosspayments.com https://payments.toss.im".
 The policy is report-only, so the violation has been logged but no further action has been taken. @ http://localhost:3001/_next/static/chunks/node_modules_next_dist_compiled_react-server-dom-turbopack_0p3wegg._.js:1936
[    1549ms] [INFO] Evaluating a string as JavaScript violates the following Content Security Policy directive because 'unsafe-eval' is not an allowed source of script: "script-src 'self' 'unsafe-inline' https://js.tosspayments.com https://payments.toss.im".
 The policy is report-only, so the violation has been logged but no further action has been taken. @ http://localhost:3001/_next/static/chunks/node_modules_next_dist_compiled_react-server-dom-turbopack_0p3wegg._.js:1936
[    1549ms] [INFO] Evaluating a string as JavaScript violates the following Content Security Policy directive because 'unsafe-eval' is not an allowed source of script: "script-src 'self' 'unsafe-inline' https://js.tosspayments.com https://payments.toss.im".
 The policy is report-only, so the violation has been logged but no further action has been taken. @ http://localhost:3001/_next/static/chunks/node_modules_next_dist_compiled_react-server-dom-turbopack_0p3wegg._.js:1936
[    1550ms] [INFO] Evaluating a string as JavaScript violates the following Content Security Policy directive because 'unsafe-eval' is not an allowed source of script: "script-src 'self' 'unsafe-inline' https://js.tosspayments.com https://payments.toss.im".
 The policy is report-only, so the violation has been logged but no further action has been taken. @ http://localhost:3001/_next/static/chunks/node_modules_next_dist_compiled_react-server-dom-turbopack_0p3wegg._.js:1936
[    1550ms] [INFO] Evaluating a string as JavaScript violates the following Content Security Policy directive because 'unsafe-eval' is not an allowed source of script: "script-src 'self' 'unsafe-inline' https://js.tosspayments.com https://payments.toss.im".
 The policy is report-only, so the violation has been logged but no further action has been taken. @ http://localhost:3001/_next/static/chunks/node_modules_next_dist_compiled_react-server-dom-turbopack_0p3wegg._.js:1936
[    1550ms] [INFO] Evaluating a string as JavaScript violates the following Content Security Policy directive because 'unsafe-eval' is not an allowed source of script: "script-src 'self' 'unsafe-inline' https://js.tosspayments.com https://payments.toss.im".
 The policy is report-only, so the violation has been logged but no further action has been taken. @ http://localhost:3001/_next/static/chunks/node_modules_next_dist_compiled_react-server-dom-turbopack_0p3wegg._.js:1936
[    1550ms] [INFO] Evaluating a string as JavaScript violates the following Content Security Policy directive because 'unsafe-eval' is not an allowed source of script: "script-src 'self' 'unsafe-inline' https://js.tosspayments.com https://payments.toss.im".
 The policy is report-only, so the violation has been logged but no further action has been taken. @ http://localhost:3001/_next/static/chunks/node_modules_next_dist_compiled_react-server-dom-turbopack_0p3wegg._.js:1936
[    1550ms] [INFO] Evaluating a string as JavaScript violates the following Content Security Policy directive because 'unsafe-eval' is not an allowed source of script: "script-src 'self' 'unsafe-inline' https://js.tosspayments.com https://payments.toss.im".
 The policy is report-only, so the violation has been logged but no further action has been taken. @ http://localhost:3001/_next/static/chunks/node_modules_next_dist_compiled_react-server-dom-turbopack_0p3wegg._.js:1936
[    1551ms] [INFO] Evaluating a string as JavaScript violates the following Content Security Policy directive because 'unsafe-eval' is not an allowed source of script: "script-src 'self' 'unsafe-inline' https://js.tosspayments.com https://payments.toss.im".
 The policy is report-only, so the violation has been logged but no further action has been taken. @ http://localhost:3001/_next/static/chunks/node_modules_next_dist_compiled_react-server-dom-turbopack_0p3wegg._.js:1936
[    2062ms] [INFO] Evaluating a string as JavaScript violates the following Content Security Policy directive because 'unsafe-eval' is not an allowed source of script: "script-src 'self' 'unsafe-inline' https://js.tosspayments.com https://payments.toss.im".
 The policy is report-only, so the violation has been logged but no further action has been taken. @ http://localhost:3001/_next/static/chunks/node_modules_next_dist_compiled_react-server-dom-turbopack_0p3wegg._.js:1936
[    2062ms] [INFO] Evaluating a string as JavaScript violates the following Content Security Policy directive because 'unsafe-eval' is not an allowed source of script: "script-src 'self' 'unsafe-inline' https://js.tosspayments.com https://payments.toss.im".
 The policy is report-only, so the violation has been logged but no further action has been taken. @ http://localhost:3001/_next/static/chunks/node_modules_next_dist_compiled_react-server-dom-turbopack_0p3wegg._.js:1936
[    2063ms] [INFO] Evaluating a string as JavaScript violates the following Content Security Policy directive because 'unsafe-eval' is not an allowed source of script: "script-src 'self' 'unsafe-inline' https://js.tosspayments.com https://payments.toss.im".
 The policy is report-only, so the violation has been logged but no further action has been taken. @ http://localhost:3001/_next/static/chunks/node_modules_next_dist_compiled_react-server-dom-turbopack_0p3wegg._.js:1936
[    2068ms] [INFO] Evaluating a string as JavaScript violates the following Content Security Policy directive because 'unsafe-eval' is not an allowed source of script: "script-src 'self' 'unsafe-inline' https://js.tosspayments.com https://payments.toss.im".
 The policy is report-only, so the violation has been logged but no further action has been taken. @ http://localhost:3001/_next/static/chunks/node_modules_next_dist_compiled_react-server-dom-turbopack_0p3wegg._.js:1936
[    2119ms] [INFO] Evaluating a string as JavaScript violates the following Content Security Policy directive because 'unsafe-eval' is not an allowed source of script: "script-src 'self' 'unsafe-inline' https://js.tosspayments.com https://payments.toss.im".
 The policy is report-only, so the violation has been logged but no further action has been taken. @ http://localhost:3001/_next/static/chunks/node_modules_next_dist_compiled_react-server-dom-turbopack_0p3wegg._.js:1936
[    2126ms] [INFO] Evaluating a string as JavaScript violates the following Content Security Policy directive because 'unsafe-eval' is not an allowed source of script: "script-src 'self' 'unsafe-inline' https://js.tosspayments.com https://payments.toss.im".
 The policy is report-only, so the violation has been logged but no further action has been taken. @ http://localhost:3001/_next/static/chunks/node_modules_next_dist_compiled_react-server-dom-turbopack_0p3wegg._.js:1936
[    2126ms] [INFO] Evaluating a string as JavaScript violates the following Content Security Policy directive because 'unsafe-eval' is not an allowed source of script: "script-src 'self' 'unsafe-inline' https://js.tosspayments.com https://payments.toss.im".
 The policy is report-only, so the violation has been logged but no further action has been taken. @ http://localhost:3001/_next/static/chunks/node_modules_next_dist_compiled_react-server-dom-turbopack_0p3wegg._.js:1936
[    2127ms] [INFO] Evaluating a string as JavaScript violates the following Content Security Policy directive because 'unsafe-eval' is not an allowed source of script: "script-src 'self' 'unsafe-inline' https://js.tosspayments.com https://payments.toss.im".
 The policy is report-only, so the violation has been logged but no further action has been taken. @ http://localhost:3001/_next/static/chunks/node_modules_next_dist_compiled_react-server-dom-turbopack_0p3wegg._.js:1936
[    2127ms] [INFO] Evaluating a string as JavaScript violates the following Content Security Policy directive because 'unsafe-eval' is not an allowed source of script: "script-src 'self' 'unsafe-inline' https://js.tosspayments.com https://payments.toss.im".
 The policy is report-only, so the violation has been logged but no further action has been taken. @ http://localhost:3001/_next/static/chunks/node_modules_next_dist_compiled_react-server-dom-turbopack_0p3wegg._.js:1936
[    2133ms] [INFO] Evaluating a string as JavaScript violates the following Content Security Policy directive because 'unsafe-eval' is not an allowed source of script: "script-src 'self' 'unsafe-inline' https://js.tosspayments.com https://payments.toss.im".
 The policy is report-only, so the violation has been logged but no further action has been taken. @ http://localhost:3001/_next/static/chunks/node_modules_next_dist_compiled_react-server-dom-turbopack_0p3wegg._.js:1936
[    2133ms] [INFO] Evaluating a string as JavaScript violates the following Content Security Policy directive because 'unsafe-eval' is not an allowed source of script: "script-src 'self' 'unsafe-inline' https://js.tosspayments.com https://payments.toss.im".
 The policy is report-only, so the violation has been logged but no further action has been taken. @ http://localhost:3001/_next/static/chunks/node_modules_next_dist_compiled_react-server-dom-turbopack_0p3wegg._.js:1936
[    2134ms] [INFO] Evaluating a string as JavaScript violates the following Content Security Policy directive because 'unsafe-eval' is not an allowed source of script: "script-src 'self' 'unsafe-inline' https://js.tosspayments.com https://payments.toss.im".
 The policy is report-only, so the violation has been logged but no further action has been taken. @ http://localhost:3001/_next/static/chunks/node_modules_next_dist_compiled_react-server-dom-turbopack_0p3wegg._.js:1936
[    2134ms] [INFO] Evaluating a string as JavaScript violates the following Content Security Policy directive because 'unsafe-eval' is not an allowed source of script: "script-src 'self' 'unsafe-inline' https://js.tosspayments.com https://payments.toss.im".
 The policy is report-only, so the violation has been logged but no further action has been taken. @ http://localhost:3001/_next/static/chunks/node_modules_next_dist_compiled_react-server-dom-turbopack_0p3wegg._.js:1936
[    2135ms] [INFO] Evaluating a string as JavaScript violates the following Content Security Policy directive because 'unsafe-eval' is not an allowed source of script: "script-src 'self' 'unsafe-inline' https://js.tosspayments.com https://payments.toss.im".
 The policy is report-only, so the violation has been logged but no further action has been taken. @ http://localhost:3001/_next/static/chunks/node_modules_next_dist_compiled_react-server-dom-turbopack_0p3wegg._.js:1936
[    2135ms] [INFO] Evaluating a string as JavaScript violates the following Content Security Policy directive because 'unsafe-eval' is not an allowed source of script: "script-src 'self' 'unsafe-inline' https://js.tosspayments.com https://payments.toss.im".
 The policy is report-only, so the violation has been logged but no further action has been taken. @ http://localhost:3001/_next/static/chunks/node_modules_next_dist_compiled_react-server-dom-turbopack_0p3wegg._.js:1936
[    2136ms] [INFO] Evaluating a string as JavaScript violates the following Content Security Policy directive because 'unsafe-eval' is not an allowed source of script: "script-src 'self' 'unsafe-inline' https://js.tosspayments.com https://payments.toss.im".
 The policy is report-only, so the violation has been logged but no further action has been taken. @ http://localhost:3001/_next/static/chunks/node_modules_next_dist_compiled_react-server-dom-turbopack_0p3wegg._.js:1936
[    2136ms] [INFO] Evaluating a string as JavaScript violates the following Content Security Policy directive because 'unsafe-eval' is not an allowed source of script: "script-src 'self' 'unsafe-inline' https://js.tosspayments.com https://payments.toss.im".
 The policy is report-only, so the violation has been logged but no further action has been taken. @ http://localhost:3001/_next/static/chunks/node_modules_next_dist_compiled_react-server-dom-turbopack_0p3wegg._.js:1936
[    2136ms] [INFO] Evaluating a string as JavaScript violates the following Content Security Policy directive because 'unsafe-eval' is not an allowed source of script: "script-src 'self' 'unsafe-inline' https://js.tosspayments.com https://payments.toss.im".
 The policy is report-only, so the violation has been logged but no further action has been taken. @ http://localhost:3001/_next/static/chunks/node_modules_next_dist_compiled_react-server-dom-turbopack_0p3wegg._.js:1936
[    2137ms] [INFO] Evaluating a string as JavaScript violates the following Content Security Policy directive because 'unsafe-eval' is not an allowed source of script: "script-src 'self' 'unsafe-inline' https://js.tosspayments.com https://payments.toss.im".
 The policy is report-only, so the violation has been logged but no further action has been taken. @ http://localhost:3001/_next/static/chunks/node_modules_next_dist_compiled_react-server-dom-turbopack_0p3wegg._.js:1936
[    2137ms] [INFO] Evaluating a string as JavaScript violates the following Content Security Policy directive because 'unsafe-eval' is not an allowed source of script: "script-src 'self' 'unsafe-inline' https://js.tosspayments.com https://payments.toss.im".
 The policy is report-only, so the violation has been logged but no further action has been taken. @ http://localhost:3001/_next/static/chunks/node_modules_next_dist_compiled_react-server-dom-turbopack_0p3wegg._.js:1936
[    2137ms] [INFO] Evaluating a string as JavaScript violates the following Content Security Policy directive because 'unsafe-eval' is not an allowed source of script: "script-src 'self' 'unsafe-inline' https://js.tosspayments.com https://payments.toss.im".
 The policy is report-only, so the violation has been logged but no further action has been taken. @ http://localhost:3001/_next/static/chunks/node_modules_next_dist_compiled_react-server-dom-turbopack_0p3wegg._.js:1936
[    2138ms] [INFO] Evaluating a string as JavaScript violates the following Content Security Policy directive because 'unsafe-eval' is not an allowed source of script: "script-src 'self' 'unsafe-inline' https://js.tosspayments.com https://payments.toss.im".
 The policy is report-only, so the violation has been logged but no further action has been taken. @ http://localhost:3001/_next/static/chunks/node_modules_next_dist_compiled_react-server-dom-turbopack_0p3wegg._.js:1936
[    2138ms] [INFO] Evaluating a string as JavaScript violates the following Content Security Policy directive because 'unsafe-eval' is not an allowed source of script: "script-src 'self' 'unsafe-inline' https://js.tosspayments.com https://payments.toss.im".
 The policy is report-only, so the violation has been logged but no further action has been taken. @ http://localhost:3001/_next/static/chunks/node_modules_next_dist_compiled_react-server-dom-turbopack_0p3wegg._.js:1936
[    2166ms] [INFO] Evaluating a string as JavaScript violates the following Content Security Policy directive because 'unsafe-eval' is not an allowed source of script: "script-src 'self' 'unsafe-inline' https://js.tosspayments.com https://payments.toss.im".
 The policy is report-only, so the violation has been logged but no further action has been taken. @ http://localhost:3001/_next/static/chunks/node_modules_next_dist_compiled_react-server-dom-turbopack_0p3wegg._.js:1936
[    2178ms] [INFO] Evaluating a string as JavaScript violates the following Content Security Policy directive because 'unsafe-eval' is not an allowed source of script: "script-src 'self' 'unsafe-inline' https://js.tosspayments.com https://payments.toss.im".
 The policy is report-only, so the violation has been logged but no further action has been taken. @ http://localhost:3001/_next/static/chunks/node_modules_next_dist_compiled_react-server-dom-turbopack_0p3wegg._.js:463
[    2179ms] [INFO] Evaluating a string as JavaScript violates the following Content Security Policy directive because 'unsafe-eval' is not an allowed source of script: "script-src 'self' 'unsafe-inline' https://js.tosspayments.com https://payments.toss.im".
 The policy is report-only, so the violation has been logged but no further action has been taken. @ http://localhost:3001/_next/static/chunks/node_modules_next_dist_compiled_react-server-dom-turbopack_0p3wegg._.js:1936
[    2179ms] [INFO] Evaluating a string as JavaScript violates the following Content Security Policy directive because 'unsafe-eval' is not an allowed source of script: "script-src 'self' 'unsafe-inline' https://js.tosspayments.com https://payments.toss.im".
 The policy is report-only, so the violation has been logged but no further action has been taken. @ http://localhost:3001/_next/static/chunks/node_modules_next_dist_compiled_react-server-dom-turbopack_0p3wegg._.js:1936
[    2179ms] [INFO] Evaluating a string as JavaScript violates the following Content Security Policy directive because 'unsafe-eval' is not an allowed source of script: "script-src 'self' 'unsafe-inline' https://js.tosspayments.com https://payments.toss.im".
 The policy is report-only, so the violation has been logged but no further action has been taken. @ http://localhost:3001/_next/static/chunks/node_modules_next_dist_compiled_react-server-dom-turbopack_0p3wegg._.js:1936
[    2180ms] [INFO] Evaluating a string as JavaScript violates the following Content Security Policy directive because 'unsafe-eval' is not an allowed source of script: "script-src 'self' 'unsafe-inline' https://js.tosspayments.com https://payments.toss.im".
 The policy is report-only, so the violation has been logged but no further action has been taken. @ http://localhost:3001/_next/static/chunks/node_modules_next_dist_compiled_react-server-dom-turbopack_0p3wegg._.js:1936
[    2180ms] [INFO] Evaluating a string as JavaScript violates the following Content Security Policy directive because 'unsafe-eval' is not an allowed source of script: "script-src 'self' 'unsafe-inline' https://js.tosspayments.com https://payments.toss.im".
 The policy is report-only, so the violation has been logged but no further action has been taken. @ http://localhost:3001/_next/static/chunks/node_modules_next_dist_compiled_react-server-dom-turbopack_0p3wegg._.js:1936
[    2180ms] [INFO] Evaluating a string as JavaScript violates the following Content Security Policy directive because 'unsafe-eval' is not an allowed source of script: "script-src 'self' 'unsafe-inline' https://js.tosspayments.com https://payments.toss.im".
 The policy is report-only, so the violation has been logged but no further action has been taken. @ http://localhost:3001/_next/static/chunks/node_modules_next_dist_compiled_react-server-dom-turbopack_0p3wegg._.js:1936
[    2181ms] [INFO] Evaluating a string as JavaScript violates the following Content Security Policy directive because 'unsafe-eval' is not an allowed source of script: "script-src 'self' 'unsafe-inline' https://js.tosspayments.com https://payments.toss.im".
 The policy is report-only, so the violation has been logged but no further action has been taken. @ http://localhost:3001/_next/static/chunks/node_modules_next_dist_compiled_react-server-dom-turbopack_0p3wegg._.js:1936
[    2208ms] [INFO] Evaluating a string as JavaScript violates the following Content Security Policy directive because 'unsafe-eval' is not an allowed source of script: "script-src 'self' 'unsafe-inline' https://js.tosspayments.com https://payments.toss.im".
 The policy is report-only, so the violation has been logged but no further action has been taken. @ http://localhost:3001/_next/static/chunks/node_modules_next_dist_compiled_react-server-dom-turbopack_0p3wegg._.js:1936
[    2211ms] [INFO] Evaluating a string as JavaScript violates the following Content Security Policy directive because 'unsafe-eval' is not an allowed source of script: "script-src 'self' 'unsafe-inline' https://js.tosspayments.com https://payments.toss.im".
 The policy is report-only, so the violation has been logged but no further action has been taken. @ http://localhost:3001/_next/static/chunks/node_modules_next_dist_compiled_react-server-dom-turbopack_0p3wegg._.js:1936
[    2222ms] [INFO] Evaluating a string as JavaScript violates the following Content Security Policy directive because 'unsafe-eval' is not an allowed source of script: "script-src 'self' 'unsafe-inline' https://js.tosspayments.com https://payments.toss.im".
 The policy is report-only, so the violation has been logged but no further action has been taken. @ http://localhost:3001/_next/static/chunks/node_modules_next_dist_compiled_react-server-dom-turbopack_0p3wegg._.js:1936
[    2223ms] [INFO] Evaluating a string as JavaScript violates the following Content Security Policy directive because 'unsafe-eval' is not an allowed source of script: "script-src 'self' 'unsafe-inline' https://js.tosspayments.com https://payments.toss.im".
 The policy is report-only, so the violation has been logged but no further action has been taken. @ http://localhost:3001/_next/static/chunks/node_modules_next_dist_compiled_react-server-dom-turbopack_0p3wegg._.js:1936
[    2230ms] [INFO] Evaluating a string as JavaScript violates the following Content Security Policy directive because 'unsafe-eval' is not an allowed source of script: "script-src 'self' 'unsafe-inline' https://js.tosspayments.com https://payments.toss.im".
 The policy is report-only, so the violation has been logged but no further action has been taken. @ http://localhost:3001/_next/static/chunks/node_modules_next_dist_compiled_react-server-dom-turbopack_0p3wegg._.js:1936
[    2231ms] [INFO] Evaluating a string as JavaScript violates the following Content Security Policy directive because 'unsafe-eval' is not an allowed source of script: "script-src 'self' 'unsafe-inline' https://js.tosspayments.com https://payments.toss.im".
 The policy is report-only, so the violation has been logged but no further action has been taken. @ http://localhost:3001/_next/static/chunks/node_modules_next_dist_compiled_react-server-dom-turbopack_0p3wegg._.js:1936
[    2231ms] [INFO] Evaluating a string as JavaScript violates the following Content Security Policy directive because 'unsafe-eval' is not an allowed source of script: "script-src 'self' 'unsafe-inline' https://js.tosspayments.com https://payments.toss.im".
 The policy is report-only, so the violation has been logged but no further action has been taken. @ http://localhost:3001/_next/static/chunks/node_modules_next_dist_compiled_react-server-dom-turbopack_0p3wegg._.js:1936
[    2232ms] [INFO] Evaluating a string as JavaScript violates the following Content Security Policy directive because 'unsafe-eval' is not an allowed source of script: "script-src 'self' 'unsafe-inline' https://js.tosspayments.com https://payments.toss.im".
 The policy is report-only, so the violation has been logged but no further action has been taken. @ http://localhost:3001/_next/static/chunks/node_modules_next_dist_compiled_react-server-dom-turbopack_0p3wegg._.js:1936
[    2277ms] [INFO] Evaluating a string as JavaScript violates the following Content Security Policy directive because 'unsafe-eval' is not an allowed source of script: "script-src 'self' 'unsafe-inline' https://js.tosspayments.com https://payments.toss.im".
 The policy is report-only, so the violation has been logged but no further action has been taken. @ http://localhost:3001/_next/static/chunks/node_modules_next_dist_compiled_react-server-dom-turbopack_0p3wegg._.js:1936
[    2277ms] [INFO] Evaluating a string as JavaScript violates the following Content Security Policy directive because 'unsafe-eval' is not an allowed source of script: "script-src 'self' 'unsafe-inline' https://js.tosspayments.com https://payments.toss.im".
 The policy is report-only, so the violation has been logged but no further action has been taken. @ http://localhost:3001/_next/static/chunks/node_modules_next_dist_compiled_react-server-dom-turbopack_0p3wegg._.js:1936
[    2278ms] [INFO] Evaluating a string as JavaScript violates the following Content Security Policy directive because 'unsafe-eval' is not an allowed source of script: "script-src 'self' 'unsafe-inline' https://js.tosspayments.com https://payments.toss.im".
 The policy is report-only, so the violation has been logged but no further action has been taken. @ http://localhost:3001/_next/static/chunks/node_modules_next_dist_compiled_react-server-dom-turbopack_0p3wegg._.js:1936
[    2278ms] [INFO] Evaluating a string as JavaScript violates the following Content Security Policy directive because 'unsafe-eval' is not an allowed source of script: "script-src 'self' 'unsafe-inline' https://js.tosspayments.com https://payments.toss.im".
 The policy is report-only, so the violation has been logged but no further action has been taken. @ http://localhost:3001/_next/static/chunks/node_modules_next_dist_compiled_react-server-dom-turbopack_0p3wegg._.js:1936
[    2278ms] [INFO] Evaluating a string as JavaScript violates the following Content Security Policy directive because 'unsafe-eval' is not an allowed source of script: "script-src 'self' 'unsafe-inline' https://js.tosspayments.com https://payments.toss.im".
 The policy is report-only, so the violation has been logged but no further action has been taken. @ http://localhost:3001/_next/static/chunks/node_modules_next_dist_compiled_react-server-dom-turbopack_0p3wegg._.js:1936
[    2507ms] [INFO] Evaluating a string as JavaScript violates the following Content Security Policy directive because 'unsafe-eval' is not an allowed source of script: "script-src 'self' 'unsafe-inline' https://js.tosspayments.com https://payments.toss.im".
 The policy is report-only, so the violation has been logged but no further action has been taken. @ http://localhost:3001/_next/static/chunks/node_modules_next_dist_compiled_react-server-dom-turbopack_0p3wegg._.js:1936
[    2509ms] [INFO] Evaluating a string as JavaScript violates the following Content Security Policy directive because 'unsafe-eval' is not an allowed source of script: "script-src 'self' 'unsafe-inline' https://js.tosspayments.com https://payments.toss.im".
 The policy is report-only, so the violation has been logged but no further action has been taken. @ http://localhost:3001/_next/static/chunks/node_modules_next_dist_compiled_react-server-dom-turbopack_0p3wegg._.js:1936
[    2509ms] [INFO] Evaluating a string as JavaScript violates the following Content Security Policy directive because 'unsafe-eval' is not an allowed source of script: "script-src 'self' 'unsafe-inline' https://js.tosspayments.com https://payments.toss.im".
 The policy is report-only, so the violation has been logged but no further action has been taken. @ http://localhost:3001/_next/static/chunks/node_modules_next_dist_compiled_react-server-dom-turbopack_0p3wegg._.js:1936
[    2510ms] [INFO] Evaluating a string as JavaScript violates the following Content Security Policy directive because 'unsafe-eval' is not an allowed source of script: "script-src 'self' 'unsafe-inline' https://js.tosspayments.com https://payments.toss.im".
 The policy is report-only, so the violation has been logged but no further action has been taken. @ http://localhost:3001/_next/static/chunks/node_modules_next_dist_compiled_react-server-dom-turbopack_0p3wegg._.js:1936
[    2510ms] [INFO] Evaluating a string as JavaScript violates the following Content Security Policy directive because 'unsafe-eval' is not an allowed source of script: "script-src 'self' 'unsafe-inline' https://js.tosspayments.com https://payments.toss.im".
 The policy is report-only, so the violation has been logged but no further action has been taken. @ http://localhost:3001/_next/static/chunks/node_modules_next_dist_compiled_react-server-dom-turbopack_0p3wegg._.js:1936
[    2512ms] [INFO] Evaluating a string as JavaScript violates the following Content Security Policy directive because 'unsafe-eval' is not an allowed source of script: "script-src 'self' 'unsafe-inline' https://js.tosspayments.com https://payments.toss.im".
 The policy is report-only, so the violation has been logged but no further action has been taken. @ http://localhost:3001/_next/static/chunks/node_modules_next_dist_compiled_react-server-dom-turbopack_0p3wegg._.js:1936
[    2512ms] [INFO] Evaluating a string as JavaScript violates the following Content Security Policy directive because 'unsafe-eval' is not an allowed source of script: "script-src 'self' 'unsafe-inline' https://js.tosspayments.com https://payments.toss.im".
 The policy is report-only, so the violation has been logged but no further action has been taken. @ http://localhost:3001/_next/static/chunks/node_modules_next_dist_compiled_react-server-dom-turbopack_0p3wegg._.js:1936
[    2513ms] [INFO] Evaluating a string as JavaScript violates the following Content Security Policy directive because 'unsafe-eval' is not an allowed source of script: "script-src 'self' 'unsafe-inline' https://js.tosspayments.com https://payments.toss.im".
 The policy is report-only, so the violation has been logged but no further action has been taken. @ http://localhost:3001/_next/static/chunks/node_modules_next_dist_compiled_react-server-dom-turbopack_0p3wegg._.js:1936
[    2514ms] [INFO] Evaluating a string as JavaScript violates the following Content Security Policy directive because 'unsafe-eval' is not an allowed source of script: "script-src 'self' 'unsafe-inline' https://js.tosspayments.com https://payments.toss.im".
 The policy is report-only, so the violation has been logged but no further action has been taken. @ http://localhost:3001/_next/static/chunks/node_modules_next_dist_compiled_react-server-dom-turbopack_0p3wegg._.js:1936
[    2514ms] [INFO] Evaluating a string as JavaScript violates the following Content Security Policy directive because 'unsafe-eval' is not an allowed source of script: "script-src 'self' 'unsafe-inline' https://js.tosspayments.com https://payments.toss.im".
 The policy is report-only, so the violation has been logged but no further action has been taken. @ http://localhost:3001/_next/static/chunks/node_modules_next_dist_compiled_react-server-dom-turbopack_0p3wegg._.js:1936
[    2522ms] [INFO] Evaluating a string as JavaScript violates the following Content Security Policy directive because 'unsafe-eval' is not an allowed source of script: "script-src 'self' 'unsafe-inline' https://js.tosspayments.com https://payments.toss.im".
 The policy is report-only, so the violation has been logged but no further action has been taken. @ http://localhost:3001/_next/static/chunks/node_modules_next_dist_compiled_react-server-dom-turbopack_0p3wegg._.js:1936
[    2533ms] [INFO] Evaluating a string as JavaScript violates the following Content Security Policy directive because 'unsafe-eval' is not an allowed source of script: "script-src 'self' 'unsafe-inline' https://js.tosspayments.com https://payments.toss.im".
 The policy is report-only, so the violation has been logged but no further action has been taken. @ http://localhost:3001/_next/static/chunks/node_modules_next_dist_compiled_react-server-dom-turbopack_0p3wegg._.js:1936
[    2555ms] [INFO] Evaluating a string as JavaScript violates the following Content Security Policy directive because 'unsafe-eval' is not an allowed source of script: "script-src 'self' 'unsafe-inline' https://js.tosspayments.com https://payments.toss.im".
 The policy is report-only, so the violation has been logged but no further action has been taken. @ http://localhost:3001/_next/static/chunks/node_modules_next_dist_compiled_react-server-dom-turbopack_0p3wegg._.js:1936
[    2555ms] [INFO] Evaluating a string as JavaScript violates the following Content Security Policy directive because 'unsafe-eval' is not an allowed source of script: "script-src 'self' 'unsafe-inline' https://js.tosspayments.com https://payments.toss.im".
 The policy is report-only, so the violation has been logged but no further action has been taken. @ http://localhost:3001/_next/static/chunks/node_modules_next_dist_compiled_react-server-dom-turbopack_0p3wegg._.js:1936
[    2556ms] [INFO] Evaluating a string as JavaScript violates the following Content Security Policy directive because 'unsafe-eval' is not an allowed source of script: "script-src 'self' 'unsafe-inline' https://js.tosspayments.com https://payments.toss.im".
 The policy is report-only, so the violation has been logged but no further action has been taken. @ http://localhost:3001/_next/static/chunks/node_modules_next_dist_compiled_react-server-dom-turbopack_0p3wegg._.js:1936
[    2556ms] [INFO] Evaluating a string as JavaScript violates the following Content Security Policy directive because 'unsafe-eval' is not an allowed source of script: "script-src 'self' 'unsafe-inline' https://js.tosspayments.com https://payments.toss.im".
 The policy is report-only, so the violation has been logged but no further action has been taken. @ http://localhost:3001/_next/static/chunks/node_modules_next_dist_compiled_react-server-dom-turbopack_0p3wegg._.js:1936
[    2556ms] [INFO] Evaluating a string as JavaScript violates the following Content Security Policy directive because 'unsafe-eval' is not an allowed source of script: "script-src 'self' 'unsafe-inline' https://js.tosspayments.com https://payments.toss.im".
 The policy is report-only, so the violation has been logged but no further action has been taken. @ http://localhost:3001/_next/static/chunks/node_modules_next_dist_compiled_react-server-dom-turbopack_0p3wegg._.js:1936
[    2556ms] [INFO] Evaluating a string as JavaScript violates the following Content Security Policy directive because 'unsafe-eval' is not an allowed source of script: "script-src 'self' 'unsafe-inline' https://js.tosspayments.com https://payments.toss.im".
 The policy is report-only, so the violation has been logged but no further action has been taken. @ http://localhost:3001/_next/static/chunks/node_modules_next_dist_compiled_react-server-dom-turbopack_0p3wegg._.js:1936
[    2557ms] [INFO] Evaluating a string as JavaScript violates the following Content Security Policy directive because 'unsafe-eval' is not an allowed source of script: "script-src 'self' 'unsafe-inline' https://js.tosspayments.com https://payments.toss.im".
 The policy is report-only, so the violation has been logged but no further action has been taken. @ http://localhost:3001/_next/static/chunks/node_modules_next_dist_compiled_react-server-dom-turbopack_0p3wegg._.js:1936
[    2557ms] [INFO] Evaluating a string as JavaScript violates the following Content Security Policy directive because 'unsafe-eval' is not an allowed source of script: "script-src 'self' 'unsafe-inline' https://js.tosspayments.com https://payments.toss.im".
 The policy is report-only, so the violation has been logged but no further action has been taken. @ http://localhost:3001/_next/static/chunks/node_modules_next_dist_compiled_react-server-dom-turbopack_0p3wegg._.js:1936
[    2557ms] [INFO] Evaluating a string as JavaScript violates the following Content Security Policy directive because 'unsafe-eval' is not an allowed source of script: "script-src 'self' 'unsafe-inline' https://js.tosspayments.com https://payments.toss.im".
 The policy is report-only, so the violation has been logged but no further action has been taken. @ http://localhost:3001/_next/static/chunks/node_modules_next_dist_compiled_react-server-dom-turbopack_0p3wegg._.js:1936
[    2558ms] [INFO] Evaluating a string as JavaScript violates the following Content Security Policy directive because 'unsafe-eval' is not an allowed source of script: "script-src 'self' 'unsafe-inline' https://js.tosspayments.com https://payments.toss.im".
 The policy is report-only, so the violation has been logged but no further action has been taken. @ http://localhost:3001/_next/static/chunks/node_modules_next_dist_compiled_react-server-dom-turbopack_0p3wegg._.js:1936
[    2558ms] [INFO] Evaluating a string as JavaScript violates the following Content Security Policy directive because 'unsafe-eval' is not an allowed source of script: "script-src 'self' 'unsafe-inline' https://js.tosspayments.com https://payments.toss.im".
 The policy is report-only, so the violation has been logged but no further action has been taken. @ http://localhost:3001/_next/static/chunks/node_modules_next_dist_compiled_react-server-dom-turbopack_0p3wegg._.js:1936
[    2558ms] [INFO] Evaluating a string as JavaScript violates the following Content Security Policy directive because 'unsafe-eval' is not an allowed source of script: "script-src 'self' 'unsafe-inline' https://js.tosspayments.com https://payments.toss.im".
 The policy is report-only, so the violation has been logged but no further action has been taken. @ http://localhost:3001/_next/static/chunks/node_modules_next_dist_compiled_react-server-dom-turbopack_0p3wegg._.js:1936
[    2559ms] [INFO] Evaluating a string as JavaScript violates the following Content Security Policy directive because 'unsafe-eval' is not an allowed source of script: "script-src 'self' 'unsafe-inline' https://js.tosspayments.com https://payments.toss.im".
 The policy is report-only, so the violation has been logged but no further action has been taken. @ http://localhost:3001/_next/static/chunks/node_modules_next_dist_compiled_react-server-dom-turbopack_0p3wegg._.js:1936
[    2559ms] [INFO] Evaluating a string as JavaScript violates the following Content Security Policy directive because 'unsafe-eval' is not an allowed source of script: "script-src 'self' 'unsafe-inline' https://js.tosspayments.com https://payments.toss.im".
 The policy is report-only, so the violation has been logged but no further action has been taken. @ http://localhost:3001/_next/static/chunks/node_modules_next_dist_compiled_react-server-dom-turbopack_0p3wegg._.js:1936
[    2560ms] [INFO] Evaluating a string as JavaScript violates the following Content Security Policy directive because 'unsafe-eval' is not an allowed source of script: "script-src 'self' 'unsafe-inline' https://js.tosspayments.com https://payments.toss.im".
 The policy is report-only, so the violation has been logged but no further action has been taken. @ http://localhost:3001/_next/static/chunks/node_modules_next_dist_compiled_react-server-dom-turbopack_0p3wegg._.js:1936
[    2560ms] [INFO] Evaluating a string as JavaScript violates the following Content Security Policy directive because 'unsafe-eval' is not an allowed source of script: "script-src 'self' 'unsafe-inline' https://js.tosspayments.com https://payments.toss.im".
 The policy is report-only, so the violation has been logged but no further action has been taken. @ http://localhost:3001/_next/static/chunks/node_modules_next_dist_compiled_react-server-dom-turbopack_0p3wegg._.js:1936
[    2560ms] [INFO] Evaluating a string as JavaScript violates the following Content Security Policy directive because 'unsafe-eval' is not an allowed source of script: "script-src 'self' 'unsafe-inline' https://js.tosspayments.com https://payments.toss.im".
 The policy is report-only, so the violation has been logged but no further action has been taken. @ http://localhost:3001/_next/static/chunks/node_modules_next_dist_compiled_react-server-dom-turbopack_0p3wegg._.js:1936
[    2561ms] [INFO] Evaluating a string as JavaScript violates the following Content Security Policy directive because 'unsafe-eval' is not an allowed source of script: "script-src 'self' 'unsafe-inline' https://js.tosspayments.com https://payments.toss.im".
 The policy is report-only, so the violation has been logged but no further action has been taken. @ http://localhost:3001/_next/static/chunks/node_modules_next_dist_compiled_react-server-dom-turbopack_0p3wegg._.js:1936
[    2572ms] [ERROR] A tree hydrated but some attributes of the server rendered HTML didn't match the client properties. This won't be patched up. This can happen if a SSR-ed Client Component used:

- A server/client branch `if (typeof window !== 'undefined')`.
- Variable input such as `Date.now()` or `Math.random()` which changes each time it's called.
- Date formatting in a user's locale which doesn't match the server.
- External changing data without sending a snapshot of it along with the HTML.
- Invalid HTML tag nesting.

It can also happen if the client has a browser extension installed which messes with the HTML before React loaded.

%s%s https://react.dev/link/hydration-mismatch 

  ...
    <HotReload globalError={[...]} webSocket={WebSocket} staticIndicatorState={{pathname:null, ...}}>
      <AppDevOverlayErrorBoundary globalError={[...]}>
        <ReplaySsrOnlyErrors>
        <DevRootHTTPAccessFallbackBoundary>
          <HTTPAccessFallbackBoundary notFound={<NotAllowedRootHTTPFallbackError>}>
            <HTTPAccessFallbackErrorBoundary pathname="/donor/rec..." notFound={<NotAllowedRootHTTPFallbackError>} ...>
              <RedirectBoundary>
                <RedirectErrorBoundary router={{...}}>
                  <Head>
                  <__next_root_layout_boundary__>
                    <SegmentViewNode type="layout" pagePath="layout.tsx">
                      <SegmentTrieNode>
                      <link>
                      <script>
                      <script>
                      <RootLayout>
                        <html
                          lang="ko"
-                         data-theme="light"
                        >
                  ...
 @ http://localhost:3001/_next/static/chunks/node_modules_next_dist_115brz8._.js:3272
